#
# There is insufficient memory for the Java Runtime Environment to continue.
# Native memory allocation (malloc) failed to allocate 298472 bytes. Error detail: Chunk::new
# Possible reasons:
#   The system is out of physical RAM or swap space
#   This process is running with CompressedOops enabled, and the Java Heap may be blocking the growth of the native heap
# Possible solutions:
#   Reduce memory load on the system
#   Increase physical memory or swap space
#   Check if swap backing store is full
#   Decrease Java heap size (-Xmx/-Xms)
#   Decrease number of Java threads
#   Decrease Java thread stack sizes (-Xss)
#   Set larger code cache with -XX:ReservedCodeCacheSize=
#   JVM is running with Unscaled Compressed Oops mode in which the Java heap is
#     placed in the first 4GB address space. The Java Heap base address is the
#     maximum limit for the native heap growth. Please use -XX:HeapBaseMinAddress
#     to set the Java Heap base and to place the Java Heap above 4GB virtual address.
# This output file may be truncated or incomplete.
#
#  Out of Memory Error (arena.cpp:168), pid=20684, tid=12196
#
# JRE version: OpenJDK Runtime Environment JBR-21.0.3+13-509.11-jcef (21.0.3+13) (build 21.0.3+13-b509.11)
# Java VM: OpenJDK 64-Bit Server VM JBR-21.0.3+13-509.11-jcef (21.0.3+13-b509.11, mixed mode, tiered, compressed oops, compressed class ptrs, g1 gc, windows-amd64)
# No core dump will be written. Minidumps are not enabled by default on client versions of Windows
#

---------------  S U M M A R Y ------------

Command Line: -Djava.rmi.server.hostname=127.0.0.1 -Duser.timezone=UTC -Xmx2048m -Xms128m -Djdbc.classpath=D:\IntelliJ IDEA 2024.2.1\plugins\DatabaseTools\lib\jdbc-console.jar;C:\Users\86139\AppData\Roaming\JetBrains\IntelliJIdea2024.2\jdbc-drivers\MySQL ConnectorJ\8.2.0\com\mysql\mysql-connector-j\8.2.0\mysql-connector-j-8.2.0.jar;C:\Users\86139\AppData\Roaming\JetBrains\IntelliJIdea2024.2\jdbc-drivers\MySQL ConnectorJ\8.2.0\com\google\protobuf\protobuf-java\3.21.9\protobuf-java-3.21.9.jar --add-exports=java.desktop/sun.awt=ALL-UNNAMED --add-exports=java.desktop/java.awt.peer=ALL-UNNAMED --add-opens=java.desktop/java.awt=ALL-UNNAMED --add-opens=jdk.unsupported/sun.misc=ALL-UNNAMED --add-opens=java.base/java.nio=ALL-UNNAMED --add-opens=java.base/java.util=ALL-UNNAMED -Dfile.encoding=UTF-8 -Dsun.stdout.encoding=UTF-8 -Dsun.stderr.encoding=UTF-8 com.intellij.database.remote.RemoteJdbcServer com.mysql.cj.jdbc.Driver

Host: 11th Gen Intel(R) Core(TM) i5-1155G7 @ 2.50GHz, 8 cores, 15G,  Windows 11 , 64 bit Build 22621 (10.0.22621.4830)
Time: Sat Mar  1 22:18:12 2025  Windows 11 , 64 bit Build 22621 (10.0.22621.4830) elapsed time: 1.653024 seconds (0d 0h 0m 1s)

---------------  T H R E A D  ---------------

Current thread (0x0000027cfd40a4b0):  JavaThread "RMI TCP Connection(4)-127.0.0.1" daemon [_thread_in_vm, id=12196, stack(0x000000b65cb00000,0x000000b65cc00000) (1024K)]

Stack: [0x000000b65cb00000,0x000000b65cc00000]
Native frames: (J=compiled Java code, j=interpreted, Vv=VM code, C=native code)
V  [jvm.dll+0x6e02f9]
V  [jvm.dll+0x8bd383]
V  [jvm.dll+0x8bf8de]
V  [jvm.dll+0x8bffc3]
V  [jvm.dll+0x2879c6]
V  [jvm.dll+0xc60ad]
V  [jvm.dll+0xc65e3]
V  [jvm.dll+0x22537a]
V  [jvm.dll+0x2241d2]
V  [jvm.dll+0x834541]
V  [jvm.dll+0x835602]
V  [jvm.dll+0x835baf]
V  [jvm.dll+0x835858]
V  [jvm.dll+0x482da4]
C  [java.dll+0x13e9]

Java frames: (J=compiled Java code, j=interpreted, Vv=VM code)
J 1140  java.lang.Class.forName0(Ljava/lang/String;ZLjava/lang/ClassLoader;Ljava/lang/Class;)Ljava/lang/Class; java.base@21.0.3 (0 bytes) @ 0x0000027ceb59ba57 [0x0000027ceb59b9c0+0x0000000000000097]
J 1142 c1 java.lang.Class.forName(Ljava/lang/String;ZLjava/lang/ClassLoader;Ljava/lang/Class;)Ljava/lang/Class; java.base@21.0.3 (41 bytes) @ 0x0000027ce3c3be3c [0x0000027ce3c3bd40+0x00000000000000fc]
J 1141 c1 java.lang.Class.forName(Ljava/lang/String;ZLjava/lang/ClassLoader;)Ljava/lang/Class; java.base@21.0.3 (24 bytes) @ 0x0000027ce3c3b96c [0x0000027ce3c3b860+0x000000000000010c]
j  sun.nio.cs.StandardCharsets.lookup(Ljava/lang/String;)Ljava/nio/charset/Charset;+122 java.base@21.0.3
j  sun.nio.cs.StandardCharsets.charsetForName(Ljava/lang/String;)Ljava/nio/charset/Charset;+6 java.base@21.0.3
j  java.nio.charset.Charset.lookup2(Ljava/lang/String;)Ljava/nio/charset/Charset;+39 java.base@21.0.3
j  java.nio.charset.Charset.lookup(Ljava/lang/String;)Ljava/nio/charset/Charset;+40 java.base@21.0.3
j  java.nio.charset.Charset.forName(Ljava/lang/String;)Ljava/nio/charset/Charset;+1 java.base@21.0.3
j  com.mysql.cj.MysqlCharset.<init>(Ljava/lang/String;II[Ljava/lang/String;Lcom/mysql/cj/ServerVersion;)V+61
j  com.mysql.cj.CharsetMapping.<clinit>()V+247
v  ~StubRoutines::call_stub 0x0000027ceaf910e7
j  com.mysql.cj.protocol.a.NativeProtocol.beforeHandshake()V+28
j  com.mysql.cj.protocol.a.NativeProtocol.connect(Ljava/lang/String;Ljava/lang/String;Ljava/lang/String;)V+1
j  com.mysql.cj.NativeSession.connect(Lcom/mysql/cj/conf/HostInfo;Ljava/lang/String;Ljava/lang/String;Ljava/lang/String;ILcom/mysql/cj/TransactionEventHandler;)V+110
j  com.mysql.cj.jdbc.ConnectionImpl.connectOneTryOnly(Z)V+32
j  com.mysql.cj.jdbc.ConnectionImpl.createNewIO(Z)V+27
j  com.mysql.cj.jdbc.ConnectionImpl.<init>(Lcom/mysql/cj/conf/HostInfo;)V+753
j  com.mysql.cj.jdbc.ConnectionImpl.getInstance(Lcom/mysql/cj/conf/HostInfo;)Lcom/mysql/cj/jdbc/JdbcConnection;+5
j  com.mysql.cj.jdbc.NonRegisteringDriver.connect(Ljava/lang/String;Ljava/util/Properties;)Ljava/sql/Connection;+72
j  com.intellij.database.remote.jdbc.helpers.JdbcHelperImpl.connect(Ljava/sql/Driver;Ljava/lang/String;Ljava/util/Properties;Ljava/util/Map;)Ljava/sql/Connection;+254
j  com.intellij.database.remote.jdbc.helpers.MysqlBaseJdbcHelper.connect(Ljava/sql/Driver;Ljava/lang/String;Ljava/util/Properties;Ljava/util/Map;)Ljava/sql/Connection;+41
j  com.intellij.database.remote.jdbc.impl.RemoteDriverImpl.connect(Ljava/lang/String;Ljava/util/Properties;Ljava/util/Map;)Lcom/intellij/database/remote/jdbc/RemoteConnection;+57
j  java.lang.invoke.LambdaForm$DMH+0x0000000100197800.invokeInterface(Ljava/lang/Object;Ljava/lang/Object;Ljava/lang/Object;Ljava/lang/Object;Ljava/lang/Object;)Ljava/lang/Object;+29 java.base@21.0.3
j  java.lang.invoke.LambdaForm$MH+0x0000000100198800.invoke(Ljava/lang/Object;Ljava/lang/Object;Ljava/lang/Object;Ljava/lang/Object;Ljava/lang/Object;)Ljava/lang/Object;+93 java.base@21.0.3
j  java.lang.invoke.LambdaForm$MH+0x0000000100198c00.invokeExact_MT(Ljava/lang/Object;Ljava/lang/Object;Ljava/lang/Object;Ljava/lang/Object;Ljava/lang/Object;Ljava/lang/Object;)Ljava/lang/Object;+24 java.base@21.0.3
j  jdk.internal.reflect.DirectMethodHandleAccessor.invokeImpl(Ljava/lang/Object;[Ljava/lang/Object;)Ljava/lang/Object;+92 java.base@21.0.3
j  jdk.internal.reflect.DirectMethodHandleAccessor.invoke(Ljava/lang/Object;[Ljava/lang/Object;)Ljava/lang/Object;+23 java.base@21.0.3
j  java.lang.reflect.Method.invoke(Ljava/lang/Object;[Ljava/lang/Object;)Ljava/lang/Object;+102 java.base@21.0.3
j  sun.rmi.server.UnicastServerRef.dispatch(Ljava/rmi/Remote;Ljava/rmi/server/RemoteCall;)V+264 java.rmi@21.0.3
j  sun.rmi.transport.Transport$1.run()Ljava/lang/Void;+23 java.rmi@21.0.3
j  sun.rmi.transport.Transport$1.run()Ljava/lang/Object;+1 java.rmi@21.0.3
j  java.security.AccessController.executePrivileged(Ljava/security/PrivilegedExceptionAction;Ljava/security/AccessControlContext;Ljava/lang/Class;)Ljava/lang/Object;+29 java.base@21.0.3
j  java.security.AccessController.doPrivileged(Ljava/security/PrivilegedExceptionAction;Ljava/security/AccessControlContext;)Ljava/lang/Object;+13 java.base@21.0.3
j  sun.rmi.transport.Transport.serviceCall(Ljava/rmi/server/RemoteCall;)Z+164 java.rmi@21.0.3
j  sun.rmi.transport.tcp.TCPTransport.handleMessages(Lsun/rmi/transport/Connection;Z)V+145 java.rmi@21.0.3
j  sun.rmi.transport.tcp.TCPTransport$ConnectionHandler.run0()V+522 java.rmi@21.0.3
j  sun.rmi.transport.tcp.TCPTransport$ConnectionHandler.lambda$run$0()Ljava/lang/Void;+1 java.rmi@21.0.3
j  sun.rmi.transport.tcp.TCPTransport$ConnectionHandler$$Lambda+0x000000010012bce8.run()Ljava/lang/Object;+4 java.rmi@21.0.3
J 885 c1 java.security.AccessController.executePrivileged(Ljava/security/PrivilegedAction;Ljava/security/AccessControlContext;Ljava/lang/Class;)Ljava/lang/Object; java.base@21.0.3 (65 bytes) @ 0x0000027ce3bd39c4 [0x0000027ce3bd3860+0x0000000000000164]
j  java.security.AccessController.doPrivileged(Ljava/security/PrivilegedAction;Ljava/security/AccessControlContext;)Ljava/lang/Object;+13 java.base@21.0.3
j  sun.rmi.transport.tcp.TCPTransport$ConnectionHandler.run()V+37 java.rmi@21.0.3
j  java.util.concurrent.ThreadPoolExecutor.runWorker(Ljava/util/concurrent/ThreadPoolExecutor$Worker;)V+92 java.base@21.0.3
j  java.util.concurrent.ThreadPoolExecutor$Worker.run()V+5 java.base@21.0.3
j  java.lang.Thread.runWith(Ljava/lang/Object;Ljava/lang/Runnable;)V+5 java.base@21.0.3
j  java.lang.Thread.run()V+19 java.base@21.0.3
v  ~StubRoutines::call_stub 0x0000027ceaf910e7

Compiled method (n/a)    1687 1140     n 0       java.lang.Class::forName0 (native)
 total in heap  [0x0000027ceb59b810,0x0000027ceb59bf38] = 1832
 relocation     [0x0000027ceb59b970,0x0000027ceb59b9b0] = 64
 main code      [0x0000027ceb59b9c0,0x0000027ceb59bf35] = 1397
 stub code      [0x0000027ceb59bf35,0x0000027ceb59bf38] = 3

[Constant Pool (empty)]

[MachCode]
[Entry Point]
  # {method} {0x0000027cf9019a90} 'forName0' '(Ljava/lang/String;ZLjava/lang/ClassLoader;Ljava/lang/Class;)Ljava/lang/Class;' in 'java/lang/Class'
  # parm0:    rdx:rdx   = 'java/lang/String'
  # parm1:    r8        = boolean
  # parm2:    r9:r9     = 'java/lang/ClassLoader'
  # parm3:    rdi:rdi   = 'java/lang/Class'
  #           [sp+0x80]  (sp of caller)
  0x0000027ceb59b9c0: 448b 5208 | 49c1 e203 | 493b c20f | 8407 0000 

  0x0000027ceb59b9d0: ;   {runtime_call ic_miss_stub}
  0x0000027ceb59b9d0: 00e9 aa2f | a4ff 6690 
[Verified Entry Point]
  0x0000027ceb59b9d8: 8984 2400 | 80ff ff55 | 488b ec48 | 83ec 7090 | 4181 7f20 | 0100 0000 

  0x0000027ceb59b9f0: ;   {runtime_call StubRoutines (final stubs)}
  0x0000027ceb59b9f0: 7405 e849 | ada2 ff48 | 897c 2448 | 4883 ff00 | 488d 4424 | 4848 0f44 | 4424 4848 | 8944 2428 
  0x0000027ceb59ba10: 4c89 4c24 | 4049 83f9 | 0048 8d44 | 2440 480f | 4444 2440 | 4889 4424 | 204d 8bc8 | 4889 5424 
  0x0000027ceb59ba30: 3048 83fa | 004c 8d44 | 2430 4c0f | 4444 2430 

  0x0000027ceb59ba40: ;   {oop(a 'java/lang/Class'{0x0000000086738550} = 'java/lang/Class')}
  0x0000027ceb59ba40: 49be 5085 | 7386 0000 | 0000 4c89 | 7424 604c | 8d74 2460 | 498b d6c5 

  0x0000027ceb59ba58: ;   {internal_word}
  0x0000027ceb59ba58: f877 49ba | 57ba 59eb | 7c02 0000 | 4d89 97a0 | 0300 0049 | 89a7 9803 

  0x0000027ceb59ba70: ;   {external_word}
  0x0000027ceb59ba70: 0000 49ba | 768c cc6f | fb7f 0000 | 4180 3a00 | 0f84 4e00 | 0000 5241 

  0x0000027ceb59ba88: ;   {metadata({method} {0x0000027cf9019a90} 'forName0' '(Ljava/lang/String;ZLjava/lang/ClassLoader;Ljava/lang/Class;)Ljava/lang/Class;' in 'java/lang/Class')}
  0x0000027ceb59ba88: 5041 5148 | ba88 9a01 | f97c 0200 | 0049 8bcf | 4883 ec20 | 40f6 c40f | 0f84 1900 | 0000 4883 
  0x0000027ceb59baa8: ;   {runtime_call}
  0x0000027ceb59baa8: ec08 48b8 | 8075 766f | fb7f 0000 | ffd0 4883 | c408 e90c 

  0x0000027ceb59babc: ;   {runtime_call}
  0x0000027ceb59babc: 0000 0048 | b880 7576 | 6ffb 7f00 | 00ff d048 | 83c4 2041 | 5941 585a | 498d 8fb8 | 0300 0041 
  0x0000027ceb59badc: c787 4c04 | 0000 0400 

  0x0000027ceb59bae4: ;   {runtime_call}
  0x0000027ceb59bae4: 0000 48b8 | d412 64e5 | fb7f 0000 | ffd0 c5f8 | 7741 c787 | 4c04 0000 | 0500 0000 | f083 4424 
  0x0000027ceb59bb04: c000 493b | af50 0400 | 000f 870e | 0000 0041 | 83bf 4804 | 0000 000f | 842b 0000 | 00c5 f877 
  0x0000027ceb59bb24: 4889 45f8 | 498b cf4c | 8be4 4883 | ec20 4883 

  0x0000027ceb59bb34: ;   {runtime_call}
  0x0000027ceb59bb34: e4f0 48b8 | 007d 416f | fb7f 0000 | ffd0 498b | e44d 33e4 | 488b 45f8 | 41c7 874c | 0400 0008 
  0x0000027ceb59bb54: 0000 0041 | 83bf c804 | 0000 020f | 84a3 0300 

  0x0000027ceb59bb64: ;   {external_word}
  0x0000027ceb59bb64: 0049 ba76 | 8ccc 6ffb | 7f00 0041 | 803a 000f | 844c 0000 | 0048 8945 

  0x0000027ceb59bb7c: ;   {metadata({method} {0x0000027cf9019a90} 'forName0' '(Ljava/lang/String;ZLjava/lang/ClassLoader;Ljava/lang/Class;)Ljava/lang/Class;' in 'java/lang/Class')}
  0x0000027ceb59bb7c: f848 ba88 | 9a01 f97c | 0200 0049 | 8bcf 4883 | ec20 40f6 | c40f 0f84 | 1900 0000 | 4883 ec08 
  0x0000027ceb59bb9c: ;   {runtime_call}
  0x0000027ceb59bb9c: 48b8 8075 | 766f fb7f | 0000 ffd0 | 4883 c408 | e90c 0000 

  0x0000027ceb59bbb0: ;   {runtime_call}
  0x0000027ceb59bbb0: 0048 b880 | 7576 6ffb | 7f00 00ff | d048 83c4 | 2048 8b45 | f849 c787 | 9803 0000 | 0000 0000 
  0x0000027ceb59bbd0: 49c7 87a0 | 0300 0000 | 0000 00c5 | f877 4885 | c00f 84fe | 0200 00a8 | 030f 8508 | 0000 0048 
  0x0000027ceb59bbf0: 8b00 e9ee | 0200 00a8 | 010f 8509 | 0000 0048 | 8b40 fee9 | dd02 0000 | 488b 40ff | 4180 7f40 
  0x0000027ceb59bc10: 000f 84ce | 0200 0048 | 83f8 000f | 84c4 0200 | 0049 8b4f | 2848 83f9 | 000f 8414 | 0000 0048 
  0x0000027ceb59bc30: 83e9 0849 | 894f 2849 | 034f 3848 | 8901 e9a2 | 0200 0048 | 81ec 5001 | 0000 4889 | 0424 4889 
  0x0000027ceb59bc50: 4c24 0848 | 8954 2410 | 4889 7424 | 1848 897c | 2420 4c89 | 4424 284c | 894c 2430 | 4c89 5424 
  0x0000027ceb59bc70: 384c 895c | 2440 c5fb | 1144 2450 | c5fb 114c | 2458 c5fb | 1154 2460 | c5fb 115c | 2468 c5fb 
  0x0000027ceb59bc90: 1164 2470 | c5fb 116c | 2478 c5fb | 11b4 2480 | 0000 00c5 | fb11 bc24 | 8800 0000 | c57b 1184 
  0x0000027ceb59bcb0: ;   {no_reloc}
  0x0000027ceb59bcb0: 2490 0000 | 00c5 7b11 | 8c24 9800 | 0000 c57b | 1194 24a0 | 0000 00c5 | 7b11 9c24 | a800 0000 
  0x0000027ceb59bcd0: c57b 11a4 | 24b0 0000 | 00c5 7b11 | ac24 b800 | 0000 c57b | 11b4 24c0 | 0000 00c5 | 7b11 bc24 
  0x0000027ceb59bcf0: c800 0000 | 62e1 ff08 | 1144 241a | 62e1 ff08 | 114c 241b | 62e1 ff08 | 1154 241c | 62e1 ff08 
  0x0000027ceb59bd10: 115c 241d | 62e1 ff08 | 1164 241e | 62e1 ff08 | 116c 241f | 62e1 ff08 | 1174 2420 | 62e1 ff08 
  0x0000027ceb59bd30: 117c 2421 | 6261 ff08 | 1144 2422 | 6261 ff08 | 114c 2423 | 6261 ff08 | 1154 2424 | 6261 ff08 
  0x0000027ceb59bd50: 115c 2425 | 6261 ff08 | 1164 2426 | 6261 ff08 | 116c 2427 | 6261 ff08 | 1174 2428 | 6261 ff08 
  0x0000027ceb59bd70: 117c 2429 | 498b d748 | 8bc8 4883 | ec20 40f6 | c40f 0f84 | 1900 0000 | 4883 ec08 

  0x0000027ceb59bd8c: ;   {runtime_call}
  0x0000027ceb59bd8c: 48b8 40b2 | 346f fb7f | 0000 ffd0 | 4883 c408 | e90c 0000 

  0x0000027ceb59bda0: ;   {runtime_call}
  0x0000027ceb59bda0: 0048 b840 | b234 6ffb | 7f00 00ff | d048 83c4 | 2062 61ff | 0810 7c24 | 2962 61ff | 0810 7424 
  0x0000027ceb59bdc0: 2862 61ff | 0810 6c24 | 2762 61ff | 0810 6424 | 2662 61ff | 0810 5c24 | 2562 61ff | 0810 5424 
  0x0000027ceb59bde0: 2462 61ff | 0810 4c24 | 2362 61ff | 0810 4424 | 2262 e1ff | 0810 7c24 | 2162 e1ff | 0810 7424 
  0x0000027ceb59be00: 2062 e1ff | 0810 6c24 | 1f62 e1ff | 0810 6424 | 1e62 e1ff | 0810 5c24 | 1d62 e1ff | 0810 5424 
  0x0000027ceb59be20: 1c62 e1ff | 0810 4c24 | 1b62 e1ff | 0810 4424 | 1ac5 7b10 | bc24 c800 | 0000 c57b | 10b4 24c0 
  0x0000027ceb59be40: 0000 00c5 | 7b10 ac24 | b800 0000 | c57b 10a4 | 24b0 0000 | 00c5 7b10 | 9c24 a800 | 0000 c57b 
  0x0000027ceb59be60: 1094 24a0 | 0000 00c5 | 7b10 8c24 | 9800 0000 | c57b 1084 | 2490 0000 | 00c5 fb10 | bc24 8800 
  0x0000027ceb59be80: 0000 c5fb | 10b4 2480 | 0000 00c5 | fb10 6c24 | 78c5 fb10 | 6424 70c5 | fb10 5c24 | 68c5 fb10 
  0x0000027ceb59bea0: ;   {no_reloc}
  0x0000027ceb59bea0: 5424 60c5 | fb10 4c24 | 58c5 fb10 | 4424 504c | 8b5c 2440 | 4c8b 5424 | 384c 8b4c | 2430 4c8b 
  0x0000027ceb59bec0: 4424 2848 | 8b7c 2420 | 488b 7424 | 1848 8b54 | 2410 488b | 4c24 0848 | 8b04 2448 | 81c4 5001 
  0x0000027ceb59bee0: 0000 c5f8 | 7749 8b8f | 2804 0000 | c781 0001 | 0000 0000 | 0000 c949 | 837f 0800 | 0f85 0100 
  0x0000027ceb59bf00: ;   {runtime_call StubRoutines (initial stubs)}
  0x0000027ceb59bf00: 0000 c3e9 | f84f 9fff | c5f8 7748 | 8945 f84c | 8be4 4883 | ec20 4883 

  0x0000027ceb59bf18: ;   {runtime_call}
  0x0000027ceb59bf18: e4f0 48b8 | 20ad 766f | fb7f 0000 | ffd0 498b | e44d 33e4 | 488b 45f8 | e930 fcff | fff4 f4f4 
[/MachCode]


Compiled method (c1)    1695 1142       3       java.lang.Class::forName (41 bytes)
 total in heap  [0x0000027ce3c3bb90,0x0000027ce3c3c000] = 1136
 relocation     [0x0000027ce3c3bcf0,0x0000027ce3c3bd40] = 80
 main code      [0x0000027ce3c3bd40,0x0000027ce3c3bef8] = 440
 stub code      [0x0000027ce3c3bef8,0x0000027ce3c3bf38] = 64
 metadata       [0x0000027ce3c3bf38,0x0000027ce3c3bf50] = 24
 scopes data    [0x0000027ce3c3bf50,0x0000027ce3c3bf98] = 72
 scopes pcs     [0x0000027ce3c3bf98,0x0000027ce3c3bff8] = 96
 dependencies   [0x0000027ce3c3bff8,0x0000027ce3c3c000] = 8

[Constant Pool (empty)]

[MachCode]
[Verified Entry Point]
  # {method} {0x0000027cf90199d0} 'forName' '(Ljava/lang/String;ZLjava/lang/ClassLoader;Ljava/lang/Class;)Ljava/lang/Class;' in 'java/lang/Class'
  # parm0:    rdx:rdx   = 'java/lang/String'
  # parm1:    r8        = boolean
  # parm2:    r9:r9     = 'java/lang/ClassLoader'
  # parm3:    rdi:rdi   = 'java/lang/Class'
  #           [sp+0x70]  (sp of caller)
  0x0000027ce3c3bd40: 8984 2400 | 80ff ff55 | 4883 ec60 | 4181 7f20 | 0100 0000 

  0x0000027ce3c3bd54: ;   {runtime_call StubRoutines (final stubs)}
  0x0000027ce3c3bd54: 7405 e8e5 

  0x0000027ce3c3bd58: ;   {metadata(method data for {method} {0x0000027cf90199d0} 'forName' '(Ljava/lang/String;ZLjava/lang/ClassLoader;Ljava/lang/Class;)Ljava/lang/Class;' in 'java/lang/Class')}
  0x0000027ce3c3bd58: a938 0748 | beb8 9fdf | f97c 0200 | 008b 9ecc | 0000 0083 | c302 899e | cc00 0000 | 81e3 fe07 
  0x0000027ce3c3bd78: 0000 85db | 0f84 d500 

  0x0000027ce3c3bd80: ;   {metadata(method data for {method} {0x0000027cf90199d0} 'forName' '(Ljava/lang/String;ZLjava/lang/ClassLoader;Ljava/lang/Class;)Ljava/lang/Class;' in 'java/lang/Class')}
  0x0000027ce3c3bd80: 0000 48be | b89f dff9 | 7c02 0000 | 4883 8610 | 0100 0001 

  0x0000027ce3c3bd94: ;   {metadata(method data for {method} {0x0000027cf9031100} 'getSecurityManager' '()Ljava/lang/SecurityManager;' in 'java/lang/System')}
  0x0000027ce3c3bd94: 48be 0080 | 64f9 7c02 | 0000 8b9e | cc00 0000 | 83c3 0289 | 9ecc 0000 | 0081 e3fe | ff1f 0085 
  0x0000027ce3c3bdb4: db0f 84bd 

  0x0000027ce3c3bdb8: ;   {metadata(method data for {method} {0x0000027cf9031100} 'getSecurityManager' '()Ljava/lang/SecurityManager;' in 'java/lang/System')}
  0x0000027ce3c3bdb8: 0000 0048 | be00 8064 | f97c 0200 | 0048 8386 | 1001 0000 

  0x0000027ce3c3bdcc: ;   {metadata(method data for {method} {0x0000027cf90303f0} 'allowSecurityManager' '()Z' in 'java/lang/System')}
  0x0000027ce3c3bdcc: 0148 be78 | 8164 f97c | 0200 008b | 9ecc 0000 | 0083 c302 | 899e cc00 | 0000 81e3 | feff 1f00 
  0x0000027ce3c3bdec: 85db 0f84 | a500 0000 

  0x0000027ce3c3bdf4: ;   {metadata(method data for {method} {0x0000027cf90303f0} 'allowSecurityManager' '()Z' in 'java/lang/System')}
  0x0000027ce3c3bdf4: 48be 7881 | 64f9 7c02 | 0000 ff86 | 1001 0000 

  0x0000027ce3c3be04: ;   {metadata(method data for {method} {0x0000027cf9031100} 'getSecurityManager' '()Ljava/lang/SecurityManager;' in 'java/lang/System')}
  0x0000027ce3c3be04: 48be 0080 | 64f9 7c02 | 0000 ff86 | 2001 0000 

  0x0000027ce3c3be14: ;   {metadata(method data for {method} {0x0000027cf90199d0} 'forName' '(Ljava/lang/String;ZLjava/lang/ClassLoader;Ljava/lang/Class;)Ljava/lang/Class;' in 'java/lang/Class')}
  0x0000027ce3c3be14: 48be b89f | dff9 7c02 | 0000 ff86 | 2001 0000 

  0x0000027ce3c3be24: ;   {metadata(method data for {method} {0x0000027cf90199d0} 'forName' '(Ljava/lang/String;ZLjava/lang/ClassLoader;Ljava/lang/Class;)Ljava/lang/Class;' in 'java/lang/Class')}
  0x0000027ce3c3be24: 48be b89f | dff9 7c02 | 0000 4883 | 86c8 0100 

  0x0000027ce3c3be34: ;   {static_call}
  0x0000027ce3c3be34: 0001 90e8 

  0x0000027ce3c3be38: ; ImmutableOopMap {}
                      ;*invokestatic forName0 {reexecute=0 rethrow=0 return_oop=0}
                      ; - java.lang.Class::forName@37 (line 534)
  0x0000027ce3c3be38: 9cfb 9507 

  0x0000027ce3c3be3c: ;   {other}
  0x0000027ce3c3be3c: 0f1f 8400 | ac02 0000 | 4883 c460 

  0x0000027ce3c3be48: ;   {poll_return}
  0x0000027ce3c3be48: 5d49 3ba7 | 5004 0000 | 0f87 6400 

  0x0000027ce3c3be54: ;   {metadata({method} {0x0000027cf90199d0} 'forName' '(Ljava/lang/String;ZLjava/lang/ClassLoader;Ljava/lang/Class;)Ljava/lang/Class;' in 'java/lang/Class')}
  0x0000027ce3c3be54: 0000 c349 | bac8 9901 | f97c 0200 | 004c 8954 | 2408 48c7 | 0424 ffff 

  0x0000027ce3c3be6c: ;   {runtime_call counter_overflow Runtime1 stub}
  0x0000027ce3c3be6c: ffff e88d 

  0x0000027ce3c3be70: ; ImmutableOopMap {rdx=Oop r9=Oop rdi=Oop }
                      ;*synchronization entry
                      ; - java.lang.Class::forName@-1 (line 522)
  0x0000027ce3c3be70: bd47 07e9 | 0aff ffff 

  0x0000027ce3c3be78: ;   {metadata({method} {0x0000027cf9031100} 'getSecurityManager' '()Ljava/lang/SecurityManager;' in 'java/lang/System')}
  0x0000027ce3c3be78: 49ba f810 | 03f9 7c02 | 0000 4c89 | 5424 0848 | c704 24ff 

  0x0000027ce3c3be8c: ;   {runtime_call counter_overflow Runtime1 stub}
  0x0000027ce3c3be8c: ffff ffe8 

  0x0000027ce3c3be90: ; ImmutableOopMap {rdx=Oop r9=Oop rdi=Oop }
                      ;*synchronization entry
                      ; - java.lang.System::getSecurityManager@-1 (line 504)
                      ; - java.lang.Class::forName@0 (line 522)
  0x0000027ce3c3be90: 6cbd 4707 | e922 ffff 

  0x0000027ce3c3be98: ;   {metadata({method} {0x0000027cf90303f0} 'allowSecurityManager' '()Z' in 'java/lang/System')}
  0x0000027ce3c3be98: ff49 bae8 | 0303 f97c | 0200 004c | 8954 2408 | 48c7 0424 | ffff ffff 

  0x0000027ce3c3beb0: ;   {runtime_call counter_overflow Runtime1 stub}
  0x0000027ce3c3beb0: e84b bd47 

  0x0000027ce3c3beb4: ; ImmutableOopMap {rdx=Oop r9=Oop rdi=Oop }
                      ;*synchronization entry
                      ; - java.lang.System::allowSecurityManager@-1 (line 212)
                      ; - java.lang.System::getSecurityManager@0 (line 504)
                      ; - java.lang.Class::forName@0 (line 522)
  0x0000027ce3c3beb4: 07e9 3aff 

  0x0000027ce3c3beb8: ;   {internal_word}
  0x0000027ce3c3beb8: ffff 49ba | 49be c3e3 | 7c02 0000 | 4d89 9768 

  0x0000027ce3c3bec8: ;   {runtime_call SafepointBlob}
  0x0000027ce3c3bec8: 0400 00e9 | b0ac 3a07 | 498b 8700 | 0500 0049 | c787 0005 | 0000 0000 | 0000 49c7 | 8708 0500 
  0x0000027ce3c3bee8: 0000 0000 | 0048 83c4 

  0x0000027ce3c3bef0: ;   {runtime_call unwind_exception Runtime1 stub}
  0x0000027ce3c3bef0: 605d e989 | 4b47 07f4 
[Stub Code]
  0x0000027ce3c3bef8: ;   {no_reloc}
  0x0000027ce3c3bef8: 48bb 0000 | 0000 0000 

  0x0000027ce3c3bf00: ;   {runtime_call}
  0x0000027ce3c3bf00: 0000 e9fb 

  0x0000027ce3c3bf04: ;   {runtime_call handle_exception_from_callee Runtime1 stub}
  0x0000027ce3c3bf04: ffff ffe8 | 7480 4707 

  0x0000027ce3c3bf0c: ;   {external_word}
  0x0000027ce3c3bf0c: 48b9 30b5 | a26f fb7f | 0000 4883 

  0x0000027ce3c3bf18: ;   {runtime_call}
  0x0000027ce3c3bf18: e4f0 48b8 | d050 656f | fb7f 0000 

  0x0000027ce3c3bf24: ;   {section_word}
  0x0000027ce3c3bf24: ffd0 f449 | ba27 bfc3 | e37c 0200 

  0x0000027ce3c3bf30: ;   {runtime_call DeoptimizationBlob}
  0x0000027ce3c3bf30: 0041 52e9 | e8c0 3a07 
[/MachCode]


Compiled method (c1)    1698 1141       3       java.lang.Class::forName (24 bytes)
 total in heap  [0x0000027ce3c3b690,0x0000027ce3c3bb38] = 1192
 relocation     [0x0000027ce3c3b7f0,0x0000027ce3c3b848] = 88
 main code      [0x0000027ce3c3b860,0x0000027ce3c3ba28] = 456
 stub code      [0x0000027ce3c3ba28,0x0000027ce3c3ba68] = 64
 metadata       [0x0000027ce3c3ba68,0x0000027ce3c3ba80] = 24
 scopes data    [0x0000027ce3c3ba80,0x0000027ce3c3bad0] = 80
 scopes pcs     [0x0000027ce3c3bad0,0x0000027ce3c3bb30] = 96
 dependencies   [0x0000027ce3c3bb30,0x0000027ce3c3bb38] = 8

[Constant Pool (empty)]

[MachCode]
[Verified Entry Point]
  # {method} {0x0000027cf9019878} 'forName' '(Ljava/lang/String;ZLjava/lang/ClassLoader;)Ljava/lang/Class;' in 'java/lang/Class'
  # parm0:    rdx:rdx   = 'java/lang/String'
  # parm1:    r8        = boolean
  # parm2:    r9:r9     = 'java/lang/ClassLoader'
  #           [sp+0x70]  (sp of caller)
  0x0000027ce3c3b860: 8984 2400 | 80ff ff55 | 4883 ec60 | 4181 7f20 | 0100 0000 

  0x0000027ce3c3b874: ;   {runtime_call StubRoutines (final stubs)}
  0x0000027ce3c3b874: 7405 e8c5 

  0x0000027ce3c3b878: ;   {metadata(method data for {method} {0x0000027cf9019878} 'forName' '(Ljava/lang/String;ZLjava/lang/ClassLoader;)Ljava/lang/Class;' in 'java/lang/Class')}
  0x0000027ce3c3b878: ae38 0748 | bfd8 9ddf | f97c 0200 | 008b b7cc | 0000 0083 | c602 89b7 | cc00 0000 | 81e6 fe07 
  0x0000027ce3c3b898: 0000 85f6 | 0f84 e500 

  0x0000027ce3c3b8a0: ;   {metadata(method data for {method} {0x0000027cf9019878} 'forName' '(Ljava/lang/String;ZLjava/lang/ClassLoader;)Ljava/lang/Class;' in 'java/lang/Class')}
  0x0000027ce3c3b8a0: 0000 48bf | d89d dff9 | 7c02 0000 | 4883 8710 | 0100 0001 

  0x0000027ce3c3b8b4: ;   {metadata(method data for {method} {0x0000027cf9031100} 'getSecurityManager' '()Ljava/lang/SecurityManager;' in 'java/lang/System')}
  0x0000027ce3c3b8b4: 48bf 0080 | 64f9 7c02 | 0000 8bb7 | cc00 0000 | 83c6 0289 | b7cc 0000 | 0081 e6fe | ff1f 0085 
  0x0000027ce3c3b8d4: f60f 84cd 

  0x0000027ce3c3b8d8: ;   {metadata(method data for {method} {0x0000027cf9031100} 'getSecurityManager' '()Ljava/lang/SecurityManager;' in 'java/lang/System')}
  0x0000027ce3c3b8d8: 0000 0048 | bf00 8064 | f97c 0200 | 0048 8387 | 1001 0000 

  0x0000027ce3c3b8ec: ;   {metadata(method data for {method} {0x0000027cf90303f0} 'allowSecurityManager' '()Z' in 'java/lang/System')}
  0x0000027ce3c3b8ec: 0148 bf78 | 8164 f97c | 0200 008b | b7cc 0000 | 0083 c602 | 89b7 cc00 | 0000 81e6 | feff 1f00 
  0x0000027ce3c3b90c: 85f6 0f84 | b500 0000 

  0x0000027ce3c3b914: ;   {metadata(method data for {method} {0x0000027cf90303f0} 'allowSecurityManager' '()Z' in 'java/lang/System')}
  0x0000027ce3c3b914: 48bf 7881 | 64f9 7c02 | 0000 ff87 | 1001 0000 

  0x0000027ce3c3b924: ;   {metadata(method data for {method} {0x0000027cf9031100} 'getSecurityManager' '()Ljava/lang/SecurityManager;' in 'java/lang/System')}
  0x0000027ce3c3b924: 48bf 0080 | 64f9 7c02 | 0000 ff87 | 2001 0000 

  0x0000027ce3c3b934: ;   {metadata(method data for {method} {0x0000027cf9019878} 'forName' '(Ljava/lang/String;ZLjava/lang/ClassLoader;)Ljava/lang/Class;' in 'java/lang/Class')}
  0x0000027ce3c3b934: 48bf d89d | dff9 7c02 | 0000 ff87 | 2001 0000 

  0x0000027ce3c3b944: ;   {metadata(method data for {method} {0x0000027cf9019878} 'forName' '(Ljava/lang/String;ZLjava/lang/ClassLoader;)Ljava/lang/Class;' in 'java/lang/Class')}
  0x0000027ce3c3b944: 48bf d89d | dff9 7c02 | 0000 4883 | 8750 0100 

  0x0000027ce3c3b954: ;   {oop(nullptr)}
  0x0000027ce3c3b954: 0001 48bf | 0000 0000 | 0000 0000 | 0f1f 8000 

  0x0000027ce3c3b964: ;   {static_call}
  0x0000027ce3c3b964: 0000 00e8 

  0x0000027ce3c3b968: ; ImmutableOopMap {}
                      ;*invokestatic forName {reexecute=0 rethrow=0 return_oop=0}
                      ; - java.lang.Class::forName@20 (line 513)
  0x0000027ce3c3b968: d403 0000 

  0x0000027ce3c3b96c: ;   {other}
  0x0000027ce3c3b96c: 0f1f 8400 | dc02 0000 | 4883 c460 

  0x0000027ce3c3b978: ;   {poll_return}
  0x0000027ce3c3b978: 5d49 3ba7 | 5004 0000 | 0f87 6400 

  0x0000027ce3c3b984: ;   {metadata({method} {0x0000027cf9019878} 'forName' '(Ljava/lang/String;ZLjava/lang/ClassLoader;)Ljava/lang/Class;' in 'java/lang/Class')}
  0x0000027ce3c3b984: 0000 c349 | ba70 9801 | f97c 0200 | 004c 8954 | 2408 48c7 | 0424 ffff 

  0x0000027ce3c3b99c: ;   {runtime_call counter_overflow Runtime1 stub}
  0x0000027ce3c3b99c: ffff e85d 

  0x0000027ce3c3b9a0: ; ImmutableOopMap {rdx=Oop r9=Oop }
                      ;*synchronization entry
                      ; - java.lang.Class::forName@-1 (line 505)
  0x0000027ce3c3b9a0: c247 07e9 | fafe ffff 

  0x0000027ce3c3b9a8: ;   {metadata({method} {0x0000027cf9031100} 'getSecurityManager' '()Ljava/lang/SecurityManager;' in 'java/lang/System')}
  0x0000027ce3c3b9a8: 49ba f810 | 03f9 7c02 | 0000 4c89 | 5424 0848 | c704 24ff 

  0x0000027ce3c3b9bc: ;   {runtime_call counter_overflow Runtime1 stub}
  0x0000027ce3c3b9bc: ffff ffe8 

  0x0000027ce3c3b9c0: ; ImmutableOopMap {rdx=Oop r9=Oop }
                      ;*synchronization entry
                      ; - java.lang.System::getSecurityManager@-1 (line 504)
                      ; - java.lang.Class::forName@2 (line 507)
  0x0000027ce3c3b9c0: 3cc2 4707 | e912 ffff 

  0x0000027ce3c3b9c8: ;   {metadata({method} {0x0000027cf90303f0} 'allowSecurityManager' '()Z' in 'java/lang/System')}
  0x0000027ce3c3b9c8: ff49 bae8 | 0303 f97c | 0200 004c | 8954 2408 | 48c7 0424 | ffff ffff 

  0x0000027ce3c3b9e0: ;   {runtime_call counter_overflow Runtime1 stub}
  0x0000027ce3c3b9e0: e81b c247 

  0x0000027ce3c3b9e4: ; ImmutableOopMap {rdx=Oop r9=Oop }
                      ;*synchronization entry
                      ; - java.lang.System::allowSecurityManager@-1 (line 212)
                      ; - java.lang.System::getSecurityManager@0 (line 504)
                      ; - java.lang.Class::forName@2 (line 507)
  0x0000027ce3c3b9e4: 07e9 2aff 

  0x0000027ce3c3b9e8: ;   {internal_word}
  0x0000027ce3c3b9e8: ffff 49ba | 79b9 c3e3 | 7c02 0000 | 4d89 9768 

  0x0000027ce3c3b9f8: ;   {runtime_call SafepointBlob}
  0x0000027ce3c3b9f8: 0400 00e9 | 80b1 3a07 | 498b 8700 | 0500 0049 | c787 0005 | 0000 0000 | 0000 49c7 | 8708 0500 
  0x0000027ce3c3ba18: 0000 0000 | 0048 83c4 

  0x0000027ce3c3ba20: ;   {runtime_call unwind_exception Runtime1 stub}
  0x0000027ce3c3ba20: 605d e959 | 5047 07f4 
[Stub Code]
  0x0000027ce3c3ba28: ;   {no_reloc}
  0x0000027ce3c3ba28: 48bb 0000 | 0000 0000 

  0x0000027ce3c3ba30: ;   {runtime_call}
  0x0000027ce3c3ba30: 0000 e9fb 

  0x0000027ce3c3ba34: ;   {runtime_call handle_exception_from_callee Runtime1 stub}
  0x0000027ce3c3ba34: ffff ffe8 | 4485 4707 

  0x0000027ce3c3ba3c: ;   {external_word}
  0x0000027ce3c3ba3c: 48b9 30b5 | a26f fb7f | 0000 4883 

  0x0000027ce3c3ba48: ;   {runtime_call}
  0x0000027ce3c3ba48: e4f0 48b8 | d050 656f | fb7f 0000 

  0x0000027ce3c3ba54: ;   {section_word}
  0x0000027ce3c3ba54: ffd0 f449 | ba57 bac3 | e37c 0200 

  0x0000027ce3c3ba60: ;   {runtime_call DeoptimizationBlob}
  0x0000027ce3c3ba60: 0041 52e9 | b8c5 3a07 
[/MachCode]


---------------  P R O C E S S  ---------------

Threads class SMR info:
_java_thread_list=0x0000027cfd51be40, length=23, elements={
0x0000027cdd956190, 0x0000027cf81f1860, 0x0000027cf81f42d0, 0x0000027cf8200530,
0x0000027cf81d15b0, 0x0000027cf81da3c0, 0x0000027cf81dbe30, 0x0000027cf81de8a0,
0x0000027cf81df470, 0x0000027cf83aa8c0, 0x0000027cf83c0120, 0x0000027cf88523b0,
0x0000027cf8950390, 0x0000027cf8997a10, 0x0000027cf8998290, 0x0000027cf884b9b0,
0x0000027cf8a16d70, 0x0000027cf8b19100, 0x0000027cf8b99840, 0x0000027cfd409790,
0x0000027cfd40a4b0, 0x0000027cfd4083e0, 0x0000027cf8466d00
}

Java Threads: ( => current thread )
  0x0000027cdd956190 JavaThread "main"                              [_thread_blocked, id=5492, stack(0x000000b65af00000,0x000000b65b000000) (1024K)]
  0x0000027cf81f1860 JavaThread "Reference Handler"          daemon [_thread_blocked, id=6616, stack(0x000000b65b700000,0x000000b65b800000) (1024K)]
  0x0000027cf81f42d0 JavaThread "Finalizer"                  daemon [_thread_blocked, id=19980, stack(0x000000b65b800000,0x000000b65b900000) (1024K)]
  0x0000027cf8200530 JavaThread "Signal Dispatcher"          daemon [_thread_blocked, id=13036, stack(0x000000b65b900000,0x000000b65ba00000) (1024K)]
  0x0000027cf81d15b0 JavaThread "Attach Listener"            daemon [_thread_blocked, id=15684, stack(0x000000b65ba00000,0x000000b65bb00000) (1024K)]
  0x0000027cf81da3c0 JavaThread "Service Thread"             daemon [_thread_blocked, id=22732, stack(0x000000b65bb00000,0x000000b65bc00000) (1024K)]
  0x0000027cf81dbe30 JavaThread "Monitor Deflation Thread"   daemon [_thread_blocked, id=16380, stack(0x000000b65bc00000,0x000000b65bd00000) (1024K)]
  0x0000027cf81de8a0 JavaThread "C2 CompilerThread0"         daemon [_thread_blocked, id=6868, stack(0x000000b65bd00000,0x000000b65be00000) (1024K)]
  0x0000027cf81df470 JavaThread "C1 CompilerThread0"         daemon [_thread_blocked, id=16828, stack(0x000000b65be00000,0x000000b65bf00000) (1024K)]
  0x0000027cf83aa8c0 JavaThread "Common-Cleaner"             daemon [_thread_blocked, id=12672, stack(0x000000b65bf00000,0x000000b65c000000) (1024K)]
  0x0000027cf83c0120 JavaThread "Notification Thread"        daemon [_thread_blocked, id=18416, stack(0x000000b65c000000,0x000000b65c100000) (1024K)]
  0x0000027cf88523b0 JavaThread "mysql-cj-abandoned-connection-cleanup" daemon [_thread_blocked, id=14860, stack(0x000000b65c200000,0x000000b65c300000) (1024K)]
  0x0000027cf8950390 JavaThread "RMI TCP Accept-53105"       daemon [_thread_in_native, id=11340, stack(0x000000b65c300000,0x000000b65c400000) (1024K)]
  0x0000027cf8997a10 JavaThread "RMI TCP Accept-0"           daemon [_thread_in_native, id=1792, stack(0x000000b65c400000,0x000000b65c500000) (1024K)]
  0x0000027cf8998290 JavaThread "RMI Reaper"                        [_thread_blocked, id=10792, stack(0x000000b65c500000,0x000000b65c600000) (1024K)]
  0x0000027cf884b9b0 JavaThread "RMI GC Daemon"              daemon [_thread_blocked, id=656, stack(0x000000b65c600000,0x000000b65c700000) (1024K)]
  0x0000027cf8a16d70 JavaThread "RMI TCP Connection(1)-127.0.0.1" daemon [_thread_in_native, id=13404, stack(0x000000b65c700000,0x000000b65c800000) (1024K)]
  0x0000027cf8b19100 JavaThread "RMI TCP Connection(2)-127.0.0.1" daemon [_thread_in_native, id=5136, stack(0x000000b65c800000,0x000000b65c900000) (1024K)]
  0x0000027cf8b99840 JavaThread "RMI TCP Connection(3)-127.0.0.1" daemon [_thread_in_native, id=20212, stack(0x000000b65c900000,0x000000b65ca00000) (1024K)]
  0x0000027cfd409790 JavaThread "RMI Scheduler(0)"           daemon [_thread_blocked, id=22404, stack(0x000000b65ca00000,0x000000b65cb00000) (1024K)]
=>0x0000027cfd40a4b0 JavaThread "RMI TCP Connection(4)-127.0.0.1" daemon [_thread_in_vm, id=12196, stack(0x000000b65cb00000,0x000000b65cc00000) (1024K)]
  0x0000027cfd4083e0 JavaThread "RMI RenewClean-[127.0.0.1:20035]" daemon [_thread_blocked, id=14100, stack(0x000000b65cc00000,0x000000b65cd00000) (1024K)]
  0x0000027cf8466d00 JavaThread "C2 CompilerThread1"         daemon [_thread_blocked, id=24132, stack(0x000000b65c100000,0x000000b65c200000) (1024K)]
Total: 23

Other Threads:
  0x0000027cf8162bd0 VMThread "VM Thread"                           [id=10584, stack(0x000000b65b600000,0x000000b65b700000) (1024K)]
  0x0000027cf7f9f510 WatcherThread "VM Periodic Task Thread"        [id=8360, stack(0x000000b65b500000,0x000000b65b600000) (1024K)]
  0x0000027cdfba6d80 WorkerThread "GC Thread#0"                     [id=15728, stack(0x000000b65b000000,0x000000b65b100000) (1024K)]
  0x0000027cfd40f970 WorkerThread "GC Thread#1"                     [id=11620, stack(0x000000b65cd00000,0x000000b65ce00000) (1024K)]
  0x0000027cf8afef60 WorkerThread "GC Thread#2"                     [id=5756, stack(0x000000b65ce00000,0x000000b65cf00000) (1024K)]
  0x0000027cf8d2cb10 WorkerThread "GC Thread#3"                     [id=16916, stack(0x000000b65cf00000,0x000000b65d000000) (1024K)]
  0x0000027cf89f63a0 WorkerThread "GC Thread#4"                     [id=4336, stack(0x000000b65d000000,0x000000b65d100000) (1024K)]
  0x0000027cf8d3b010 WorkerThread "GC Thread#5"                     [id=1180, stack(0x000000b65d100000,0x000000b65d200000) (1024K)]
  0x0000027cf8ab15c0 WorkerThread "GC Thread#6"                     [id=21812, stack(0x000000b65d200000,0x000000b65d300000) (1024K)]
  0x0000027cfd602130 WorkerThread "GC Thread#7"                     [id=8900, stack(0x000000b65d300000,0x000000b65d400000) (1024K)]
  0x0000027cdfbb7c00 ConcurrentGCThread "G1 Main Marker"            [id=7472, stack(0x000000b65b100000,0x000000b65b200000) (1024K)]
  0x0000027cdfbb85b0 WorkerThread "G1 Conc#0"                       [id=21160, stack(0x000000b65b200000,0x000000b65b300000) (1024K)]
  0x0000027cdfc0db70 ConcurrentGCThread "G1 Refine#0"               [id=18396, stack(0x000000b65b300000,0x000000b65b400000) (1024K)]
  0x0000027cdfc0e580 ConcurrentGCThread "G1 Service"                [id=19688, stack(0x000000b65b400000,0x000000b65b500000) (1024K)]
Total: 14

Threads with active compile tasks:
Total: 0

VM state: not at safepoint (normal execution)

VM Mutex/Monitor currently owned by a thread: None

Heap address: 0x0000000080000000, size: 2048 MB, Compressed Oops mode: 32-bit

CDS archive(s) not mapped
Compressed class space mapped at: 0x0000000100000000-0x0000000140000000, reserved size: 1073741824
Narrow klass base: 0x0000000000000000, Narrow klass shift: 3, Narrow klass range: 0x140000000

GC Precious Log:
 CardTable entry size: 512
 Card Set container configuration: InlinePtr #cards 5 size 8 Array Of Cards #cards 12 size 40 Howl #buckets 4 coarsen threshold 1843 Howl Bitmap #cards 512 size 80 coarsen threshold 460 Card regions per heap region 1 cards per card region 2048
 CPUs: 8 total, 8 available
 Memory: 16167M
 Large Page Support: Disabled
 NUMA Support: Disabled
 Compressed Oops: Enabled (32-bit)
 Heap Region Size: 1M
 Heap Min Capacity: 128M
 Heap Initial Capacity: 128M
 Heap Max Capacity: 2G
 Pre-touch: Disabled
 Parallel Workers: 8
 Concurrent Workers: 2
 Concurrent Refinement Workers: 8
 Periodic GC: Disabled

Heap:
 garbage-first heap   total 131072K, used 14688K [0x0000000080000000, 0x0000000100000000)
  region size 1024K, 9 young (9216K), 3 survivors (3072K)
 Metaspace       used 20095K, committed 20480K, reserved 1114112K
  class space    used 2076K, committed 2240K, reserved 1048576K

Heap Regions: E=young(eden), S=young(survivor), O=old, HS=humongous(starts), HC=humongous(continues), CS=collection set, F=free, TAMS=top-at-mark-start, PB=parsable bottom
|   0|0x0000000080000000, 0x0000000080100000, 0x0000000080100000|100%|HS|  |TAMS 0x0000000080000000| PB 0x0000000080000000| Complete 
|   1|0x0000000080100000, 0x0000000080200000, 0x0000000080200000|100%|HC|  |TAMS 0x0000000080100000| PB 0x0000000080100000| Complete 
|   2|0x0000000080200000, 0x0000000080300000, 0x0000000080300000|100%|HS|  |TAMS 0x0000000080200000| PB 0x0000000080200000| Complete 
|   3|0x0000000080300000, 0x0000000080400000, 0x0000000080400000|100%|HS|  |TAMS 0x0000000080300000| PB 0x0000000080300000| Complete 
|   4|0x0000000080400000, 0x0000000080500000, 0x0000000080500000|100%| O|  |TAMS 0x0000000080400000| PB 0x0000000080400000| Untracked 
|   5|0x0000000080500000, 0x0000000080600000, 0x0000000080600000|100%| O|  |TAMS 0x0000000080500000| PB 0x0000000080500000| Untracked 
|   6|0x0000000080600000, 0x0000000080658000, 0x0000000080700000| 34%| O|  |TAMS 0x0000000080600000| PB 0x0000000080600000| Untracked 
|   7|0x0000000080700000, 0x0000000080700000, 0x0000000080800000|  0%| F|  |TAMS 0x0000000080700000| PB 0x0000000080700000| Untracked 
|   8|0x0000000080800000, 0x0000000080800000, 0x0000000080900000|  0%| F|  |TAMS 0x0000000080800000| PB 0x0000000080800000| Untracked 
|   9|0x0000000080900000, 0x0000000080900000, 0x0000000080a00000|  0%| F|  |TAMS 0x0000000080900000| PB 0x0000000080900000| Untracked 
|  10|0x0000000080a00000, 0x0000000080a00000, 0x0000000080b00000|  0%| F|  |TAMS 0x0000000080a00000| PB 0x0000000080a00000| Untracked 
|  11|0x0000000080b00000, 0x0000000080b00000, 0x0000000080c00000|  0%| F|  |TAMS 0x0000000080b00000| PB 0x0000000080b00000| Untracked 
|  12|0x0000000080c00000, 0x0000000080c00000, 0x0000000080d00000|  0%| F|  |TAMS 0x0000000080c00000| PB 0x0000000080c00000| Untracked 
|  13|0x0000000080d00000, 0x0000000080d00000, 0x0000000080e00000|  0%| F|  |TAMS 0x0000000080d00000| PB 0x0000000080d00000| Untracked 
|  14|0x0000000080e00000, 0x0000000080e00000, 0x0000000080f00000|  0%| F|  |TAMS 0x0000000080e00000| PB 0x0000000080e00000| Untracked 
|  15|0x0000000080f00000, 0x0000000080f00000, 0x0000000081000000|  0%| F|  |TAMS 0x0000000080f00000| PB 0x0000000080f00000| Untracked 
|  16|0x0000000081000000, 0x0000000081000000, 0x0000000081100000|  0%| F|  |TAMS 0x0000000081000000| PB 0x0000000081000000| Untracked 
|  17|0x0000000081100000, 0x0000000081100000, 0x0000000081200000|  0%| F|  |TAMS 0x0000000081100000| PB 0x0000000081100000| Untracked 
|  18|0x0000000081200000, 0x0000000081200000, 0x0000000081300000|  0%| F|  |TAMS 0x0000000081200000| PB 0x0000000081200000| Untracked 
|  19|0x0000000081300000, 0x0000000081300000, 0x0000000081400000|  0%| F|  |TAMS 0x0000000081300000| PB 0x0000000081300000| Untracked 
|  20|0x0000000081400000, 0x0000000081400000, 0x0000000081500000|  0%| F|  |TAMS 0x0000000081400000| PB 0x0000000081400000| Untracked 
|  21|0x0000000081500000, 0x0000000081500000, 0x0000000081600000|  0%| F|  |TAMS 0x0000000081500000| PB 0x0000000081500000| Untracked 
|  22|0x0000000081600000, 0x0000000081600000, 0x0000000081700000|  0%| F|  |TAMS 0x0000000081600000| PB 0x0000000081600000| Untracked 
|  23|0x0000000081700000, 0x0000000081700000, 0x0000000081800000|  0%| F|  |TAMS 0x0000000081700000| PB 0x0000000081700000| Untracked 
|  24|0x0000000081800000, 0x0000000081800000, 0x0000000081900000|  0%| F|  |TAMS 0x0000000081800000| PB 0x0000000081800000| Untracked 
|  25|0x0000000081900000, 0x0000000081900000, 0x0000000081a00000|  0%| F|  |TAMS 0x0000000081900000| PB 0x0000000081900000| Untracked 
|  26|0x0000000081a00000, 0x0000000081a00000, 0x0000000081b00000|  0%| F|  |TAMS 0x0000000081a00000| PB 0x0000000081a00000| Untracked 
|  27|0x0000000081b00000, 0x0000000081b00000, 0x0000000081c00000|  0%| F|  |TAMS 0x0000000081b00000| PB 0x0000000081b00000| Untracked 
|  28|0x0000000081c00000, 0x0000000081c00000, 0x0000000081d00000|  0%| F|  |TAMS 0x0000000081c00000| PB 0x0000000081c00000| Untracked 
|  29|0x0000000081d00000, 0x0000000081d00000, 0x0000000081e00000|  0%| F|  |TAMS 0x0000000081d00000| PB 0x0000000081d00000| Untracked 
|  30|0x0000000081e00000, 0x0000000081e00000, 0x0000000081f00000|  0%| F|  |TAMS 0x0000000081e00000| PB 0x0000000081e00000| Untracked 
|  31|0x0000000081f00000, 0x0000000081f00000, 0x0000000082000000|  0%| F|  |TAMS 0x0000000081f00000| PB 0x0000000081f00000| Untracked 
|  32|0x0000000082000000, 0x0000000082000000, 0x0000000082100000|  0%| F|  |TAMS 0x0000000082000000| PB 0x0000000082000000| Untracked 
|  33|0x0000000082100000, 0x0000000082100000, 0x0000000082200000|  0%| F|  |TAMS 0x0000000082100000| PB 0x0000000082100000| Untracked 
|  34|0x0000000082200000, 0x0000000082200000, 0x0000000082300000|  0%| F|  |TAMS 0x0000000082200000| PB 0x0000000082200000| Untracked 
|  35|0x0000000082300000, 0x0000000082300000, 0x0000000082400000|  0%| F|  |TAMS 0x0000000082300000| PB 0x0000000082300000| Untracked 
|  36|0x0000000082400000, 0x0000000082400000, 0x0000000082500000|  0%| F|  |TAMS 0x0000000082400000| PB 0x0000000082400000| Untracked 
|  37|0x0000000082500000, 0x0000000082500000, 0x0000000082600000|  0%| F|  |TAMS 0x0000000082500000| PB 0x0000000082500000| Untracked 
|  38|0x0000000082600000, 0x0000000082600000, 0x0000000082700000|  0%| F|  |TAMS 0x0000000082600000| PB 0x0000000082600000| Untracked 
|  39|0x0000000082700000, 0x0000000082700000, 0x0000000082800000|  0%| F|  |TAMS 0x0000000082700000| PB 0x0000000082700000| Untracked 
|  40|0x0000000082800000, 0x0000000082800000, 0x0000000082900000|  0%| F|  |TAMS 0x0000000082800000| PB 0x0000000082800000| Untracked 
|  41|0x0000000082900000, 0x0000000082900000, 0x0000000082a00000|  0%| F|  |TAMS 0x0000000082900000| PB 0x0000000082900000| Untracked 
|  42|0x0000000082a00000, 0x0000000082a00000, 0x0000000082b00000|  0%| F|  |TAMS 0x0000000082a00000| PB 0x0000000082a00000| Untracked 
|  43|0x0000000082b00000, 0x0000000082b00000, 0x0000000082c00000|  0%| F|  |TAMS 0x0000000082b00000| PB 0x0000000082b00000| Untracked 
|  44|0x0000000082c00000, 0x0000000082c00000, 0x0000000082d00000|  0%| F|  |TAMS 0x0000000082c00000| PB 0x0000000082c00000| Untracked 
|  45|0x0000000082d00000, 0x0000000082d00000, 0x0000000082e00000|  0%| F|  |TAMS 0x0000000082d00000| PB 0x0000000082d00000| Untracked 
|  46|0x0000000082e00000, 0x0000000082e00000, 0x0000000082f00000|  0%| F|  |TAMS 0x0000000082e00000| PB 0x0000000082e00000| Untracked 
|  47|0x0000000082f00000, 0x0000000082f00000, 0x0000000083000000|  0%| F|  |TAMS 0x0000000082f00000| PB 0x0000000082f00000| Untracked 
|  48|0x0000000083000000, 0x0000000083000000, 0x0000000083100000|  0%| F|  |TAMS 0x0000000083000000| PB 0x0000000083000000| Untracked 
|  49|0x0000000083100000, 0x0000000083100000, 0x0000000083200000|  0%| F|  |TAMS 0x0000000083100000| PB 0x0000000083100000| Untracked 
|  50|0x0000000083200000, 0x0000000083200000, 0x0000000083300000|  0%| F|  |TAMS 0x0000000083200000| PB 0x0000000083200000| Untracked 
|  51|0x0000000083300000, 0x0000000083300000, 0x0000000083400000|  0%| F|  |TAMS 0x0000000083300000| PB 0x0000000083300000| Untracked 
|  52|0x0000000083400000, 0x0000000083400000, 0x0000000083500000|  0%| F|  |TAMS 0x0000000083400000| PB 0x0000000083400000| Untracked 
|  53|0x0000000083500000, 0x0000000083500000, 0x0000000083600000|  0%| F|  |TAMS 0x0000000083500000| PB 0x0000000083500000| Untracked 
|  54|0x0000000083600000, 0x0000000083600000, 0x0000000083700000|  0%| F|  |TAMS 0x0000000083600000| PB 0x0000000083600000| Untracked 
|  55|0x0000000083700000, 0x0000000083700000, 0x0000000083800000|  0%| F|  |TAMS 0x0000000083700000| PB 0x0000000083700000| Untracked 
|  56|0x0000000083800000, 0x0000000083800000, 0x0000000083900000|  0%| F|  |TAMS 0x0000000083800000| PB 0x0000000083800000| Untracked 
|  57|0x0000000083900000, 0x0000000083900000, 0x0000000083a00000|  0%| F|  |TAMS 0x0000000083900000| PB 0x0000000083900000| Untracked 
|  58|0x0000000083a00000, 0x0000000083a00000, 0x0000000083b00000|  0%| F|  |TAMS 0x0000000083a00000| PB 0x0000000083a00000| Untracked 
|  59|0x0000000083b00000, 0x0000000083b00000, 0x0000000083c00000|  0%| F|  |TAMS 0x0000000083b00000| PB 0x0000000083b00000| Untracked 
|  60|0x0000000083c00000, 0x0000000083c00000, 0x0000000083d00000|  0%| F|  |TAMS 0x0000000083c00000| PB 0x0000000083c00000| Untracked 
|  61|0x0000000083d00000, 0x0000000083d00000, 0x0000000083e00000|  0%| F|  |TAMS 0x0000000083d00000| PB 0x0000000083d00000| Untracked 
|  62|0x0000000083e00000, 0x0000000083e00000, 0x0000000083f00000|  0%| F|  |TAMS 0x0000000083e00000| PB 0x0000000083e00000| Untracked 
|  63|0x0000000083f00000, 0x0000000083f00000, 0x0000000084000000|  0%| F|  |TAMS 0x0000000083f00000| PB 0x0000000083f00000| Untracked 
|  64|0x0000000084000000, 0x0000000084000000, 0x0000000084100000|  0%| F|  |TAMS 0x0000000084000000| PB 0x0000000084000000| Untracked 
|  65|0x0000000084100000, 0x0000000084100000, 0x0000000084200000|  0%| F|  |TAMS 0x0000000084100000| PB 0x0000000084100000| Untracked 
|  66|0x0000000084200000, 0x0000000084200000, 0x0000000084300000|  0%| F|  |TAMS 0x0000000084200000| PB 0x0000000084200000| Untracked 
|  67|0x0000000084300000, 0x0000000084300000, 0x0000000084400000|  0%| F|  |TAMS 0x0000000084300000| PB 0x0000000084300000| Untracked 
|  68|0x0000000084400000, 0x0000000084400000, 0x0000000084500000|  0%| F|  |TAMS 0x0000000084400000| PB 0x0000000084400000| Untracked 
|  69|0x0000000084500000, 0x0000000084500000, 0x0000000084600000|  0%| F|  |TAMS 0x0000000084500000| PB 0x0000000084500000| Untracked 
|  70|0x0000000084600000, 0x0000000084600000, 0x0000000084700000|  0%| F|  |TAMS 0x0000000084600000| PB 0x0000000084600000| Untracked 
|  71|0x0000000084700000, 0x0000000084700000, 0x0000000084800000|  0%| F|  |TAMS 0x0000000084700000| PB 0x0000000084700000| Untracked 
|  72|0x0000000084800000, 0x0000000084800000, 0x0000000084900000|  0%| F|  |TAMS 0x0000000084800000| PB 0x0000000084800000| Untracked 
|  73|0x0000000084900000, 0x0000000084900000, 0x0000000084a00000|  0%| F|  |TAMS 0x0000000084900000| PB 0x0000000084900000| Untracked 
|  74|0x0000000084a00000, 0x0000000084a00000, 0x0000000084b00000|  0%| F|  |TAMS 0x0000000084a00000| PB 0x0000000084a00000| Untracked 
|  75|0x0000000084b00000, 0x0000000084b00000, 0x0000000084c00000|  0%| F|  |TAMS 0x0000000084b00000| PB 0x0000000084b00000| Untracked 
|  76|0x0000000084c00000, 0x0000000084c00000, 0x0000000084d00000|  0%| F|  |TAMS 0x0000000084c00000| PB 0x0000000084c00000| Untracked 
|  77|0x0000000084d00000, 0x0000000084d00000, 0x0000000084e00000|  0%| F|  |TAMS 0x0000000084d00000| PB 0x0000000084d00000| Untracked 
|  78|0x0000000084e00000, 0x0000000084e00000, 0x0000000084f00000|  0%| F|  |TAMS 0x0000000084e00000| PB 0x0000000084e00000| Untracked 
|  79|0x0000000084f00000, 0x0000000084f00000, 0x0000000085000000|  0%| F|  |TAMS 0x0000000084f00000| PB 0x0000000084f00000| Untracked 
|  80|0x0000000085000000, 0x0000000085000000, 0x0000000085100000|  0%| F|  |TAMS 0x0000000085000000| PB 0x0000000085000000| Untracked 
|  81|0x0000000085100000, 0x0000000085100000, 0x0000000085200000|  0%| F|  |TAMS 0x0000000085100000| PB 0x0000000085100000| Untracked 
|  82|0x0000000085200000, 0x0000000085200000, 0x0000000085300000|  0%| F|  |TAMS 0x0000000085200000| PB 0x0000000085200000| Untracked 
|  83|0x0000000085300000, 0x0000000085300000, 0x0000000085400000|  0%| F|  |TAMS 0x0000000085300000| PB 0x0000000085300000| Untracked 
|  84|0x0000000085400000, 0x0000000085400000, 0x0000000085500000|  0%| F|  |TAMS 0x0000000085400000| PB 0x0000000085400000| Untracked 
|  85|0x0000000085500000, 0x0000000085500000, 0x0000000085600000|  0%| F|  |TAMS 0x0000000085500000| PB 0x0000000085500000| Untracked 
|  86|0x0000000085600000, 0x0000000085600000, 0x0000000085700000|  0%| F|  |TAMS 0x0000000085600000| PB 0x0000000085600000| Untracked 
|  87|0x0000000085700000, 0x0000000085700000, 0x0000000085800000|  0%| F|  |TAMS 0x0000000085700000| PB 0x0000000085700000| Untracked 
|  88|0x0000000085800000, 0x0000000085800000, 0x0000000085900000|  0%| F|  |TAMS 0x0000000085800000| PB 0x0000000085800000| Untracked 
|  89|0x0000000085900000, 0x0000000085900000, 0x0000000085a00000|  0%| F|  |TAMS 0x0000000085900000| PB 0x0000000085900000| Untracked 
|  90|0x0000000085a00000, 0x0000000085a00000, 0x0000000085b00000|  0%| F|  |TAMS 0x0000000085a00000| PB 0x0000000085a00000| Untracked 
|  91|0x0000000085b00000, 0x0000000085b00000, 0x0000000085c00000|  0%| F|  |TAMS 0x0000000085b00000| PB 0x0000000085b00000| Untracked 
|  92|0x0000000085c00000, 0x0000000085c00000, 0x0000000085d00000|  0%| F|  |TAMS 0x0000000085c00000| PB 0x0000000085c00000| Untracked 
|  93|0x0000000085d00000, 0x0000000085d00000, 0x0000000085e00000|  0%| F|  |TAMS 0x0000000085d00000| PB 0x0000000085d00000| Untracked 
|  94|0x0000000085e00000, 0x0000000085e00000, 0x0000000085f00000|  0%| F|  |TAMS 0x0000000085e00000| PB 0x0000000085e00000| Untracked 
|  95|0x0000000085f00000, 0x0000000085f00000, 0x0000000086000000|  0%| F|  |TAMS 0x0000000085f00000| PB 0x0000000085f00000| Untracked 
|  96|0x0000000086000000, 0x0000000086000000, 0x0000000086100000|  0%| F|  |TAMS 0x0000000086000000| PB 0x0000000086000000| Untracked 
|  97|0x0000000086100000, 0x0000000086100000, 0x0000000086200000|  0%| F|  |TAMS 0x0000000086100000| PB 0x0000000086100000| Untracked 
|  98|0x0000000086200000, 0x0000000086200000, 0x0000000086300000|  0%| F|  |TAMS 0x0000000086200000| PB 0x0000000086200000| Untracked 
|  99|0x0000000086300000, 0x0000000086300000, 0x0000000086400000|  0%| F|  |TAMS 0x0000000086300000| PB 0x0000000086300000| Untracked 
| 100|0x0000000086400000, 0x0000000086400000, 0x0000000086500000|  0%| F|  |TAMS 0x0000000086400000| PB 0x0000000086400000| Untracked 
| 101|0x0000000086500000, 0x0000000086500000, 0x0000000086600000|  0%| F|  |TAMS 0x0000000086500000| PB 0x0000000086500000| Untracked 
| 102|0x0000000086600000, 0x0000000086700000, 0x0000000086700000|100%| S|CS|TAMS 0x0000000086600000| PB 0x0000000086600000| Complete 
| 103|0x0000000086700000, 0x0000000086800000, 0x0000000086800000|100%| S|CS|TAMS 0x0000000086700000| PB 0x0000000086700000| Complete 
| 104|0x0000000086800000, 0x0000000086900000, 0x0000000086900000|100%| S|CS|TAMS 0x0000000086800000| PB 0x0000000086800000| Complete 
| 105|0x0000000086900000, 0x0000000086900000, 0x0000000086a00000|  0%| F|  |TAMS 0x0000000086900000| PB 0x0000000086900000| Untracked 
| 106|0x0000000086a00000, 0x0000000086a00000, 0x0000000086b00000|  0%| F|  |TAMS 0x0000000086a00000| PB 0x0000000086a00000| Untracked 
| 107|0x0000000086b00000, 0x0000000086b00000, 0x0000000086c00000|  0%| F|  |TAMS 0x0000000086b00000| PB 0x0000000086b00000| Untracked 
| 108|0x0000000086c00000, 0x0000000086c00000, 0x0000000086d00000|  0%| F|  |TAMS 0x0000000086c00000| PB 0x0000000086c00000| Untracked 
| 109|0x0000000086d00000, 0x0000000086d00000, 0x0000000086e00000|  0%| F|  |TAMS 0x0000000086d00000| PB 0x0000000086d00000| Untracked 
| 110|0x0000000086e00000, 0x0000000086e00000, 0x0000000086f00000|  0%| F|  |TAMS 0x0000000086e00000| PB 0x0000000086e00000| Untracked 
| 111|0x0000000086f00000, 0x0000000086f00000, 0x0000000087000000|  0%| F|  |TAMS 0x0000000086f00000| PB 0x0000000086f00000| Untracked 
| 112|0x0000000087000000, 0x0000000087000000, 0x0000000087100000|  0%| F|  |TAMS 0x0000000087000000| PB 0x0000000087000000| Untracked 
| 113|0x0000000087100000, 0x0000000087100000, 0x0000000087200000|  0%| F|  |TAMS 0x0000000087100000| PB 0x0000000087100000| Untracked 
| 114|0x0000000087200000, 0x0000000087200000, 0x0000000087300000|  0%| F|  |TAMS 0x0000000087200000| PB 0x0000000087200000| Untracked 
| 115|0x0000000087300000, 0x0000000087300000, 0x0000000087400000|  0%| F|  |TAMS 0x0000000087300000| PB 0x0000000087300000| Untracked 
| 116|0x0000000087400000, 0x0000000087400000, 0x0000000087500000|  0%| F|  |TAMS 0x0000000087400000| PB 0x0000000087400000| Untracked 
| 117|0x0000000087500000, 0x0000000087500000, 0x0000000087600000|  0%| F|  |TAMS 0x0000000087500000| PB 0x0000000087500000| Untracked 
| 118|0x0000000087600000, 0x0000000087600000, 0x0000000087700000|  0%| F|  |TAMS 0x0000000087600000| PB 0x0000000087600000| Untracked 
| 119|0x0000000087700000, 0x0000000087700000, 0x0000000087800000|  0%| F|  |TAMS 0x0000000087700000| PB 0x0000000087700000| Untracked 
| 120|0x0000000087800000, 0x0000000087800000, 0x0000000087900000|  0%| F|  |TAMS 0x0000000087800000| PB 0x0000000087800000| Untracked 
| 121|0x0000000087900000, 0x0000000087900000, 0x0000000087a00000|  0%| F|  |TAMS 0x0000000087900000| PB 0x0000000087900000| Untracked 
| 122|0x0000000087a00000, 0x0000000087a3dc58, 0x0000000087b00000| 24%| E|  |TAMS 0x0000000087a00000| PB 0x0000000087a00000| Complete 
| 123|0x0000000087b00000, 0x0000000087c00000, 0x0000000087c00000|100%| E|CS|TAMS 0x0000000087b00000| PB 0x0000000087b00000| Complete 
| 124|0x0000000087c00000, 0x0000000087d00000, 0x0000000087d00000|100%| E|CS|TAMS 0x0000000087c00000| PB 0x0000000087c00000| Complete 
| 125|0x0000000087d00000, 0x0000000087e00000, 0x0000000087e00000|100%| E|CS|TAMS 0x0000000087d00000| PB 0x0000000087d00000| Complete 
| 126|0x0000000087e00000, 0x0000000087f00000, 0x0000000087f00000|100%| E|CS|TAMS 0x0000000087e00000| PB 0x0000000087e00000| Complete 
| 127|0x0000000087f00000, 0x0000000088000000, 0x0000000088000000|100%| E|CS|TAMS 0x0000000087f00000| PB 0x0000000087f00000| Complete 

Card table byte_map: [0x0000027cf3190000,0x0000027cf3590000] _byte_map_base: 0x0000027cf2d90000

Marking Bits: (CMBitMap*) 0x0000027cdfba7320
 Bits: [0x0000027cf3590000, 0x0000027cf5590000)

Polling page: 0x0000027cddac0000

Metaspace:

Usage:
  Non-class:     17.60 MB used.
      Class:      2.03 MB used.
       Both:     19.62 MB used.

Virtual space:
  Non-class space:       64.00 MB reserved,      17.81 MB ( 28%) committed,  1 nodes.
      Class space:        1.00 GB reserved,       2.19 MB ( <1%) committed,  1 nodes.
             Both:        1.06 GB reserved,      20.00 MB (  2%) committed. 

Chunk freelists:
   Non-Class:  13.81 MB
       Class:  13.80 MB
        Both:  27.61 MB

MaxMetaspaceSize: unlimited
CompressedClassSpaceSize: 1.00 GB
Initial GC threshold: 21.00 MB
Current GC threshold: 21.00 MB
CDS: off
 - commit_granule_bytes: 65536.
 - commit_granule_words: 8192.
 - virtual_space_node_default_size: 8388608.
 - enlarge_chunks_in_place: 1.
 - use_allocation_guard: 0.


Internal statistics:

num_allocs_failed_limit: 0.
num_arena_births: 448.
num_arena_deaths: 0.
num_vsnodes_births: 2.
num_vsnodes_deaths: 0.
num_space_committed: 320.
num_space_uncommitted: 0.
num_chunks_returned_to_freelist: 0.
num_chunks_taken_from_freelist: 774.
num_chunk_merges: 0.
num_chunk_splits: 485.
num_chunks_enlarged: 252.
num_inconsistent_stats: 0.

CodeHeap 'non-profiled nmethods': size=120000Kb used=527Kb max_used=527Kb free=119472Kb
 bounds [0x0000027ceb530000, 0x0000027ceb7a0000, 0x0000027cf2a60000]
CodeHeap 'profiled nmethods': size=120000Kb used=2589Kb max_used=2589Kb free=117410Kb
 bounds [0x0000027ce3a60000, 0x0000027ce3cf0000, 0x0000027ceaf90000]
CodeHeap 'non-nmethods': size=5760Kb used=1583Kb max_used=1598Kb free=4176Kb
 bounds [0x0000027ceaf90000, 0x0000027ceb200000, 0x0000027ceb530000]
 total_blobs=1990 nmethods=1462 adapters=433
 compilation: enabled
              stopped_count=0, restarted_count=0
 full_count=0

Compilation events (20 events):
Event: 1.635 Thread 0x0000027cf81de8a0 nmethod 1454 0x0000027ceb5b2490 code [0x0000027ceb5b2620, 0x0000027ceb5b26a8]
Event: 1.636 Thread 0x0000027cf81de8a0 1457       4       java.lang.StringLatin1::compareToCI (108 bytes)
Event: 1.636 Thread 0x0000027cf8466d00 1458       4       java.lang.String$CaseInsensitiveComparator::compare (13 bytes)
Event: 1.638 Thread 0x0000027cf81df470 nmethod 1451 0x0000027ce3ce0b90 code [0x0000027ce3ce1040, 0x0000027ce3ce35c0]
Event: 1.638 Thread 0x0000027cf81df470 1449       3       java.util.TreeMap::colorOf (13 bytes)
Event: 1.638 Thread 0x0000027cf81df470 nmethod 1449 0x0000027ce3ce4210 code [0x0000027ce3ce43a0, 0x0000027ce3ce44e8]
Event: 1.638 Thread 0x0000027cf81df470 1450       3       java.util.TreeMap$Entry::<init> (25 bytes)
Event: 1.638 Thread 0x0000027cf81df470 nmethod 1450 0x0000027ce3ce4590 code [0x0000027ce3ce4740, 0x0000027ce3ce49c0]
Event: 1.638 Thread 0x0000027cf81df470 1453       3       java.util.TreeMap::addEntry (59 bytes)
Event: 1.639 Thread 0x0000027cf81df470 nmethod 1453 0x0000027ce3ce4a90 code [0x0000027ce3ce4c60, 0x0000027ce3ce5108]
Event: 1.639 Thread 0x0000027cf81df470 1455       3       java.util.TreeMap::putIfAbsent (8 bytes)
Event: 1.639 Thread 0x0000027cf81df470 nmethod 1455 0x0000027ce3ce5310 code [0x0000027ce3ce54c0, 0x0000027ce3ce5600]
Event: 1.639 Thread 0x0000027cf81df470 1456       3       java.util.TreeMap::rightOf (13 bytes)
Event: 1.639 Thread 0x0000027cf81df470 nmethod 1456 0x0000027ce3ce5690 code [0x0000027ce3ce5840, 0x0000027ce3ce59b0]
Event: 1.639 Thread 0x0000027cf81df470 1459       3       java.nio.Buffer::<init> (105 bytes)
Event: 1.640 Thread 0x0000027cf81df470 nmethod 1459 0x0000027ce3ce5a90 code [0x0000027ce3ce5d60, 0x0000027ce3ce6840]
Event: 1.641 Thread 0x0000027cf81df470 1460       3       java.lang.reflect.Constructor::setConstructorAccessor (20 bytes)
Event: 1.641 Thread 0x0000027cf81df470 nmethod 1460 0x0000027ce3ce6c90 code [0x0000027ce3ce6e60, 0x0000027ce3ce7130]
Event: 1.643 Thread 0x0000027cf81df470 1462       3       jdk.internal.misc.Unsafe::toUnsignedLong (7 bytes)
Event: 1.643 Thread 0x0000027cf81df470 nmethod 1462 0x0000027ce3ce7210 code [0x0000027ce3ce73a0, 0x0000027ce3ce74a0]

GC Heap History (2 events):
Event: 1.439 GC heap before
{Heap before GC invocations=0 (full 0):
 garbage-first heap   total 131072K, used 27648K [0x0000000080000000, 0x0000000100000000)
  region size 1024K, 23 young (23552K), 0 survivors (0K)
 Metaspace       used 17991K, committed 18368K, reserved 1114112K
  class space    used 1873K, committed 2048K, reserved 1048576K
}
Event: 1.450 GC heap after
{Heap after GC invocations=1 (full 0):
 garbage-first heap   total 131072K, used 9568K [0x0000000080000000, 0x0000000100000000)
  region size 1024K, 3 young (3072K), 3 survivors (3072K)
 Metaspace       used 17991K, committed 18368K, reserved 1114112K
  class space    used 1873K, committed 2048K, reserved 1048576K
}

Dll operation events (2 events):
Event: 0.012 Loaded shared library D:\IntelliJ IDEA 2024.2.1\jbr\bin\java.dll
Event: 0.017 Loaded shared library D:\IntelliJ IDEA 2024.2.1\jbr\bin\zip.dll

Deoptimization events (20 events):
Event: 1.161 Thread 0x0000027cf8b19100 Uncommon trap: trap_request=0xffffffde fr.pc=0x0000027ceb55db64 relative=0x0000000000000ec4
Event: 1.161 Thread 0x0000027cf8b19100 Uncommon trap: reason=class_check action=maybe_recompile pc=0x0000027ceb55db64 method=java.util.concurrent.ConcurrentHashMap.putVal(Ljava/lang/Object;Ljava/lang/Object;Z)Ljava/lang/Object; @ 159 c2
Event: 1.161 Thread 0x0000027cf8b19100 DEOPT PACKING pc=0x0000027ceb55db64 sp=0x000000b65c8fdb80
Event: 1.161 Thread 0x0000027cf8b19100 DEOPT UNPACKING pc=0x0000027ceafe7da2 sp=0x000000b65c8fdaf0 mode 2
Event: 1.165 Thread 0x0000027cf8b19100 Uncommon trap: trap_request=0xffffffde fr.pc=0x0000027ceb55db64 relative=0x0000000000000ec4
Event: 1.165 Thread 0x0000027cf8b19100 Uncommon trap: reason=class_check action=maybe_recompile pc=0x0000027ceb55db64 method=java.util.concurrent.ConcurrentHashMap.putVal(Ljava/lang/Object;Ljava/lang/Object;Z)Ljava/lang/Object; @ 159 c2
Event: 1.165 Thread 0x0000027cf8b19100 DEOPT PACKING pc=0x0000027ceb55db64 sp=0x000000b65c8fdc90
Event: 1.165 Thread 0x0000027cf8b19100 DEOPT UNPACKING pc=0x0000027ceafe7da2 sp=0x000000b65c8fdc00 mode 2
Event: 1.166 Thread 0x0000027cf8a16d70 Uncommon trap: trap_request=0xffffffde fr.pc=0x0000027ceb55db64 relative=0x0000000000000ec4
Event: 1.166 Thread 0x0000027cf8a16d70 Uncommon trap: reason=class_check action=maybe_recompile pc=0x0000027ceb55db64 method=java.util.concurrent.ConcurrentHashMap.putVal(Ljava/lang/Object;Ljava/lang/Object;Z)Ljava/lang/Object; @ 159 c2
Event: 1.166 Thread 0x0000027cf8a16d70 DEOPT PACKING pc=0x0000027ceb55db64 sp=0x000000b65c7fdf90
Event: 1.166 Thread 0x0000027cf8a16d70 DEOPT UNPACKING pc=0x0000027ceafe7da2 sp=0x000000b65c7fdf00 mode 2
Event: 1.192 Thread 0x0000027cf8a16d70 Uncommon trap: trap_request=0xffffff45 fr.pc=0x0000027ceb558e68 relative=0x0000000000000188
Event: 1.192 Thread 0x0000027cf8a16d70 Uncommon trap: reason=unstable_if action=reinterpret pc=0x0000027ceb558e68 method=java.util.concurrent.ConcurrentHashMap.addCount(JI)V @ 34 c2
Event: 1.192 Thread 0x0000027cf8a16d70 DEOPT PACKING pc=0x0000027ceb558e68 sp=0x000000b65c7fce30
Event: 1.192 Thread 0x0000027cf8a16d70 DEOPT UNPACKING pc=0x0000027ceafe7da2 sp=0x000000b65c7fcd90 mode 2
Event: 1.194 Thread 0x0000027cf8b19100 Uncommon trap: trap_request=0xffffff45 fr.pc=0x0000027ceb5964c0 relative=0x0000000000000bc0
Event: 1.194 Thread 0x0000027cf8b19100 Uncommon trap: reason=unstable_if action=reinterpret pc=0x0000027ceb5964c0 method=java.util.concurrent.ConcurrentHashMap.addCount(JI)V @ 7 c2
Event: 1.194 Thread 0x0000027cf8b19100 DEOPT PACKING pc=0x0000027ceb5964c0 sp=0x000000b65c8fdc90
Event: 1.194 Thread 0x0000027cf8b19100 DEOPT UNPACKING pc=0x0000027ceafe7da2 sp=0x000000b65c8fdb40 mode 2

Classes loaded (20 events):
Event: 1.592 Loading class java/time/LocalTime done
Event: 1.593 Loading class java/time/OffsetDateTime
Event: 1.594 Loading class java/time/OffsetDateTime done
Event: 1.596 Loading class java/time/OffsetTime
Event: 1.596 Loading class java/time/OffsetTime done
Event: 1.604 Loading class java/time/ZonedDateTime
Event: 1.604 Loading class java/time/chrono/ChronoZonedDateTime
Event: 1.605 Loading class java/time/chrono/ChronoZonedDateTime done
Event: 1.605 Loading class java/time/ZonedDateTime done
Event: 1.623 Loading class java/lang/ArrayIndexOutOfBoundsException
Event: 1.623 Loading class java/lang/ArrayIndexOutOfBoundsException done
Event: 1.625 Loading class java/nio/charset/Charset$ExtendedProviderHolder
Event: 1.625 Loading class java/nio/charset/Charset$ExtendedProviderHolder done
Event: 1.625 Loading class java/nio/charset/Charset$ExtendedProviderHolder$1
Event: 1.625 Loading class java/nio/charset/Charset$ExtendedProviderHolder$1 done
Event: 1.638 Loading class sun/nio/cs/SJIS
Event: 1.638 Loading class sun/nio/cs/SJIS done
Event: 1.640 Loading class sun/nio/cs/MS932
Event: 1.640 Loading class sun/nio/cs/MS932 done
Event: 1.644 Loading class sun/nio/cs/GB18030

Classes unloaded (0 events):
No events

Classes redefined (0 events):
No events

Internal exceptions (20 events):
Event: 0.905 Thread 0x0000027cdd956190 Exception <a 'java/lang/IncompatibleClassChangeError'{0x0000000087397c30}: Found class java.lang.Object, but interface was expected> (0x0000000087397c30) 
thrown [s\src\hotspot\share\interpreter\linkResolver.cpp, line 851]
Event: 0.989 Thread 0x0000027cdd956190 Exception <a 'java/lang/NoSuchMethodError'{0x00000000873fb1f8}: 'java.lang.Object java.lang.invoke.DirectMethodHandle$Holder.invokeStaticInit(java.lang.Object, int, int, int, int)'> (0x00000000873fb1f8) 
thrown [s\src\hotspot\share\interpreter\linkResolver.cpp, line 784]
Event: 1.032 Thread 0x0000027cdd956190 Exception <a 'java/lang/NoSuchMethodError'{0x0000000087240530}: 'java.lang.Object java.lang.invoke.DirectMethodHandle$Holder.invokeStaticInit(java.lang.Object, java.lang.Object, int, int, int, int)'> (0x0000000087240530) 
thrown [s\src\hotspot\share\interpreter\linkResolver.cpp, line 784]
Event: 1.150 Thread 0x0000027cdd956190 Exception <a 'java/lang/NoSuchMethodError'{0x00000000870a7c08}: 'java.lang.Object java.lang.invoke.Invokers$Holder.linkToTargetMethod(java.lang.Object, long, java.lang.Object)'> (0x00000000870a7c08) 
thrown [s\src\hotspot\share\interpreter\linkResolver.cpp, line 784]
Event: 1.180 Thread 0x0000027cf8b19100 Exception <a 'java/lang/NoSuchMethodError'{0x0000000086f49268}: 'long java.lang.invoke.DirectMethodHandle$Holder.invokeSpecial(java.lang.Object, java.lang.Object)'> (0x0000000086f49268) 
thrown [s\src\hotspot\share\interpreter\linkResolver.cpp, line 784]
Event: 1.180 Thread 0x0000027cf8a16d70 Exception <a 'java/lang/NoSuchMethodError'{0x0000000086f98d68}: 'long java.lang.invoke.DirectMethodHandle$Holder.invokeSpecial(java.lang.Object, java.lang.Object)'> (0x0000000086f98d68) 
thrown [s\src\hotspot\share\interpreter\linkResolver.cpp, line 784]
Event: 1.180 Thread 0x0000027cf8b19100 Exception <a 'java/lang/NoSuchMethodError'{0x0000000086f4c680}: 'long java.lang.invoke.Invokers$Holder.invokeExact_MT(java.lang.Object, java.lang.Object)'> (0x0000000086f4c680) 
thrown [s\src\hotspot\share\interpreter\linkResolver.cpp, line 784]
Event: 1.180 Thread 0x0000027cf8a16d70 Exception <a 'java/lang/NoSuchMethodError'{0x0000000086f9c130}: 'long java.lang.invoke.Invokers$Holder.invokeExact_MT(java.lang.Object, java.lang.Object)'> (0x0000000086f9c130) 
thrown [s\src\hotspot\share\interpreter\linkResolver.cpp, line 784]
Event: 1.194 Thread 0x0000027cf8b19100 Exception <a 'java/lang/NoSuchMethodError'{0x0000000086feff68}: 'void java.lang.invoke.DirectMethodHandle$Holder.invokeSpecial(java.lang.Object, java.lang.Object, java.lang.Object)'> (0x0000000086feff68) 
thrown [s\src\hotspot\share\interpreter\linkResolver.cpp, line 784]
Event: 1.205 Thread 0x0000027cf8b99840 Exception <a 'java/lang/NoSuchMethodError'{0x0000000086e25250}: static [B.<clinit>()V> (0x0000000086e25250) 
thrown [s\src\hotspot\share\prims\jni.cpp, line 1126]
Event: 1.205 Thread 0x0000027cfd40a4b0 Exception <a 'java/lang/NoSuchMethodError'{0x0000000086d100b8}: static [B.<clinit>()V> (0x0000000086d100b8) 
thrown [s\src\hotspot\share\prims\jni.cpp, line 1126]
Event: 1.206 Thread 0x0000027cf8b99840 Exception <a 'java/lang/NoSuchMethodError'{0x0000000086e26b90}: 'long java.lang.invoke.DirectMethodHandle$Holder.invokeInterface(java.lang.Object, java.lang.Object)'> (0x0000000086e26b90) 
thrown [s\src\hotspot\share\interpreter\linkResolver.cpp, line 784]
Event: 1.207 Thread 0x0000027cf8b99840 Exception <a 'java/lang/NoSuchMethodError'{0x0000000086e2a2d8}: 'long java.lang.invoke.DelegatingMethodHandle$Holder.reinvoke_L(java.lang.Object, java.lang.Object)'> (0x0000000086e2a2d8) 
thrown [s\src\hotspot\share\interpreter\linkResolver.cpp, line 784]
Event: 1.228 Thread 0x0000027cfd40a4b0 Exception <a 'java/lang/NoSuchMethodError'{0x0000000086d4ab88}: static [Ljava/rmi/server/ObjID;.<clinit>()V> (0x0000000086d4ab88) 
thrown [s\src\hotspot\share\prims\jni.cpp, line 1126]
Event: 1.231 Thread 0x0000027cfd4083e0 Exception <a 'java/lang/NoSuchMethodError'{0x0000000086d7e120}: 'java.lang.Object java.lang.invoke.DirectMethodHandle$Holder.newInvokeSpecial(java.lang.Object, java.lang.Object, int, java.lang.Object, long)'> (0x0000000086d7e120) 
thrown [s\src\hotspot\share\interpreter\linkResolver.cpp, line 784]
Event: 1.232 Thread 0x0000027cfd40a4b0 Exception <a 'java/lang/NoSuchMethodError'{0x0000000086d61db0}: 'void java.lang.invoke.Invokers$Holder.linkToTargetMethod(java.lang.Object, java.lang.Object)'> (0x0000000086d61db0) 
thrown [s\src\hotspot\share\interpreter\linkResolver.cpp, line 784]
Event: 1.239 Thread 0x0000027cfd40a4b0 Exception <a 'java/lang/NoSuchMethodError'{0x0000000086c087c0}: 'java.lang.Object java.lang.invoke.DirectMethodHandle$Holder.invokeInterface(java.lang.Object, java.lang.Object, java.lang.Object, java.lang.Object, java.lang.Object)'> (0x0000000086c087c0) 
thrown [s\src\hotspot\share\interpreter\linkResolver.cpp, line 784]
Event: 1.241 Thread 0x0000027cfd40a4b0 Exception <a 'java/lang/NoSuchMethodError'{0x0000000086c1b8c8}: 'java.lang.Object java.lang.invoke.Invokers$Holder.invokeExact_MT(java.lang.Object, java.lang.Object, java.lang.Object, java.lang.Object, java.lang.Object, java.lang.Object)'> (0x0000000086c1b8c8) 
thrown [s\src\hotspot\share\interpreter\linkResolver.cpp, line 784]
Event: 1.423 Thread 0x0000027cfd40a4b0 Exception <a 'java/lang/NoSuchMethodError'{0x0000000086969f00}: 'void java.lang.invoke.DirectMethodHandle$Holder.invokeStatic(java.lang.Object, java.lang.Object, java.lang.Object)'> (0x0000000086969f00) 
thrown [s\src\hotspot\share\interpreter\linkResolver.cpp, line 784]
Event: 1.425 Thread 0x0000027cfd40a4b0 Exception <a 'java/lang/NoSuchMethodError'{0x0000000086976b20}: 'java.lang.Object java.lang.invoke.DirectMethodHandle$Holder.invokeVirtual(java.lang.Object, java.lang.Object, java.lang.Object)'> (0x0000000086976b20) 
thrown [s\src\hotspot\share\interpreter\linkResolver.cpp, line 784]

ZGC Phase Switch (0 events):
No events

VM Operations (18 events):
Event: 0.337 Executing VM operation: HandshakeAllThreads (Deoptimize)
Event: 0.337 Executing VM operation: HandshakeAllThreads (Deoptimize) done
Event: 0.771 Executing VM operation: HandshakeAllThreads (Deoptimize)
Event: 0.771 Executing VM operation: HandshakeAllThreads (Deoptimize) done
Event: 0.771 Executing VM operation: HandshakeAllThreads (Deoptimize)
Event: 0.771 Executing VM operation: HandshakeAllThreads (Deoptimize) done
Event: 0.802 Executing VM operation: HandshakeAllThreads (Deoptimize)
Event: 0.802 Executing VM operation: HandshakeAllThreads (Deoptimize) done
Event: 1.218 Executing VM operation: ICBufferFull
Event: 1.219 Executing VM operation: ICBufferFull done
Event: 1.245 Executing VM operation: HandshakeAllThreads (Deoptimize)
Event: 1.245 Executing VM operation: HandshakeAllThreads (Deoptimize) done
Event: 1.355 Executing VM operation: HandshakeAllThreads (Deoptimize)
Event: 1.356 Executing VM operation: HandshakeAllThreads (Deoptimize) done
Event: 1.417 Executing VM operation: HandshakeAllThreads (Deoptimize)
Event: 1.417 Executing VM operation: HandshakeAllThreads (Deoptimize) done
Event: 1.439 Executing VM operation: G1CollectForAllocation (G1 Evacuation Pause)
Event: 1.450 Executing VM operation: G1CollectForAllocation (G1 Evacuation Pause) done

Events (20 events):
Event: 0.268 Loaded shared library D:\IntelliJ IDEA 2024.2.1\jbr\bin\net.dll
Event: 0.276 Loaded shared library D:\IntelliJ IDEA 2024.2.1\jbr\bin\nio.dll
Event: 0.313 Thread 0x0000027cf8466d00 Thread added: 0x0000027cf8466d00
Event: 0.343 Loaded shared library D:\IntelliJ IDEA 2024.2.1\jbr\bin\zip.dll
Event: 0.441 Loaded shared library D:\IntelliJ IDEA 2024.2.1\jbr\bin\jimage.dll
Event: 0.772 Thread 0x0000027cf88523b0 Thread added: 0x0000027cf88523b0
Event: 1.080 Loaded shared library D:\IntelliJ IDEA 2024.2.1\jbr\bin\extnet.dll
Event: 1.095 Thread 0x0000027cf8950390 Thread added: 0x0000027cf8950390
Event: 1.117 Thread 0x0000027cf8997a10 Thread added: 0x0000027cf8997a10
Event: 1.117 Thread 0x0000027cf8998290 Thread added: 0x0000027cf8998290
Event: 1.120 Loaded shared library D:\IntelliJ IDEA 2024.2.1\jbr\bin\rmi.dll
Event: 1.121 Thread 0x0000027cf884b9b0 Thread added: 0x0000027cf884b9b0
Event: 1.160 Thread 0x0000027cf8a16d70 Thread added: 0x0000027cf8a16d70
Event: 1.160 Thread 0x0000027cf8b19100 Thread added: 0x0000027cf8b19100
Event: 1.199 Thread 0x0000027cf8b99840 Thread added: 0x0000027cf8b99840
Event: 1.199 Thread 0x0000027cfd409790 Thread added: 0x0000027cfd409790
Event: 1.199 Thread 0x0000027cfd40a4b0 Thread added: 0x0000027cfd40a4b0
Event: 1.216 Thread 0x0000027cfd4083e0 Thread added: 0x0000027cfd4083e0
Event: 1.397 Thread 0x0000027cf8466d00 Thread exited: 0x0000027cf8466d00
Event: 1.406 Thread 0x0000027cf8466d00 Thread added: 0x0000027cf8466d00


Dynamic libraries:
0x00007ff742270000 - 0x00007ff74227a000 	D:\IntelliJ IDEA 2024.2.1\jbr\bin\java.exe
0x00007ffbfa3b0000 - 0x00007ffbfa5c7000 	C:\WINDOWS\SYSTEM32\ntdll.dll
0x00007ffbf8e00000 - 0x00007ffbf8ec4000 	C:\WINDOWS\System32\KERNEL32.DLL
0x00007ffbf7b90000 - 0x00007ffbf7f60000 	C:\WINDOWS\System32\KERNELBASE.dll
0x00007ffbf77b0000 - 0x00007ffbf78c1000 	C:\WINDOWS\System32\ucrtbase.dll
0x00007ffbe5620000 - 0x00007ffbe5638000 	D:\IntelliJ IDEA 2024.2.1\jbr\bin\jli.dll
0x00007ffbe5660000 - 0x00007ffbe567b000 	D:\IntelliJ IDEA 2024.2.1\jbr\bin\VCRUNTIME140.dll
0x00007ffbf81c0000 - 0x00007ffbf836e000 	C:\WINDOWS\System32\USER32.dll
0x00007ffbf78d0000 - 0x00007ffbf78f6000 	C:\WINDOWS\System32\win32u.dll
0x00007ffbfa180000 - 0x00007ffbfa1a9000 	C:\WINDOWS\System32\GDI32.dll
0x00007ffbf7900000 - 0x00007ffbf7a1b000 	C:\WINDOWS\System32\gdi32full.dll
0x00007ffbf7660000 - 0x00007ffbf76fa000 	C:\WINDOWS\System32\msvcp_win.dll
0x00007ffbd32f0000 - 0x00007ffbd3582000 	C:\WINDOWS\WinSxS\amd64_microsoft.windows.common-controls_6595b64144ccf1df_6.0.22621.4830_none_270fe7d773858e80\COMCTL32.dll
0x00007ffbf9f50000 - 0x00007ffbf9ff7000 	C:\WINDOWS\System32\msvcrt.dll
0x00007ffbf8d10000 - 0x00007ffbf8d41000 	C:\WINDOWS\System32\IMM32.DLL
0x00007ffbee1e0000 - 0x00007ffbee1ec000 	D:\IntelliJ IDEA 2024.2.1\jbr\bin\vcruntime140_1.dll
0x00007ffb87cd0000 - 0x00007ffb87d5d000 	D:\IntelliJ IDEA 2024.2.1\jbr\bin\msvcp140.dll
0x00007ffb6f020000 - 0x00007ffb6fdd2000 	D:\IntelliJ IDEA 2024.2.1\jbr\bin\server\jvm.dll
0x00007ffbfa290000 - 0x00007ffbfa341000 	C:\WINDOWS\System32\ADVAPI32.dll
0x00007ffbf8d50000 - 0x00007ffbf8df7000 	C:\WINDOWS\System32\sechost.dll
0x00007ffbf7780000 - 0x00007ffbf77a8000 	C:\WINDOWS\System32\bcrypt.dll
0x00007ffbf80a0000 - 0x00007ffbf81b4000 	C:\WINDOWS\System32\RPCRT4.dll
0x00007ffbf8ed0000 - 0x00007ffbf8f41000 	C:\WINDOWS\System32\WS2_32.dll
0x00007ffbf6500000 - 0x00007ffbf654d000 	C:\WINDOWS\SYSTEM32\POWRPROF.dll
0x00007ffbed8d0000 - 0x00007ffbed904000 	C:\WINDOWS\SYSTEM32\WINMM.dll
0x00007ffbe99c0000 - 0x00007ffbe99ca000 	C:\WINDOWS\SYSTEM32\VERSION.dll
0x00007ffbf64e0000 - 0x00007ffbf64f3000 	C:\WINDOWS\SYSTEM32\UMPDC.dll
0x00007ffbf6790000 - 0x00007ffbf67a8000 	C:\WINDOWS\SYSTEM32\kernel.appcore.dll
0x00007ffbe99e0000 - 0x00007ffbe99ea000 	D:\IntelliJ IDEA 2024.2.1\jbr\bin\jimage.dll
0x00007ffbf4f70000 - 0x00007ffbf51a2000 	C:\WINDOWS\SYSTEM32\DBGHELP.DLL
0x00007ffbf8370000 - 0x00007ffbf8700000 	C:\WINDOWS\System32\combase.dll
0x00007ffbfa1b0000 - 0x00007ffbfa287000 	C:\WINDOWS\System32\OLEAUT32.dll
0x00007ffbeaef0000 - 0x00007ffbeaf22000 	C:\WINDOWS\SYSTEM32\dbgcore.DLL
0x00007ffbf7700000 - 0x00007ffbf777b000 	C:\WINDOWS\System32\bcryptPrimitives.dll
0x00007ffbe5640000 - 0x00007ffbe565f000 	D:\IntelliJ IDEA 2024.2.1\jbr\bin\java.dll
0x00007ffbe5600000 - 0x00007ffbe5618000 	D:\IntelliJ IDEA 2024.2.1\jbr\bin\zip.dll
0x00007ffbf90d0000 - 0x00007ffbf9948000 	C:\WINDOWS\System32\SHELL32.dll
0x00007ffbf55c0000 - 0x00007ffbf5ed0000 	C:\WINDOWS\SYSTEM32\windows.storage.dll
0x00007ffbf5480000 - 0x00007ffbf55bf000 	C:\WINDOWS\SYSTEM32\wintypes.dll
0x00007ffbf99b0000 - 0x00007ffbf9aba000 	C:\WINDOWS\System32\SHCORE.dll
0x00007ffbf8c90000 - 0x00007ffbf8cee000 	C:\WINDOWS\System32\shlwapi.dll
0x00007ffbf7590000 - 0x00007ffbf75bb000 	C:\WINDOWS\SYSTEM32\profapi.dll
0x00007ffbe6de0000 - 0x00007ffbe6df0000 	D:\IntelliJ IDEA 2024.2.1\jbr\bin\net.dll
0x00007ffbeef00000 - 0x00007ffbef02c000 	C:\WINDOWS\SYSTEM32\WINHTTP.dll
0x00007ffbf6c10000 - 0x00007ffbf6c7a000 	C:\WINDOWS\system32\mswsock.dll
0x00007ffbe55c0000 - 0x00007ffbe55d6000 	D:\IntelliJ IDEA 2024.2.1\jbr\bin\nio.dll
0x00007ffbf61e0000 - 0x00007ffbf620d000 	C:\WINDOWS\SYSTEM32\IPHLPAPI.DLL
0x00007ffbf8b80000 - 0x00007ffbf8b89000 	C:\WINDOWS\System32\NSI.dll
0x00007ffbf6e70000 - 0x00007ffbf6e8b000 	C:\WINDOWS\SYSTEM32\CRYPTSP.dll
0x00007ffbf66f0000 - 0x00007ffbf6725000 	C:\WINDOWS\system32\rsaenh.dll
0x00007ffbf6d00000 - 0x00007ffbf6d28000 	C:\WINDOWS\SYSTEM32\USERENV.dll
0x00007ffbf6e60000 - 0x00007ffbf6e6c000 	C:\WINDOWS\SYSTEM32\CRYPTBASE.dll
0x00007ffbd2260000 - 0x00007ffbd2269000 	D:\IntelliJ IDEA 2024.2.1\jbr\bin\extnet.dll
0x00007ffbe6630000 - 0x00007ffbe6637000 	D:\IntelliJ IDEA 2024.2.1\jbr\bin\rmi.dll
0x00007ffbcce60000 - 0x00007ffbcceab000 	C:\Program Files (x86)\Sangfor\SSL\ClientComponent\SangforNspX64.dll
0x00007ffbf9ac0000 - 0x00007ffbf9c61000 	C:\WINDOWS\System32\ole32.dll
0x00007ffbf9c70000 - 0x00007ffbf9c78000 	C:\WINDOWS\System32\PSAPI.DLL
0x00007ffbf6210000 - 0x00007ffbf6312000 	C:\WINDOWS\SYSTEM32\DNSAPI.dll
0x00007ffbeb160000 - 0x00007ffbeb16a000 	C:\Windows\System32\rasadhlp.dll
0x00007ffbeb570000 - 0x00007ffbeb5f3000 	C:\WINDOWS\System32\fwpuclnt.dll

dbghelp: loaded successfully - version: 4.0.5 - missing functions: none
symbol engine: initialized successfully - sym options: 0x614 - pdb path: .;D:\IntelliJ IDEA 2024.2.1\jbr\bin;C:\WINDOWS\SYSTEM32;C:\WINDOWS\WinSxS\amd64_microsoft.windows.common-controls_6595b64144ccf1df_6.0.22621.4830_none_270fe7d773858e80;D:\IntelliJ IDEA 2024.2.1\jbr\bin\server;C:\Program Files (x86)\Sangfor\SSL\ClientComponent

VM Arguments:
jvm_args: -Djava.rmi.server.hostname=127.0.0.1 -Duser.timezone=UTC -Xmx2048m -Xms128m -Djdbc.classpath=D:\IntelliJ IDEA 2024.2.1\plugins\DatabaseTools\lib\jdbc-console.jar;C:\Users\86139\AppData\Roaming\JetBrains\IntelliJIdea2024.2\jdbc-drivers\MySQL ConnectorJ\8.2.0\com\mysql\mysql-connector-j\8.2.0\mysql-connector-j-8.2.0.jar;C:\Users\86139\AppData\Roaming\JetBrains\IntelliJIdea2024.2\jdbc-drivers\MySQL ConnectorJ\8.2.0\com\google\protobuf\protobuf-java\3.21.9\protobuf-java-3.21.9.jar --add-exports=java.desktop/sun.awt=ALL-UNNAMED --add-exports=java.desktop/java.awt.peer=ALL-UNNAMED --add-opens=java.desktop/java.awt=ALL-UNNAMED --add-opens=jdk.unsupported/sun.misc=ALL-UNNAMED --add-opens=java.base/java.nio=ALL-UNNAMED --add-opens=java.base/java.util=ALL-UNNAMED -Dfile.encoding=UTF-8 -Dsun.stdout.encoding=UTF-8 -Dsun.stderr.encoding=UTF-8 
java_command: com.intellij.database.remote.RemoteJdbcServer com.mysql.cj.jdbc.Driver
java_class_path (initial): D:\IntelliJ IDEA 2024.2.1\lib\util_rt.jar;D:\IntelliJ IDEA 2024.2.1\lib\util-8.jar;D:\IntelliJ IDEA 2024.2.1\lib\groovy.jar;D:\IntelliJ IDEA 2024.2.1\plugins\DatabaseTools\lib\jdbc-console.jar;D:\IntelliJ IDEA 2024.2.1\plugins\grid-core-impl\lib\jdbc-console-types.jar;D:\IntelliJ IDEA 2024.2.1\lib\util.jar;D:\IntelliJ IDEA 2024.2.1\lib\bouncy-castle.jar
Launcher Type: SUN_STANDARD

[Global flags]
     intx CICompilerCount                          = 4                                         {product} {ergonomic}
     uint ConcGCThreads                            = 2                                         {product} {ergonomic}
     uint G1ConcRefinementThreads                  = 8                                         {product} {ergonomic}
   size_t G1HeapRegionSize                         = 1048576                                   {product} {ergonomic}
    uintx GCDrainStackTargetSize                   = 64                                        {product} {ergonomic}
   size_t InitialHeapSize                          = 134217728                                 {product} {command line}
   size_t MarkStackSize                            = 4194304                                   {product} {ergonomic}
   size_t MaxHeapSize                              = 2147483648                                {product} {command line}
   size_t MaxNewSize                               = 1287651328                                {product} {ergonomic}
   size_t MinHeapDeltaBytes                        = 1048576                                   {product} {ergonomic}
   size_t MinHeapSize                              = 134217728                                 {product} {command line}
    uintx NonNMethodCodeHeapSize                   = 5839372                                {pd product} {ergonomic}
    uintx NonProfiledCodeHeapSize                  = 122909434                              {pd product} {ergonomic}
    uintx ProfiledCodeHeapSize                     = 122909434                              {pd product} {ergonomic}
    uintx ReservedCodeCacheSize                    = 251658240                              {pd product} {ergonomic}
     bool SegmentedCodeCache                       = true                                      {product} {ergonomic}
   size_t SoftMaxHeapSize                          = 2147483648                             {manageable} {ergonomic}
     bool UseCompressedOops                        = true                           {product lp64_product} {ergonomic}
     bool UseG1GC                                  = true                                      {product} {ergonomic}
     bool UseLargePagesIndividualAllocation        = false                                  {pd product} {ergonomic}

Logging:
Log output configuration:
 #0: stdout all=warning uptime,level,tags foldmultilines=false
 #1: stderr all=off uptime,level,tags foldmultilines=false

Environment Variables:
JAVA_HOME=D:\openjdk21\jdk-21.0.2
PATH=C:\Program Files\Common Files\Oracle\Java\javapath;D:\\bin\;C:;Program Files (x86)\Common Files\Oracle\Java\javapath;C:\Program Files (x86)\NVIDIA Corporation\PhysX\Common;D:\Java\JDK;C:\WINDOWS\system32;C:\WINDOWS;C:\WINDOWS\System32\Wbem;C:\WINDOWS\System32\WindowsPowerShell\v1.0\;C:\WINDOWS\System32\OpenSSH\;D:\tomcat10\lib;D:\tomcat10\bin;D:\Rational\common;D:\openjdk21\jdk-21.0.2\bin;D:\maven\apache-maven-3.9.9\bin;D:\Git\cmd;D:\nvm;D:\nodejs;D:\redis5;D:\tools;C:\Program Files\Mozilla Firefox;;D:\tools\web\dll;D:\web\dll;C:\Users\86139\AppData\Local\pnpm;C:\Users\86139\AppData\Local\Microsoft\WindowsApps;D:\Java\JDK;D:\tomcat10\lib;D:\tomcat10\bin;C:\Users\86139\AppData\Roaming\npm;D:\maven\apache-maven-3.9.9\bin;D:\nvm;D:\nodejs;D:\Microsoft VS Code\bin;D:\redis5;
USERNAME=86139
OS=Windows_NT
PROCESSOR_IDENTIFIER=Intel64 Family 6 Model 140 Stepping 2, GenuineIntel
TMP=C:\Users\86139\AppData\Local\Temp
TEMP=C:\Users\86139\AppData\Local\Temp




Periodic native trim disabled

JNI global refs:
JNI global refs: 18, weak refs: 0

JNI global refs memory usage: 835, weak refs: 833

Process memory usage:
Resident Set Size: 101284K (0% of 16555320K total physical memory with 2677220K free physical memory)

OOME stack traces (most recent first):
Classloader memory used:
Loader bootstrap                                                                       : 15427K
Loader jdk.internal.loader.ClassLoaders$AppClassLoader                                 : 2365K
Loader com.intellij.database.remote.jdbc.impl.JdbcClassLoader$JdbcClassLoaderImpl      : 1892K
Loader jdk.internal.loader.ClassLoaders$PlatformClassLoader                            : 331K
Loader jdk.internal.reflect.DelegatingClassLoader                                      : 72912B
Loader com.intellij.database.remote.jdbc.impl.JdbcClassLoader$1                        : 7736B

---------------  S Y S T E M  ---------------

OS:
 Windows 11 , 64 bit Build 22621 (10.0.22621.4830)
OS uptime: 8 days 11:59 hours

CPU: total 8 (initial active 8) (4 cores per cpu, 2 threads per core) family 6 model 140 stepping 2 microcode 0x22, cx8, cmov, fxsr, ht, mmx, 3dnowpref, sse, sse2, sse3, ssse3, sse4.1, sse4.2, popcnt, lzcnt, tsc, tscinvbit, avx, avx2, aes, erms, clmul, bmi1, bmi2, adx, avx512f, avx512dq, avx512cd, avx512bw, avx512vl, sha, fma, vzeroupper, avx512_vpopcntdq, avx512_vpclmulqdq, avx512_vaes, avx512_vnni, clflush, clflushopt, clwb, avx512_vbmi2, avx512_vbmi, rdtscp, rdpid, fsrm, gfni, avx512_bitalg, f16c, pku, cet_ibt, cet_ss, avx512_ifma
Processor Information for processor 0
  Max Mhz: 2496, Current Mhz: 2496, Mhz Limit: 2496
Processor Information for processor 1
  Max Mhz: 2496, Current Mhz: 2496, Mhz Limit: 2496
Processor Information for processor 2
  Max Mhz: 2496, Current Mhz: 2496, Mhz Limit: 2496
Processor Information for processor 3
  Max Mhz: 2496, Current Mhz: 2496, Mhz Limit: 2496
Processor Information for processor 4
  Max Mhz: 2496, Current Mhz: 2496, Mhz Limit: 2496
Processor Information for processor 5
  Max Mhz: 2496, Current Mhz: 2496, Mhz Limit: 2496
Processor Information for processor 6
  Max Mhz: 2496, Current Mhz: 998, Mhz Limit: 2496
Processor Information for processor 7
  Max Mhz: 2496, Current Mhz: 2496, Mhz Limit: 2496

Memory: 4k page, system-wide physical 16167M (2614M free)
TotalPageFile size 19083M (AvailPageFile size 4M)
current process WorkingSet (physical memory assigned to process): 98M, peak: 98M
current process commit charge ("private bytes"): 231M, peak: 233M

vm_info: OpenJDK 64-Bit Server VM (21.0.3+13-b509.11) for windows-amd64 JRE (21.0.3+13-b509.11), built on 2024-08-12 by "builduser" with MS VC++ 16.10 / 16.11 (VS2019)

END.
