#
# There is insufficient memory for the Java Runtime Environment to continue.
# Native memory allocation (malloc) failed to allocate 1048576 bytes. Error detail: AllocateHeap
# Possible reasons:
#   The system is out of physical RAM or swap space
#   This process is running with CompressedOops enabled, and the Java Heap may be blocking the growth of the native heap
# Possible solutions:
#   Reduce memory load on the system
#   Increase physical memory or swap space
#   Check if swap backing store is full
#   Decrease Java heap size (-Xmx/-Xms)
#   Decrease number of Java threads
#   Decrease Java thread stack sizes (-Xss)
#   Set larger code cache with -XX:ReservedCodeCacheSize=
#   JVM is running with Unscaled Compressed Oops mode in which the Java heap is
#     placed in the first 4GB address space. The Java Heap base address is the
#     maximum limit for the native heap growth. Please use -XX:HeapBaseMinAddress
#     to set the Java Heap base and to place the Java Heap above 4GB virtual address.
# This output file may be truncated or incomplete.
#
#  Out of Memory Error (allocation.cpp:44), pid=24200, tid=14236
#
# JRE version:  (21.0.3+13) (build )
# Java VM: OpenJDK 64-Bit Server VM (21.0.3+13-b509.11, mixed mode, sharing, tiered, compressed oops, compressed class ptrs, g1 gc, windows-amd64)
# No core dump will be written. Minidumps are not enabled by default on client versions of Windows
#

---------------  S U M M A R Y ------------

Command Line: -Djava.rmi.server.hostname=127.0.0.1 -Duser.timezone=UTC -Xmx2048m -Xms128m -Djdbc.classpath=D:\IntelliJ IDEA 2024.2.1\plugins\DatabaseTools\lib\jdbc-console.jar;C:\Users\86139\AppData\Roaming\JetBrains\IntelliJIdea2024.2\jdbc-drivers\MySQL ConnectorJ\8.2.0\com\mysql\mysql-connector-j\8.2.0\mysql-connector-j-8.2.0.jar;C:\Users\86139\AppData\Roaming\JetBrains\IntelliJIdea2024.2\jdbc-drivers\MySQL ConnectorJ\8.2.0\com\google\protobuf\protobuf-java\3.21.9\protobuf-java-3.21.9.jar --add-exports=java.desktop/sun.awt=ALL-UNNAMED --add-exports=java.desktop/java.awt.peer=ALL-UNNAMED --add-opens=java.desktop/java.awt=ALL-UNNAMED --add-opens=jdk.unsupported/sun.misc=ALL-UNNAMED --add-opens=java.base/java.nio=ALL-UNNAMED --add-opens=java.base/java.util=ALL-UNNAMED -Dfile.encoding=UTF-8 -Dsun.stdout.encoding=UTF-8 -Dsun.stderr.encoding=UTF-8 com.intellij.database.remote.RemoteJdbcServer com.mysql.cj.jdbc.Driver

Host: 11th Gen Intel(R) Core(TM) i5-1155G7 @ 2.50GHz, 8 cores, 15G,  Windows 11 , 64 bit Build 22621 (10.0.22621.4830)
Time: Sat Mar  1 22:17:59 2025  Windows 11 , 64 bit Build 22621 (10.0.22621.4830) elapsed time: 0.024195 seconds (0d 0h 0m 0s)

---------------  T H R E A D  ---------------

Current thread (0x0000024017057af0):  JavaThread "Unknown thread" [_thread_in_vm, id=14236, stack(0x000000f4e1800000,0x000000f4e1900000) (1024K)]

Stack: [0x000000f4e1800000,0x000000f4e1900000]
Native frames: (J=compiled Java code, j=interpreted, Vv=VM code, C=native code)
V  [jvm.dll+0x6e02f9]
V  [jvm.dll+0x8bd383]
V  [jvm.dll+0x8bf8de]
V  [jvm.dll+0x8bffc3]
V  [jvm.dll+0x2879c6]
V  [jvm.dll+0xc0827]
V  [jvm.dll+0x33a755]
V  [jvm.dll+0x332e41]
V  [jvm.dll+0x8845e9]
V  [jvm.dll+0x3c5f38]
V  [jvm.dll+0x86d80d]
V  [jvm.dll+0x45ab9e]
V  [jvm.dll+0x45c771]
C  [jli.dll+0x52ab]
C  [ucrtbase.dll+0x29333]
C  [KERNEL32.DLL+0x1259d]
C  [ntdll.dll+0x5af38]


---------------  P R O C E S S  ---------------

Threads class SMR info:
_java_thread_list=0x00007ffb6fc6d108, length=0, elements={
}

Java Threads: ( => current thread )
Total: 0

Other Threads:
  0x00000240173a6df0 WorkerThread "GC Thread#0"                     [id=21108, stack(0x000000f4e1900000,0x000000f4e1a00000) (1024K)]

[error occurred during error reporting (printing all threads), id 0xc0000005, EXCEPTION_ACCESS_VIOLATION (0xc0000005) at pc=0x00007ffb6f35f350]
VM state: not at safepoint (not fully initialized)

VM Mutex/Monitor currently owned by a thread:  ([mutex/lock_event])
[0x00007ffb6fce1858] Heap_lock - owner thread: 0x0000024017057af0

Heap address: 0x0000000080000000, size: 2048 MB, Compressed Oops mode: 32-bit

CDS archive(s) mapped at: [0x0000000000000000-0x0000000000000000-0x0000000000000000), size 0, SharedBaseAddress: 0x0000000800000000, ArchiveRelocationMode: 1.
Narrow klass base: 0x0000000000000000, Narrow klass shift: 0, Narrow klass range: 0x0

GC Precious Log:
 CardTable entry size: 512
 Card Set container configuration: InlinePtr #cards 5 size 8 Array Of Cards #cards 12 size 40 Howl #buckets 4 coarsen threshold 1843 Howl Bitmap #cards 512 size 80 coarsen threshold 460 Card regions per heap region 1 cards per card region 2048

Heap:
 garbage-first heap   total 0K, used 0K [0x0000000080000000, 0x0000000100000000)
  region size 1024K, 0 young (0K), 0 survivors (0K)
 Metaspace       used 0K, committed 0K, reserved 0K
  class space    used 0K, committed 0K, reserved 0K

Heap Regions: E=young(eden), S=young(survivor), O=old, HS=humongous(starts), HC=humongous(continues), CS=collection set, F=free, TAMS=top-at-mark-start, PB=parsable bottom

Card table byte_map: [0x000002402c8a0000,0x000002402cca0000] _byte_map_base: 0x000002402c4a0000

GC Heap History (0 events):
No events

Dll operation events (1 events):
Event: 0.013 Loaded shared library D:\IntelliJ IDEA 2024.2.1\jbr\bin\java.dll

Deoptimization events (0 events):
No events

Classes loaded (0 events):
No events

Classes unloaded (0 events):
No events

Classes redefined (0 events):
No events

Internal exceptions (0 events):
No events

ZGC Phase Switch (0 events):
No events

VM Operations (0 events):
No events

Events (0 events):
No events


Dynamic libraries:
0x00007ff742270000 - 0x00007ff74227a000 	D:\IntelliJ IDEA 2024.2.1\jbr\bin\java.exe
0x00007ffbfa3b0000 - 0x00007ffbfa5c7000 	C:\WINDOWS\SYSTEM32\ntdll.dll
0x00007ffbf8e00000 - 0x00007ffbf8ec4000 	C:\WINDOWS\System32\KERNEL32.DLL
0x00007ffbf7b90000 - 0x00007ffbf7f60000 	C:\WINDOWS\System32\KERNELBASE.dll
0x00007ffbf77b0000 - 0x00007ffbf78c1000 	C:\WINDOWS\System32\ucrtbase.dll
0x00007ffbe5660000 - 0x00007ffbe567b000 	D:\IntelliJ IDEA 2024.2.1\jbr\bin\VCRUNTIME140.dll
0x00007ffbe5620000 - 0x00007ffbe5638000 	D:\IntelliJ IDEA 2024.2.1\jbr\bin\jli.dll
0x00007ffbf81c0000 - 0x00007ffbf836e000 	C:\WINDOWS\System32\USER32.dll
0x00007ffbf78d0000 - 0x00007ffbf78f6000 	C:\WINDOWS\System32\win32u.dll
0x00007ffbfa180000 - 0x00007ffbfa1a9000 	C:\WINDOWS\System32\GDI32.dll
0x00007ffbf7900000 - 0x00007ffbf7a1b000 	C:\WINDOWS\System32\gdi32full.dll
0x00007ffbf7660000 - 0x00007ffbf76fa000 	C:\WINDOWS\System32\msvcp_win.dll
0x00007ffbd32f0000 - 0x00007ffbd3582000 	C:\WINDOWS\WinSxS\amd64_microsoft.windows.common-controls_6595b64144ccf1df_6.0.22621.4830_none_270fe7d773858e80\COMCTL32.dll
0x00007ffbf9f50000 - 0x00007ffbf9ff7000 	C:\WINDOWS\System32\msvcrt.dll
0x00007ffbf8d10000 - 0x00007ffbf8d41000 	C:\WINDOWS\System32\IMM32.DLL
0x00007ffbee1e0000 - 0x00007ffbee1ec000 	D:\IntelliJ IDEA 2024.2.1\jbr\bin\vcruntime140_1.dll
0x00007ffb87cd0000 - 0x00007ffb87d5d000 	D:\IntelliJ IDEA 2024.2.1\jbr\bin\msvcp140.dll
0x00007ffb6f020000 - 0x00007ffb6fdd2000 	D:\IntelliJ IDEA 2024.2.1\jbr\bin\server\jvm.dll
0x00007ffbfa290000 - 0x00007ffbfa341000 	C:\WINDOWS\System32\ADVAPI32.dll
0x00007ffbf8d50000 - 0x00007ffbf8df7000 	C:\WINDOWS\System32\sechost.dll
0x00007ffbf7780000 - 0x00007ffbf77a8000 	C:\WINDOWS\System32\bcrypt.dll
0x00007ffbf80a0000 - 0x00007ffbf81b4000 	C:\WINDOWS\System32\RPCRT4.dll
0x00007ffbf8ed0000 - 0x00007ffbf8f41000 	C:\WINDOWS\System32\WS2_32.dll
0x00007ffbed8d0000 - 0x00007ffbed904000 	C:\WINDOWS\SYSTEM32\WINMM.dll
0x00007ffbe99c0000 - 0x00007ffbe99ca000 	C:\WINDOWS\SYSTEM32\VERSION.dll
0x00007ffbf6500000 - 0x00007ffbf654d000 	C:\WINDOWS\SYSTEM32\POWRPROF.dll
0x00007ffbf64e0000 - 0x00007ffbf64f3000 	C:\WINDOWS\SYSTEM32\UMPDC.dll
0x00007ffbf6790000 - 0x00007ffbf67a8000 	C:\WINDOWS\SYSTEM32\kernel.appcore.dll
0x00007ffbe99e0000 - 0x00007ffbe99ea000 	D:\IntelliJ IDEA 2024.2.1\jbr\bin\jimage.dll
0x00007ffbf4f70000 - 0x00007ffbf51a2000 	C:\WINDOWS\SYSTEM32\DBGHELP.DLL
0x00007ffbf8370000 - 0x00007ffbf8700000 	C:\WINDOWS\System32\combase.dll
0x00007ffbfa1b0000 - 0x00007ffbfa287000 	C:\WINDOWS\System32\OLEAUT32.dll
0x00007ffbeaef0000 - 0x00007ffbeaf22000 	C:\WINDOWS\SYSTEM32\dbgcore.DLL
0x00007ffbf7700000 - 0x00007ffbf777b000 	C:\WINDOWS\System32\bcryptPrimitives.dll
0x00007ffbe5640000 - 0x00007ffbe565f000 	D:\IntelliJ IDEA 2024.2.1\jbr\bin\java.dll

dbghelp: loaded successfully - version: 4.0.5 - missing functions: none
symbol engine: initialized successfully - sym options: 0x614 - pdb path: .;D:\IntelliJ IDEA 2024.2.1\jbr\bin;C:\WINDOWS\SYSTEM32;C:\WINDOWS\WinSxS\amd64_microsoft.windows.common-controls_6595b64144ccf1df_6.0.22621.4830_none_270fe7d773858e80;D:\IntelliJ IDEA 2024.2.1\jbr\bin\server

VM Arguments:
jvm_args: -Djava.rmi.server.hostname=127.0.0.1 -Duser.timezone=UTC -Xmx2048m -Xms128m -Djdbc.classpath=D:\IntelliJ IDEA 2024.2.1\plugins\DatabaseTools\lib\jdbc-console.jar;C:\Users\86139\AppData\Roaming\JetBrains\IntelliJIdea2024.2\jdbc-drivers\MySQL ConnectorJ\8.2.0\com\mysql\mysql-connector-j\8.2.0\mysql-connector-j-8.2.0.jar;C:\Users\86139\AppData\Roaming\JetBrains\IntelliJIdea2024.2\jdbc-drivers\MySQL ConnectorJ\8.2.0\com\google\protobuf\protobuf-java\3.21.9\protobuf-java-3.21.9.jar --add-exports=java.desktop/sun.awt=ALL-UNNAMED --add-exports=java.desktop/java.awt.peer=ALL-UNNAMED --add-opens=java.desktop/java.awt=ALL-UNNAMED --add-opens=jdk.unsupported/sun.misc=ALL-UNNAMED --add-opens=java.base/java.nio=ALL-UNNAMED --add-opens=java.base/java.util=ALL-UNNAMED -Dfile.encoding=UTF-8 -Dsun.stdout.encoding=UTF-8 -Dsun.stderr.encoding=UTF-8 
java_command: com.intellij.database.remote.RemoteJdbcServer com.mysql.cj.jdbc.Driver
java_class_path (initial): D:\IntelliJ IDEA 2024.2.1\lib\util_rt.jar;D:\IntelliJ IDEA 2024.2.1\lib\util-8.jar;D:\IntelliJ IDEA 2024.2.1\lib\groovy.jar;D:\IntelliJ IDEA 2024.2.1\plugins\DatabaseTools\lib\jdbc-console.jar;D:\IntelliJ IDEA 2024.2.1\plugins\grid-core-impl\lib\jdbc-console-types.jar;D:\IntelliJ IDEA 2024.2.1\lib\util.jar;D:\IntelliJ IDEA 2024.2.1\lib\bouncy-castle.jar
Launcher Type: SUN_STANDARD

[Global flags]
     intx CICompilerCount                          = 4                                         {product} {ergonomic}
     uint ConcGCThreads                            = 2                                         {product} {ergonomic}
     uint G1ConcRefinementThreads                  = 8                                         {product} {ergonomic}
   size_t G1HeapRegionSize                         = 1048576                                   {product} {ergonomic}
    uintx GCDrainStackTargetSize                   = 64                                        {product} {ergonomic}
   size_t InitialHeapSize                          = 134217728                                 {product} {command line}
   size_t MarkStackSize                            = 4194304                                   {product} {ergonomic}
   size_t MaxHeapSize                              = 2147483648                                {product} {command line}
   size_t MinHeapDeltaBytes                        = 1048576                                   {product} {ergonomic}
   size_t MinHeapSize                              = 134217728                                 {product} {command line}
    uintx NonNMethodCodeHeapSize                   = 5839372                                {pd product} {ergonomic}
    uintx NonProfiledCodeHeapSize                  = 122909434                              {pd product} {ergonomic}
    uintx ProfiledCodeHeapSize                     = 122909434                              {pd product} {ergonomic}
    uintx ReservedCodeCacheSize                    = 251658240                              {pd product} {ergonomic}
     bool SegmentedCodeCache                       = true                                      {product} {ergonomic}
   size_t SoftMaxHeapSize                          = 2147483648                             {manageable} {ergonomic}
     bool UseCompressedOops                        = true                           {product lp64_product} {ergonomic}
     bool UseG1GC                                  = true                                      {product} {ergonomic}
     bool UseLargePagesIndividualAllocation        = false                                  {pd product} {ergonomic}

Logging:
Log output configuration:
 #0: stdout all=warning uptime,level,tags foldmultilines=false
 #1: stderr all=off uptime,level,tags foldmultilines=false

Environment Variables:
JAVA_HOME=D:\openjdk21\jdk-21.0.2
PATH=C:\Program Files\Common Files\Oracle\Java\javapath;D:\虚拟机\bin\;C:;Program Files (x86)\Common Files\Oracle\Java\javapath;C:\Program Files (x86)\NVIDIA Corporation\PhysX\Common;D:\Java\JDK;C:\WINDOWS\system32;C:\WINDOWS;C:\WINDOWS\System32\Wbem;C:\WINDOWS\System32\WindowsPowerShell\v1.0\;C:\WINDOWS\System32\OpenSSH\;D:\tomcat10\lib;D:\tomcat10\bin;D:\Rational\common;D:\openjdk21\jdk-21.0.2\bin;D:\maven\apache-maven-3.9.9\bin;D:\Git\cmd;D:\nvm;D:\nodejs;D:\redis5;D:\tools;C:\Program Files\Mozilla Firefox;;D:\tools\微信web开发者工具\dll;D:\微信web开发者工具\dll;C:\Users\86139\AppData\Local\pnpm;C:\Users\86139\AppData\Local\Microsoft\WindowsApps;D:\Java\JDK;D:\tomcat10\lib;D:\tomcat10\bin;C:\Users\86139\AppData\Roaming\npm;D:\maven\apache-maven-3.9.9\bin;D:\nvm;D:\nodejs;D:\Microsoft VS Code\bin;D:\redis5;
USERNAME=86139
OS=Windows_NT
PROCESSOR_IDENTIFIER=Intel64 Family 6 Model 140 Stepping 2, GenuineIntel
TMP=C:\Users\86139\AppData\Local\Temp
TEMP=C:\Users\86139\AppData\Local\Temp




Periodic native trim disabled

JNI global refs:
JNI global refs: 0, weak refs: 0

JNI global refs memory usage: 0, weak refs: 0

Process memory usage:
Resident Set Size: 11708K (0% of 16555320K total physical memory with 2774272K free physical memory)

OOME stack traces (most recent first):
Classloader memory used:

---------------  S Y S T E M  ---------------

OS:
 Windows 11 , 64 bit Build 22621 (10.0.22621.4830)
OS uptime: 8 days 11:59 hours

CPU: total 8 (initial active 8) (4 cores per cpu, 2 threads per core) family 6 model 140 stepping 2 microcode 0x22, cx8, cmov, fxsr, ht, mmx, 3dnowpref, sse, sse2, sse3, ssse3, sse4.1, sse4.2, popcnt, lzcnt, tsc, tscinvbit, avx, avx2, aes, erms, clmul, bmi1, bmi2, adx, avx512f, avx512dq, avx512cd, avx512bw, avx512vl, sha, fma, vzeroupper, avx512_vpopcntdq, avx512_vpclmulqdq, avx512_vaes, avx512_vnni, clflush, clflushopt, clwb, avx512_vbmi2, avx512_vbmi, rdtscp, rdpid, fsrm, gfni, avx512_bitalg, f16c, pku, cet_ibt, cet_ss, avx512_ifma
Processor Information for all 8 processors :
  Max Mhz: 2496, Current Mhz: 2496, Mhz Limit: 2496

Memory: 4k page, system-wide physical 16167M (2709M free)
TotalPageFile size 19083M (AvailPageFile size 4M)
current process WorkingSet (physical memory assigned to process): 11M, peak: 11M
current process commit charge ("private bytes"): 56M, peak: 57M

vm_info: OpenJDK 64-Bit Server VM (21.0.3+13-b509.11) for windows-amd64 JRE (21.0.3+13-b509.11), built on 2024-08-12 by "builduser" with MS VC++ 16.10 / 16.11 (VS2019)

END.
