#
# There is insufficient memory for the Java Runtime Environment to continue.
# Native memory allocation (malloc) failed to allocate 431776 bytes for Chunk::new
# Possible reasons:
#   The system is out of physical RAM or swap space
#   The process is running with CompressedOops enabled, and the Java Heap may be blocking the growth of the native heap
# Possible solutions:
#   Reduce memory load on the system
#   Increase physical memory or swap space
#   Check if swap backing store is full
#   Decrease Java heap size (-Xmx/-Xms)
#   Decrease number of Java threads
#   Decrease Java thread stack sizes (-Xss)
#   Set larger code cache with -XX:ReservedCodeCacheSize=
#   JVM is running with Zero Based Compressed Oops mode in which the Java heap is
#     placed in the first 32GB address space. The Java Heap base address is the
#     maximum limit for the native heap growth. Please use -XX:HeapBaseMinAddress
#     to set the Java Heap base and to place the Java Heap above 32GB virtual address.
# This output file may be truncated or incomplete.
#
#  Out of Memory Error (arena.cpp:189), pid=12708, tid=21700
#
# JRE version: Java(TM) SE Runtime Environment (17.0.12+8) (build 17.0.12+8-LTS-286)
# Java VM: Java HotSpot(TM) 64-Bit Server VM (17.0.12+8-LTS-286, mixed mode, sharing, tiered, compressed oops, compressed class ptrs, g1 gc, windows-amd64)
# No core dump will be written. Minidumps are not enabled by default on client versions of Windows
#

---------------  S U M M A R Y ------------

Command Line: -javaagent:D:\IntelliJ IDEA 2024.2.1\lib\idea_rt.jar=15953:D:\IntelliJ IDEA 2024.2.1\bin -Dfile.encoding=UTF-8 top.cj.requestservice.crawler.NewsCrawler

Host: 11th Gen Intel(R) Core(TM) i5-1155G7 @ 2.50GHz, 8 cores, 15G,  Windows 11 , 64 bit Build 22621 (10.0.22621.4830)
Time: Fri Feb 28 10:33:15 2025  Windows 11 , 64 bit Build 22621 (10.0.22621.4830) elapsed time: 0.737872 seconds (0d 0h 0m 0s)

---------------  T H R E A D  ---------------

Current thread (0x0000016549476540):  JavaThread "C2 CompilerThread1" daemon [_thread_in_native, id=21700, stack(0x0000003283700000,0x0000003283800000)]


Current CompileTask:
C2:    737 1201   !   4       jdk.internal.loader.URLClassPath$JarLoader::getResource (354 bytes)

Stack: [0x0000003283700000,0x0000003283800000]
Native frames: (J=compiled Java code, j=interpreted, Vv=VM code, C=native code)
V  [jvm.dll+0x67a04a]
V  [jvm.dll+0x7da4ed]
V  [jvm.dll+0x7dbe33]
V  [jvm.dll+0x7dc4a3]
V  [jvm.dll+0x24508f]
V  [jvm.dll+0xab773]
V  [jvm.dll+0xabd3c]
V  [jvm.dll+0x2aa52f]
V  [jvm.dll+0x581eb9]
V  [jvm.dll+0x21f422]
V  [jvm.dll+0x21f81f]
V  [jvm.dll+0x218aa0]
V  [jvm.dll+0x215b65]
V  [jvm.dll+0x1a2960]
V  [jvm.dll+0x22610b]
V  [jvm.dll+0x2242ab]
V  [jvm.dll+0x79075c]
V  [jvm.dll+0x78abea]
V  [jvm.dll+0x678f35]
C  [ucrtbase.dll+0x29333]
C  [KERNEL32.DLL+0x1259d]
C  [ntdll.dll+0x5af38]


---------------  P R O C E S S  ---------------

Threads class SMR info:
_java_thread_list=0x000001658f37e150, length=14, elements={
0x0000016526508c90, 0x00000165491b8490, 0x00000165491bba80, 0x0000016549255d50,
0x0000016549256720, 0x00000165492591f0, 0x000001654925abc0, 0x000001654925dda0,
0x0000016549264890, 0x0000016549264fc0, 0x000001654936a910, 0x0000016549476540,
0x000001654936c260, 0x000001654936a400
}

Java Threads: ( => current thread )
  0x0000016526508c90 JavaThread "main" [_thread_in_native, id=11996, stack(0x0000003282600000,0x0000003282700000)]
  0x00000165491b8490 JavaThread "Reference Handler" daemon [_thread_blocked, id=14680, stack(0x0000003282d00000,0x0000003282e00000)]
  0x00000165491bba80 JavaThread "Finalizer" daemon [_thread_blocked, id=15420, stack(0x0000003282e00000,0x0000003282f00000)]
  0x0000016549255d50 JavaThread "Signal Dispatcher" daemon [_thread_blocked, id=19984, stack(0x0000003282f00000,0x0000003283000000)]
  0x0000016549256720 JavaThread "Attach Listener" daemon [_thread_blocked, id=18688, stack(0x0000003283000000,0x0000003283100000)]
  0x00000165492591f0 JavaThread "Service Thread" daemon [_thread_blocked, id=6744, stack(0x0000003283100000,0x0000003283200000)]
  0x000001654925abc0 JavaThread "Monitor Deflation Thread" daemon [_thread_blocked, id=14256, stack(0x0000003283200000,0x0000003283300000)]
  0x000001654925dda0 JavaThread "C2 CompilerThread0" daemon [_thread_blocked, id=22364, stack(0x0000003283300000,0x0000003283400000)]
  0x0000016549264890 JavaThread "C1 CompilerThread0" daemon [_thread_blocked, id=468, stack(0x0000003283400000,0x0000003283500000)]
  0x0000016549264fc0 JavaThread "Sweeper thread" daemon [_thread_blocked, id=18776, stack(0x0000003283500000,0x0000003283600000)]
  0x000001654936a910 JavaThread "Common-Cleaner" daemon [_thread_blocked, id=19060, stack(0x0000003283600000,0x0000003283700000)]
=>0x0000016549476540 JavaThread "C2 CompilerThread1" daemon [_thread_in_native, id=21700, stack(0x0000003283700000,0x0000003283800000)]
  0x000001654936c260 JavaThread "Monitor Ctrl-Break" daemon [_thread_in_native, id=17168, stack(0x0000003283800000,0x0000003283900000)]
  0x000001654936a400 JavaThread "Notification Thread" daemon [_thread_blocked, id=13576, stack(0x0000003283900000,0x0000003283a00000)]

Other Threads:
  0x00000165491b57b0 VMThread "VM Thread" [stack: 0x0000003282c00000,0x0000003282d00000] [id=5164]
  0x00000165495d17b0 WatcherThread [stack: 0x0000003283a00000,0x0000003283b00000] [id=14544]
  0x00000165265749d0 GCTaskThread "GC Thread#0" [stack: 0x0000003282700000,0x0000003282800000] [id=8308]
  0x000001658f059070 GCTaskThread "GC Thread#1" [stack: 0x0000003283c00000,0x0000003283d00000] [id=1984]
  0x0000016549b2fad0 GCTaskThread "GC Thread#2" [stack: 0x0000003283d00000,0x0000003283e00000] [id=16440]
  0x000001658f187bc0 GCTaskThread "GC Thread#3" [stack: 0x0000003283e00000,0x0000003283f00000] [id=15392]
  0x0000016549cff0a0 GCTaskThread "GC Thread#4" [stack: 0x0000003283f00000,0x0000003284000000] [id=14156]
  0x0000016549cff360 GCTaskThread "GC Thread#5" [stack: 0x0000003284000000,0x0000003284100000] [id=19812]
  0x0000016549d8adc0 GCTaskThread "GC Thread#6" [stack: 0x0000003284100000,0x0000003284200000] [id=1384]
  0x00000165265855b0 ConcurrentGCThread "G1 Main Marker" [stack: 0x0000003282800000,0x0000003282900000] [id=11520]
  0x0000016526585fd0 ConcurrentGCThread "G1 Conc#0" [stack: 0x0000003282900000,0x0000003282a00000] [id=4504]
  0x0000016549071560 ConcurrentGCThread "G1 Refine#0" [stack: 0x0000003282a00000,0x0000003282b00000] [id=13524]
  0x0000016549c856e0 ConcurrentGCThread "G1 Refine#1" [stack: 0x0000003284200000,0x0000003284300000] [id=1776]
  0x0000016549cffa20 ConcurrentGCThread "G1 Refine#2" [stack: 0x0000003284300000,0x0000003284400000] [id=2684]
  0x000001658f37d430 ConcurrentGCThread "G1 Refine#3" [stack: 0x0000003284400000,0x0000003284500000] [id=7732]
  0x0000016549072d50 ConcurrentGCThread "G1 Service" [stack: 0x0000003282b00000,0x0000003282c00000] [id=2216]

Threads with active compile tasks:
C2 CompilerThread1      762 1201   !   4       jdk.internal.loader.URLClassPath$JarLoader::getResource (354 bytes)

VM state: not at safepoint (normal execution)

VM Mutex/Monitor currently owned by a thread: None

Heap address: 0x0000000703600000, size: 4042 MB, Compressed Oops mode: Zero based, Oop shift amount: 3

CDS archive(s) mapped at: [0x000001654a000000-0x000001654abd0000-0x000001654abd0000), size 12386304, SharedBaseAddress: 0x000001654a000000, ArchiveRelocationMode: 1.
Compressed class space mapped at: 0x000001654b000000-0x000001658b000000, reserved size: 1073741824
Narrow klass base: 0x000001654a000000, Narrow klass shift: 0, Narrow klass range: 0x100000000

GC Precious Log:
 CPUs: 8 total, 8 available
 Memory: 16167M
 Large Page Support: Disabled
 NUMA Support: Disabled
 Compressed Oops: Enabled (Zero based)
 Heap Region Size: 2M
 Heap Min Capacity: 8M
 Heap Initial Capacity: 254M
 Heap Max Capacity: 4042M
 Pre-touch: Disabled
 Parallel Workers: 8
 Concurrent Workers: 2
 Concurrent Refinement Workers: 8
 Periodic GC: Disabled

Heap:
 garbage-first heap   total 260096K, used 12712K [0x0000000703600000, 0x0000000800000000)
  region size 2048K, 5 young (10240K), 2 survivors (4096K)
 Metaspace       used 6773K, committed 6912K, reserved 1114112K
  class space    used 749K, committed 832K, reserved 1048576K

Heap Regions: E=young(eden), S=young(survivor), O=old, HS=humongous(starts), HC=humongous(continues), CS=collection set, F=free, OA=open archive, CA=closed archive, TAMS=top-at-mark-start (previous, next)
|   0|0x0000000703600000, 0x0000000703800000, 0x0000000703800000|100%| O|  |TAMS 0x0000000703600000, 0x0000000703600000| Untracked 
|   1|0x0000000703800000, 0x0000000703a00000, 0x0000000703a00000|100%| O|  |TAMS 0x0000000703800000, 0x0000000703800000| Untracked 
|   2|0x0000000703a00000, 0x0000000703a6a000, 0x0000000703c00000| 20%| O|  |TAMS 0x0000000703a00000, 0x0000000703a00000| Untracked 
|   3|0x0000000703c00000, 0x0000000703c00000, 0x0000000703e00000|  0%| F|  |TAMS 0x0000000703c00000, 0x0000000703c00000| Untracked 
|   4|0x0000000703e00000, 0x0000000703e00000, 0x0000000704000000|  0%| F|  |TAMS 0x0000000703e00000, 0x0000000703e00000| Untracked 
|   5|0x0000000704000000, 0x0000000704000000, 0x0000000704200000|  0%| F|  |TAMS 0x0000000704000000, 0x0000000704000000| Untracked 
|   6|0x0000000704200000, 0x0000000704200000, 0x0000000704400000|  0%| F|  |TAMS 0x0000000704200000, 0x0000000704200000| Untracked 
|   7|0x0000000704400000, 0x0000000704400000, 0x0000000704600000|  0%| F|  |TAMS 0x0000000704400000, 0x0000000704400000| Untracked 
|   8|0x0000000704600000, 0x0000000704600000, 0x0000000704800000|  0%| F|  |TAMS 0x0000000704600000, 0x0000000704600000| Untracked 
|   9|0x0000000704800000, 0x0000000704800000, 0x0000000704a00000|  0%| F|  |TAMS 0x0000000704800000, 0x0000000704800000| Untracked 
|  10|0x0000000704a00000, 0x0000000704a00000, 0x0000000704c00000|  0%| F|  |TAMS 0x0000000704a00000, 0x0000000704a00000| Untracked 
|  11|0x0000000704c00000, 0x0000000704c00000, 0x0000000704e00000|  0%| F|  |TAMS 0x0000000704c00000, 0x0000000704c00000| Untracked 
|  12|0x0000000704e00000, 0x0000000704e00000, 0x0000000705000000|  0%| F|  |TAMS 0x0000000704e00000, 0x0000000704e00000| Untracked 
|  13|0x0000000705000000, 0x0000000705000000, 0x0000000705200000|  0%| F|  |TAMS 0x0000000705000000, 0x0000000705000000| Untracked 
|  14|0x0000000705200000, 0x0000000705200000, 0x0000000705400000|  0%| F|  |TAMS 0x0000000705200000, 0x0000000705200000| Untracked 
|  15|0x0000000705400000, 0x0000000705400000, 0x0000000705600000|  0%| F|  |TAMS 0x0000000705400000, 0x0000000705400000| Untracked 
|  16|0x0000000705600000, 0x0000000705600000, 0x0000000705800000|  0%| F|  |TAMS 0x0000000705600000, 0x0000000705600000| Untracked 
|  17|0x0000000705800000, 0x0000000705800000, 0x0000000705a00000|  0%| F|  |TAMS 0x0000000705800000, 0x0000000705800000| Untracked 
|  18|0x0000000705a00000, 0x0000000705a00000, 0x0000000705c00000|  0%| F|  |TAMS 0x0000000705a00000, 0x0000000705a00000| Untracked 
|  19|0x0000000705c00000, 0x0000000705c00000, 0x0000000705e00000|  0%| F|  |TAMS 0x0000000705c00000, 0x0000000705c00000| Untracked 
|  20|0x0000000705e00000, 0x0000000705e00000, 0x0000000706000000|  0%| F|  |TAMS 0x0000000705e00000, 0x0000000705e00000| Untracked 
|  21|0x0000000706000000, 0x0000000706000000, 0x0000000706200000|  0%| F|  |TAMS 0x0000000706000000, 0x0000000706000000| Untracked 
|  22|0x0000000706200000, 0x0000000706200000, 0x0000000706400000|  0%| F|  |TAMS 0x0000000706200000, 0x0000000706200000| Untracked 
|  23|0x0000000706400000, 0x0000000706400000, 0x0000000706600000|  0%| F|  |TAMS 0x0000000706400000, 0x0000000706400000| Untracked 
|  24|0x0000000706600000, 0x0000000706600000, 0x0000000706800000|  0%| F|  |TAMS 0x0000000706600000, 0x0000000706600000| Untracked 
|  25|0x0000000706800000, 0x0000000706800000, 0x0000000706a00000|  0%| F|  |TAMS 0x0000000706800000, 0x0000000706800000| Untracked 
|  26|0x0000000706a00000, 0x0000000706a00000, 0x0000000706c00000|  0%| F|  |TAMS 0x0000000706a00000, 0x0000000706a00000| Untracked 
|  27|0x0000000706c00000, 0x0000000706c00000, 0x0000000706e00000|  0%| F|  |TAMS 0x0000000706c00000, 0x0000000706c00000| Untracked 
|  28|0x0000000706e00000, 0x0000000706e00000, 0x0000000707000000|  0%| F|  |TAMS 0x0000000706e00000, 0x0000000706e00000| Untracked 
|  29|0x0000000707000000, 0x0000000707000000, 0x0000000707200000|  0%| F|  |TAMS 0x0000000707000000, 0x0000000707000000| Untracked 
|  30|0x0000000707200000, 0x0000000707200000, 0x0000000707400000|  0%| F|  |TAMS 0x0000000707200000, 0x0000000707200000| Untracked 
|  31|0x0000000707400000, 0x0000000707400000, 0x0000000707600000|  0%| F|  |TAMS 0x0000000707400000, 0x0000000707400000| Untracked 
|  32|0x0000000707600000, 0x0000000707600000, 0x0000000707800000|  0%| F|  |TAMS 0x0000000707600000, 0x0000000707600000| Untracked 
|  33|0x0000000707800000, 0x0000000707800000, 0x0000000707a00000|  0%| F|  |TAMS 0x0000000707800000, 0x0000000707800000| Untracked 
|  34|0x0000000707a00000, 0x0000000707a00000, 0x0000000707c00000|  0%| F|  |TAMS 0x0000000707a00000, 0x0000000707a00000| Untracked 
|  35|0x0000000707c00000, 0x0000000707c00000, 0x0000000707e00000|  0%| F|  |TAMS 0x0000000707c00000, 0x0000000707c00000| Untracked 
|  36|0x0000000707e00000, 0x0000000707e00000, 0x0000000708000000|  0%| F|  |TAMS 0x0000000707e00000, 0x0000000707e00000| Untracked 
|  37|0x0000000708000000, 0x0000000708000000, 0x0000000708200000|  0%| F|  |TAMS 0x0000000708000000, 0x0000000708000000| Untracked 
|  38|0x0000000708200000, 0x0000000708200000, 0x0000000708400000|  0%| F|  |TAMS 0x0000000708200000, 0x0000000708200000| Untracked 
|  39|0x0000000708400000, 0x0000000708400000, 0x0000000708600000|  0%| F|  |TAMS 0x0000000708400000, 0x0000000708400000| Untracked 
|  40|0x0000000708600000, 0x0000000708600000, 0x0000000708800000|  0%| F|  |TAMS 0x0000000708600000, 0x0000000708600000| Untracked 
|  41|0x0000000708800000, 0x0000000708800000, 0x0000000708a00000|  0%| F|  |TAMS 0x0000000708800000, 0x0000000708800000| Untracked 
|  42|0x0000000708a00000, 0x0000000708a00000, 0x0000000708c00000|  0%| F|  |TAMS 0x0000000708a00000, 0x0000000708a00000| Untracked 
|  43|0x0000000708c00000, 0x0000000708c00000, 0x0000000708e00000|  0%| F|  |TAMS 0x0000000708c00000, 0x0000000708c00000| Untracked 
|  44|0x0000000708e00000, 0x0000000708e00000, 0x0000000709000000|  0%| F|  |TAMS 0x0000000708e00000, 0x0000000708e00000| Untracked 
|  45|0x0000000709000000, 0x0000000709000000, 0x0000000709200000|  0%| F|  |TAMS 0x0000000709000000, 0x0000000709000000| Untracked 
|  46|0x0000000709200000, 0x0000000709200000, 0x0000000709400000|  0%| F|  |TAMS 0x0000000709200000, 0x0000000709200000| Untracked 
|  47|0x0000000709400000, 0x0000000709400000, 0x0000000709600000|  0%| F|  |TAMS 0x0000000709400000, 0x0000000709400000| Untracked 
|  48|0x0000000709600000, 0x0000000709600000, 0x0000000709800000|  0%| F|  |TAMS 0x0000000709600000, 0x0000000709600000| Untracked 
|  49|0x0000000709800000, 0x0000000709800000, 0x0000000709a00000|  0%| F|  |TAMS 0x0000000709800000, 0x0000000709800000| Untracked 
|  50|0x0000000709a00000, 0x0000000709a00000, 0x0000000709c00000|  0%| F|  |TAMS 0x0000000709a00000, 0x0000000709a00000| Untracked 
|  51|0x0000000709c00000, 0x0000000709c00000, 0x0000000709e00000|  0%| F|  |TAMS 0x0000000709c00000, 0x0000000709c00000| Untracked 
|  52|0x0000000709e00000, 0x0000000709e00000, 0x000000070a000000|  0%| F|  |TAMS 0x0000000709e00000, 0x0000000709e00000| Untracked 
|  53|0x000000070a000000, 0x000000070a000000, 0x000000070a200000|  0%| F|  |TAMS 0x000000070a000000, 0x000000070a000000| Untracked 
|  54|0x000000070a200000, 0x000000070a200000, 0x000000070a400000|  0%| F|  |TAMS 0x000000070a200000, 0x000000070a200000| Untracked 
|  55|0x000000070a400000, 0x000000070a400000, 0x000000070a600000|  0%| F|  |TAMS 0x000000070a400000, 0x000000070a400000| Untracked 
|  56|0x000000070a600000, 0x000000070a600000, 0x000000070a800000|  0%| F|  |TAMS 0x000000070a600000, 0x000000070a600000| Untracked 
|  57|0x000000070a800000, 0x000000070a800000, 0x000000070aa00000|  0%| F|  |TAMS 0x000000070a800000, 0x000000070a800000| Untracked 
|  58|0x000000070aa00000, 0x000000070aa00000, 0x000000070ac00000|  0%| F|  |TAMS 0x000000070aa00000, 0x000000070aa00000| Untracked 
|  59|0x000000070ac00000, 0x000000070ac00000, 0x000000070ae00000|  0%| F|  |TAMS 0x000000070ac00000, 0x000000070ac00000| Untracked 
|  60|0x000000070ae00000, 0x000000070ae00000, 0x000000070b000000|  0%| F|  |TAMS 0x000000070ae00000, 0x000000070ae00000| Untracked 
|  61|0x000000070b000000, 0x000000070b000000, 0x000000070b200000|  0%| F|  |TAMS 0x000000070b000000, 0x000000070b000000| Untracked 
|  62|0x000000070b200000, 0x000000070b200000, 0x000000070b400000|  0%| F|  |TAMS 0x000000070b200000, 0x000000070b200000| Untracked 
|  63|0x000000070b400000, 0x000000070b400000, 0x000000070b600000|  0%| F|  |TAMS 0x000000070b400000, 0x000000070b400000| Untracked 
|  64|0x000000070b600000, 0x000000070b600000, 0x000000070b800000|  0%| F|  |TAMS 0x000000070b600000, 0x000000070b600000| Untracked 
|  65|0x000000070b800000, 0x000000070b800000, 0x000000070ba00000|  0%| F|  |TAMS 0x000000070b800000, 0x000000070b800000| Untracked 
|  66|0x000000070ba00000, 0x000000070ba00000, 0x000000070bc00000|  0%| F|  |TAMS 0x000000070ba00000, 0x000000070ba00000| Untracked 
|  67|0x000000070bc00000, 0x000000070bc00000, 0x000000070be00000|  0%| F|  |TAMS 0x000000070bc00000, 0x000000070bc00000| Untracked 
|  68|0x000000070be00000, 0x000000070be00000, 0x000000070c000000|  0%| F|  |TAMS 0x000000070be00000, 0x000000070be00000| Untracked 
|  69|0x000000070c000000, 0x000000070c000000, 0x000000070c200000|  0%| F|  |TAMS 0x000000070c000000, 0x000000070c000000| Untracked 
|  70|0x000000070c200000, 0x000000070c200000, 0x000000070c400000|  0%| F|  |TAMS 0x000000070c200000, 0x000000070c200000| Untracked 
|  71|0x000000070c400000, 0x000000070c400000, 0x000000070c600000|  0%| F|  |TAMS 0x000000070c400000, 0x000000070c400000| Untracked 
|  72|0x000000070c600000, 0x000000070c600000, 0x000000070c800000|  0%| F|  |TAMS 0x000000070c600000, 0x000000070c600000| Untracked 
|  73|0x000000070c800000, 0x000000070c800000, 0x000000070ca00000|  0%| F|  |TAMS 0x000000070c800000, 0x000000070c800000| Untracked 
|  74|0x000000070ca00000, 0x000000070ca00000, 0x000000070cc00000|  0%| F|  |TAMS 0x000000070ca00000, 0x000000070ca00000| Untracked 
|  75|0x000000070cc00000, 0x000000070cc00000, 0x000000070ce00000|  0%| F|  |TAMS 0x000000070cc00000, 0x000000070cc00000| Untracked 
|  76|0x000000070ce00000, 0x000000070ce00000, 0x000000070d000000|  0%| F|  |TAMS 0x000000070ce00000, 0x000000070ce00000| Untracked 
|  77|0x000000070d000000, 0x000000070d000000, 0x000000070d200000|  0%| F|  |TAMS 0x000000070d000000, 0x000000070d000000| Untracked 
|  78|0x000000070d200000, 0x000000070d200000, 0x000000070d400000|  0%| F|  |TAMS 0x000000070d200000, 0x000000070d200000| Untracked 
|  79|0x000000070d400000, 0x000000070d400000, 0x000000070d600000|  0%| F|  |TAMS 0x000000070d400000, 0x000000070d400000| Untracked 
|  80|0x000000070d600000, 0x000000070d600000, 0x000000070d800000|  0%| F|  |TAMS 0x000000070d600000, 0x000000070d600000| Untracked 
|  81|0x000000070d800000, 0x000000070d800000, 0x000000070da00000|  0%| F|  |TAMS 0x000000070d800000, 0x000000070d800000| Untracked 
|  82|0x000000070da00000, 0x000000070da00000, 0x000000070dc00000|  0%| F|  |TAMS 0x000000070da00000, 0x000000070da00000| Untracked 
|  83|0x000000070dc00000, 0x000000070dc00000, 0x000000070de00000|  0%| F|  |TAMS 0x000000070dc00000, 0x000000070dc00000| Untracked 
|  84|0x000000070de00000, 0x000000070de00000, 0x000000070e000000|  0%| F|  |TAMS 0x000000070de00000, 0x000000070de00000| Untracked 
|  85|0x000000070e000000, 0x000000070e000000, 0x000000070e200000|  0%| F|  |TAMS 0x000000070e000000, 0x000000070e000000| Untracked 
|  86|0x000000070e200000, 0x000000070e200000, 0x000000070e400000|  0%| F|  |TAMS 0x000000070e200000, 0x000000070e200000| Untracked 
|  87|0x000000070e400000, 0x000000070e400000, 0x000000070e600000|  0%| F|  |TAMS 0x000000070e400000, 0x000000070e400000| Untracked 
|  88|0x000000070e600000, 0x000000070e600000, 0x000000070e800000|  0%| F|  |TAMS 0x000000070e600000, 0x000000070e600000| Untracked 
|  89|0x000000070e800000, 0x000000070e800000, 0x000000070ea00000|  0%| F|  |TAMS 0x000000070e800000, 0x000000070e800000| Untracked 
|  90|0x000000070ea00000, 0x000000070ea00000, 0x000000070ec00000|  0%| F|  |TAMS 0x000000070ea00000, 0x000000070ea00000| Untracked 
|  91|0x000000070ec00000, 0x000000070ec00000, 0x000000070ee00000|  0%| F|  |TAMS 0x000000070ec00000, 0x000000070ec00000| Untracked 
|  92|0x000000070ee00000, 0x000000070ee00000, 0x000000070f000000|  0%| F|  |TAMS 0x000000070ee00000, 0x000000070ee00000| Untracked 
|  93|0x000000070f000000, 0x000000070f000000, 0x000000070f200000|  0%| F|  |TAMS 0x000000070f000000, 0x000000070f000000| Untracked 
|  94|0x000000070f200000, 0x000000070f200000, 0x000000070f400000|  0%| F|  |TAMS 0x000000070f200000, 0x000000070f200000| Untracked 
|  95|0x000000070f400000, 0x000000070f400000, 0x000000070f600000|  0%| F|  |TAMS 0x000000070f400000, 0x000000070f400000| Untracked 
|  96|0x000000070f600000, 0x000000070f600000, 0x000000070f800000|  0%| F|  |TAMS 0x000000070f600000, 0x000000070f600000| Untracked 
|  97|0x000000070f800000, 0x000000070f800000, 0x000000070fa00000|  0%| F|  |TAMS 0x000000070f800000, 0x000000070f800000| Untracked 
|  98|0x000000070fa00000, 0x000000070fa00000, 0x000000070fc00000|  0%| F|  |TAMS 0x000000070fa00000, 0x000000070fa00000| Untracked 
|  99|0x000000070fc00000, 0x000000070fc00000, 0x000000070fe00000|  0%| F|  |TAMS 0x000000070fc00000, 0x000000070fc00000| Untracked 
| 100|0x000000070fe00000, 0x000000070fe00000, 0x0000000710000000|  0%| F|  |TAMS 0x000000070fe00000, 0x000000070fe00000| Untracked 
| 101|0x0000000710000000, 0x0000000710000000, 0x0000000710200000|  0%| F|  |TAMS 0x0000000710000000, 0x0000000710000000| Untracked 
| 102|0x0000000710200000, 0x0000000710200000, 0x0000000710400000|  0%| F|  |TAMS 0x0000000710200000, 0x0000000710200000| Untracked 
| 103|0x0000000710400000, 0x0000000710400000, 0x0000000710600000|  0%| F|  |TAMS 0x0000000710400000, 0x0000000710400000| Untracked 
| 104|0x0000000710600000, 0x0000000710600000, 0x0000000710800000|  0%| F|  |TAMS 0x0000000710600000, 0x0000000710600000| Untracked 
| 105|0x0000000710800000, 0x0000000710800000, 0x0000000710a00000|  0%| F|  |TAMS 0x0000000710800000, 0x0000000710800000| Untracked 
| 106|0x0000000710a00000, 0x0000000710a00000, 0x0000000710c00000|  0%| F|  |TAMS 0x0000000710a00000, 0x0000000710a00000| Untracked 
| 107|0x0000000710c00000, 0x0000000710c00000, 0x0000000710e00000|  0%| F|  |TAMS 0x0000000710c00000, 0x0000000710c00000| Untracked 
| 108|0x0000000710e00000, 0x0000000710e00000, 0x0000000711000000|  0%| F|  |TAMS 0x0000000710e00000, 0x0000000710e00000| Untracked 
| 109|0x0000000711000000, 0x0000000711000000, 0x0000000711200000|  0%| F|  |TAMS 0x0000000711000000, 0x0000000711000000| Untracked 
| 110|0x0000000711200000, 0x0000000711200000, 0x0000000711400000|  0%| F|  |TAMS 0x0000000711200000, 0x0000000711200000| Untracked 
| 111|0x0000000711400000, 0x0000000711400000, 0x0000000711600000|  0%| F|  |TAMS 0x0000000711400000, 0x0000000711400000| Untracked 
| 112|0x0000000711600000, 0x0000000711600000, 0x0000000711800000|  0%| F|  |TAMS 0x0000000711600000, 0x0000000711600000| Untracked 
| 113|0x0000000711800000, 0x0000000711800000, 0x0000000711a00000|  0%| F|  |TAMS 0x0000000711800000, 0x0000000711800000| Untracked 
| 114|0x0000000711a00000, 0x0000000711c00000, 0x0000000711c00000|100%| S|CS|TAMS 0x0000000711a00000, 0x0000000711a00000| Complete 
| 115|0x0000000711c00000, 0x0000000711e00000, 0x0000000711e00000|100%| S|CS|TAMS 0x0000000711c00000, 0x0000000711c00000| Complete 
| 116|0x0000000711e00000, 0x0000000711e00000, 0x0000000712000000|  0%| F|  |TAMS 0x0000000711e00000, 0x0000000711e00000| Untracked 
| 117|0x0000000712000000, 0x0000000712000000, 0x0000000712200000|  0%| F|  |TAMS 0x0000000712000000, 0x0000000712000000| Untracked 
| 118|0x0000000712200000, 0x0000000712200000, 0x0000000712400000|  0%| F|  |TAMS 0x0000000712200000, 0x0000000712200000| Untracked 
| 119|0x0000000712400000, 0x0000000712400000, 0x0000000712600000|  0%| F|  |TAMS 0x0000000712400000, 0x0000000712400000| Untracked 
| 120|0x0000000712600000, 0x0000000712600000, 0x0000000712800000|  0%| F|  |TAMS 0x0000000712600000, 0x0000000712600000| Untracked 
| 121|0x0000000712800000, 0x0000000712800000, 0x0000000712a00000|  0%| F|  |TAMS 0x0000000712800000, 0x0000000712800000| Untracked 
| 122|0x0000000712a00000, 0x0000000712a00000, 0x0000000712c00000|  0%| F|  |TAMS 0x0000000712a00000, 0x0000000712a00000| Untracked 
| 123|0x0000000712c00000, 0x0000000712c00000, 0x0000000712e00000|  0%| F|  |TAMS 0x0000000712c00000, 0x0000000712c00000| Untracked 
| 124|0x0000000712e00000, 0x0000000712e59cc0, 0x0000000713000000| 17%| E|  |TAMS 0x0000000712e00000, 0x0000000712e00000| Complete 
| 125|0x0000000713000000, 0x0000000713200000, 0x0000000713200000|100%| E|CS|TAMS 0x0000000713000000, 0x0000000713000000| Complete 
| 126|0x0000000713200000, 0x0000000713400000, 0x0000000713400000|100%| E|CS|TAMS 0x0000000713200000, 0x0000000713200000| Complete 

Card table byte_map: [0x000001653d8e0000,0x000001653e0d0000] _byte_map_base: 0x000001653a0c5000

Marking Bits (Prev, Next): (CMBitMap*) 0x0000016526574ff0, (CMBitMap*) 0x0000016526575030
 Prev Bits: [0x000001653e8c0000, 0x00000165427e8000)
 Next Bits: [0x00000165427f0000, 0x0000016546718000)

Polling page: 0x0000016525cc0000

Metaspace:

Usage:
  Non-class:      5.88 MB used.
      Class:    749.14 KB used.
       Both:      6.62 MB used.

Virtual space:
  Non-class space:       64.00 MB reserved,       5.94 MB (  9%) committed,  1 nodes.
      Class space:        1.00 GB reserved,     832.00 KB ( <1%) committed,  1 nodes.
             Both:        1.06 GB reserved,       6.75 MB ( <1%) committed. 

Chunk freelists:
   Non-Class:  9.33 MB
       Class:  15.09 MB
        Both:  24.42 MB

MaxMetaspaceSize: unlimited
CompressedClassSpaceSize: 1.00 GB
Initial GC threshold: 21.00 MB
Current GC threshold: 21.00 MB
CDS: on
MetaspaceReclaimPolicy: balanced
 - commit_granule_bytes: 65536.
 - commit_granule_words: 8192.
 - virtual_space_node_default_size: 8388608.
 - enlarge_chunks_in_place: 1.
 - new_chunks_are_fully_committed: 0.
 - uncommit_free_chunks: 1.
 - use_allocation_guard: 0.
 - handle_deallocations: 1.


Internal statistics:

num_allocs_failed_limit: 0.
num_arena_births: 82.
num_arena_deaths: 0.
num_vsnodes_births: 2.
num_vsnodes_deaths: 0.
num_space_committed: 108.
num_space_uncommitted: 0.
num_chunks_returned_to_freelist: 0.
num_chunks_taken_from_freelist: 185.
num_chunk_merges: 0.
num_chunk_splits: 128.
num_chunks_enlarged: 90.
num_inconsistent_stats: 0.

CodeHeap 'non-profiled nmethods': size=120000Kb used=532Kb max_used=532Kb free=119467Kb
 bounds [0x0000016535880000, 0x0000016535af0000, 0x000001653cdb0000]
CodeHeap 'profiled nmethods': size=120000Kb used=2233Kb max_used=2233Kb free=117766Kb
 bounds [0x000001652ddb0000, 0x000001652e020000, 0x00000165352e0000]
CodeHeap 'non-nmethods': size=5760Kb used=1182Kb max_used=1214Kb free=4577Kb
 bounds [0x00000165352e0000, 0x0000016535550000, 0x0000016535880000]
 total_blobs=1686 nmethods=1220 adapters=379
 compilation: enabled
              stopped_count=0, restarted_count=0
 full_count=0

Compilation events (20 events):
Event: 0.720 Thread 0x0000016549264890 1208       3       java.lang.ClassLoader::postDefineClass (39 bytes)
Event: 0.720 Thread 0x0000016549264890 nmethod 1208 0x000001652dfd4210 code [0x000001652dfd4400, 0x000001652dfd4718]
Event: 0.720 Thread 0x0000016549264890 1209       3       jdk.internal.loader.Resource::<init> (5 bytes)
Event: 0.720 Thread 0x0000016549264890 nmethod 1209 0x000001652dfd4890 code [0x000001652dfd4a20, 0x000001652dfd4b78]
Event: 0.721 Thread 0x0000016549264890 1210       3       sun.net.www.protocol.jar.Handler::canonicalizeString (72 bytes)
Event: 0.722 Thread 0x0000016549264890 nmethod 1210 0x000001652dfd4c10 code [0x000001652dfd4f00, 0x000001652dfd5da8]
Event: 0.722 Thread 0x0000016549264890 1211       3       java.net.URLStreamHandler::setURL (159 bytes)
Event: 0.723 Thread 0x0000016549264890 nmethod 1211 0x000001652dfd6390 code [0x000001652dfd6720, 0x000001652dfd7ca8]
Event: 0.723 Thread 0x0000016549264890 1212       3       jdk.internal.loader.URLClassPath$JarLoader$2::<init> (31 bytes)
Event: 0.723 Thread 0x0000016549264890 nmethod 1212 0x000001652dfd8590 code [0x000001652dfd8740, 0x000001652dfd8ad8]
Event: 0.723 Thread 0x0000016549264890 1213       3       jdk.internal.loader.ClassLoaders$AppClassLoader::defineOrCheckPackage (8 bytes)
Event: 0.723 Thread 0x0000016549264890 nmethod 1213 0x000001652dfd8c10 code [0x000001652dfd8da0, 0x000001652dfd8ee8]
Event: 0.723 Thread 0x0000016549264890 1214   !   3       jdk.internal.loader.BuiltinClassLoader::defineOrCheckPackage (94 bytes)
Event: 0.724 Thread 0x0000016549264890 nmethod 1214 0x000001652dfd8f90 code [0x000001652dfd9200, 0x000001652dfd9b78]
Event: 0.724 Thread 0x0000016549264890 1216   !   3       jdk.internal.loader.URLClassPath$JarLoader::checkResource (78 bytes)
Event: 0.724 Thread 0x0000016549264890 nmethod 1216 0x000001652dfd9e90 code [0x000001652dfda0e0, 0x000001652dfdab28]
Event: 0.724 Thread 0x0000016549264890 1215       3       jdk.internal.loader.BuiltinClassLoader::getAndVerifyPackage (113 bytes)
Event: 0.725 Thread 0x0000016549264890 nmethod 1215 0x000001652dfdaf90 code [0x000001652dfdb300, 0x000001652dfdc4e8]
Event: 0.728 Thread 0x0000016549264890 1219       3       java.lang.String::valueOf (15 bytes)
Event: 0.728 Thread 0x0000016549264890 nmethod 1219 0x000001652dfdcb10 code [0x000001652dfdccc0, 0x000001652dfdcec8]

GC Heap History (2 events):
Event: 0.645 GC heap before
{Heap before GC invocations=0 (full 0):
 garbage-first heap   total 260096K, used 20480K [0x0000000703600000, 0x0000000800000000)
  region size 2048K, 11 young (22528K), 0 survivors (0K)
 Metaspace       used 5557K, committed 5760K, reserved 1114112K
  class space    used 571K, committed 704K, reserved 1048576K
}
Event: 0.648 GC heap after
{Heap after GC invocations=1 (full 0):
 garbage-first heap   total 260096K, used 8616K [0x0000000703600000, 0x0000000800000000)
  region size 2048K, 2 young (4096K), 2 survivors (4096K)
 Metaspace       used 5557K, committed 5760K, reserved 1114112K
  class space    used 571K, committed 704K, reserved 1048576K
}

Deoptimization events (20 events):
Event: 0.472 Thread 0x0000016526508c90 DEOPT PACKING pc=0x000001652de7a39b sp=0x00000032826fded0
Event: 0.472 Thread 0x0000016526508c90 DEOPT UNPACKING pc=0x00000165353366e3 sp=0x00000032826fd3e0 mode 0
Event: 0.538 Thread 0x0000016526508c90 Uncommon trap: trap_request=0xffffff45 fr.pc=0x00000165358c4614 relative=0x00000000000001d4
Event: 0.538 Thread 0x0000016526508c90 Uncommon trap: reason=unstable_if action=reinterpret pc=0x00000165358c4614 method=java.util.concurrent.ConcurrentHashMap.addCount(JI)V @ 121 c2
Event: 0.538 Thread 0x0000016526508c90 DEOPT PACKING pc=0x00000165358c4614 sp=0x00000032826feb50
Event: 0.538 Thread 0x0000016526508c90 DEOPT UNPACKING pc=0x0000016535335ba3 sp=0x00000032826feab0 mode 2
Event: 0.558 Thread 0x0000016526508c90 DEOPT PACKING pc=0x000001652df4193e sp=0x00000032826fec90
Event: 0.558 Thread 0x0000016526508c90 DEOPT UNPACKING pc=0x00000165353366e3 sp=0x00000032826fe110 mode 0
Event: 0.559 Thread 0x0000016526508c90 DEOPT PACKING pc=0x000001652df4193e sp=0x00000032826fec50
Event: 0.559 Thread 0x0000016526508c90 DEOPT UNPACKING pc=0x00000165353366e3 sp=0x00000032826fe0d0 mode 0
Event: 0.559 Thread 0x0000016526508c90 DEOPT PACKING pc=0x000001652df4193e sp=0x00000032826fec90
Event: 0.559 Thread 0x0000016526508c90 DEOPT UNPACKING pc=0x00000165353366e3 sp=0x00000032826fe110 mode 0
Event: 0.560 Thread 0x0000016526508c90 DEOPT PACKING pc=0x000001652df4193e sp=0x00000032826fec90
Event: 0.560 Thread 0x0000016526508c90 DEOPT UNPACKING pc=0x00000165353366e3 sp=0x00000032826fe110 mode 0
Event: 0.561 Thread 0x0000016526508c90 DEOPT PACKING pc=0x000001652df4193e sp=0x00000032826fec50
Event: 0.561 Thread 0x0000016526508c90 DEOPT UNPACKING pc=0x00000165353366e3 sp=0x00000032826fe0d0 mode 0
Event: 0.730 Thread 0x0000016526508c90 Uncommon trap: trap_request=0xffffff45 fr.pc=0x00000165358cd084 relative=0x00000000000012c4
Event: 0.730 Thread 0x0000016526508c90 Uncommon trap: reason=unstable_if action=reinterpret pc=0x00000165358cd084 method=java.util.concurrent.ConcurrentHashMap.putVal(Ljava/lang/Object;Ljava/lang/Object;Z)Ljava/lang/Object; @ 148 c2
Event: 0.730 Thread 0x0000016526508c90 DEOPT PACKING pc=0x00000165358cd084 sp=0x00000032826fec30
Event: 0.730 Thread 0x0000016526508c90 DEOPT UNPACKING pc=0x0000016535335ba3 sp=0x00000032826febb0 mode 2

Classes unloaded (0 events):
No events

Classes redefined (0 events):
No events

Internal exceptions (14 events):
Event: 0.252 Thread 0x000001654936c260 Exception <a 'java/lang/NoSuchMethodError'{0x00000007128047f0}: 'java.lang.Object java.lang.invoke.DirectMethodHandle$Holder.invokeStaticInit(java.lang.Object)'> (0x00000007128047f0) 
thrown [s\open\src\hotspot\share\interpreter\linkResolver.cpp, line 759]
Event: 0.258 Thread 0x000001654936c260 Exception <a 'java/lang/NoSuchMethodError'{0x00000007128126b8}: 'void java.lang.invoke.DirectMethodHandle$Holder.invokeStatic(java.lang.Object, java.lang.Object)'> (0x00000007128126b8) 
thrown [s\open\src\hotspot\share\interpreter\linkResolver.cpp, line 759]
Event: 0.369 Thread 0x0000016526508c90 Exception <a 'java/lang/ClassNotFoundException'{0x00000007127f5970}: javax/smartcardio/CardPermission> (0x00000007127f5970) 
thrown [s\open\src\hotspot\share\classfile\systemDictionary.cpp, line 256]
Event: 0.373 Thread 0x0000016526508c90 Exception <a 'java/io/FileNotFoundException'{0x00000007127ffab8}> (0x00000007127ffab8) 
thrown [s\open\src\hotspot\share\prims\jni.cpp, line 516]
Event: 0.400 Thread 0x0000016526508c90 Exception <a 'java/lang/NoSuchMethodError'{0x0000000712483b08}: 'java.lang.Object java.lang.invoke.DirectMethodHandle$Holder.invokeSpecial(java.lang.Object, java.lang.Object, java.lang.Object, long, java.lang.Object)'> (0x0000000712483b08) 
thrown [s\open\src\hotspot\share\interpreter\linkResolver.cpp, line 759]
Event: 0.401 Thread 0x0000016526508c90 Exception <a 'java/lang/NoSuchMethodError'{0x00000007124876d8}: 'java.lang.Object java.lang.invoke.Invokers$Holder.linkToTargetMethod(java.lang.Object, long, java.lang.Object, java.lang.Object)'> (0x00000007124876d8) 
thrown [s\open\src\hotspot\share\interpreter\linkResolver.cpp, line 759]
Event: 0.486 Thread 0x0000016526508c90 Exception <a 'sun/nio/fs/WindowsException'{0x00000007122d3390}> (0x00000007122d3390) 
thrown [s\open\src\hotspot\share\prims\jni.cpp, line 516]
Event: 0.497 Thread 0x0000016526508c90 Exception <a 'java/lang/NoSuchMethodError'{0x00000007122fd9b0}: 'int java.lang.invoke.DirectMethodHandle$Holder.invokeStaticInit(java.lang.Object, java.lang.Object, java.lang.Object, java.lang.Object)'> (0x00000007122fd9b0) 
thrown [s\open\src\hotspot\share\interpreter\linkResolver.cpp, line 759]
Event: 0.498 Thread 0x0000016526508c90 Exception <a 'java/lang/NoSuchMethodError'{0x00000007123077a8}: 'java.lang.Object java.lang.invoke.DirectMethodHandle$Holder.invokeInterface(java.lang.Object, java.lang.Object)'> (0x00000007123077a8) 
thrown [s\open\src\hotspot\share\interpreter\linkResolver.cpp, line 759]
Event: 0.498 Thread 0x0000016526508c90 Exception <a 'java/lang/IncompatibleClassChangeError'{0x000000071230afa0}: Found class java.lang.Object, but interface was expected> (0x000000071230afa0) 
thrown [s\open\src\hotspot\share\interpreter\linkResolver.cpp, line 826]
Event: 0.498 Thread 0x0000016526508c90 Exception <a 'java/lang/NoSuchMethodError'{0x000000071230e238}: 'void java.lang.invoke.DirectMethodHandle$Holder.invokeStaticInit(java.lang.Object, java.lang.Object)'> (0x000000071230e238) 
thrown [s\open\src\hotspot\share\interpreter\linkResolver.cpp, line 759]
Event: 0.499 Thread 0x0000016526508c90 Exception <a 'java/lang/NoSuchMethodError'{0x0000000712314710}: 'int java.lang.invoke.DirectMethodHandle$Holder.invokeStaticInit(java.lang.Object, java.lang.Object)'> (0x0000000712314710) 
thrown [s\open\src\hotspot\share\interpreter\linkResolver.cpp, line 759]
Event: 0.571 Thread 0x0000016526508c90 Exception <a 'java/lang/NoSuchMethodError'{0x0000000711faf938}: 'java.lang.Object java.lang.invoke.DirectMethodHandle$Holder.invokeStaticInit(java.lang.Object, int, int, int, int)'> (0x0000000711faf938) 
thrown [s\open\src\hotspot\share\interpreter\linkResolver.cpp, line 759]
Event: 0.641 Thread 0x0000016526508c90 Exception <a 'java/lang/NoSuchMethodError'{0x0000000711ff7f00}: 'java.lang.Object java.lang.invoke.DirectMethodHandle$Holder.invokeStaticInit(java.lang.Object, java.lang.Object, int, int, int, int)'> (0x0000000711ff7f00) 
thrown [s\open\src\hotspot\share\interpreter\linkResolver.cpp, line 759]

VM Operations (20 events):
Event: 0.251 Executing VM operation: HandshakeAllThreads
Event: 0.251 Executing VM operation: HandshakeAllThreads done
Event: 0.268 Executing VM operation: HandshakeAllThreads
Event: 0.268 Executing VM operation: HandshakeAllThreads done
Event: 0.313 Executing VM operation: HandshakeAllThreads
Event: 0.313 Executing VM operation: HandshakeAllThreads done
Event: 0.330 Executing VM operation: HandshakeAllThreads
Event: 0.330 Executing VM operation: HandshakeAllThreads done
Event: 0.434 Executing VM operation: HandshakeAllThreads
Event: 0.434 Executing VM operation: HandshakeAllThreads done
Event: 0.466 Executing VM operation: HandshakeAllThreads
Event: 0.466 Executing VM operation: HandshakeAllThreads done
Event: 0.492 Executing VM operation: HandshakeAllThreads
Event: 0.492 Executing VM operation: HandshakeAllThreads done
Event: 0.529 Executing VM operation: ICBufferFull
Event: 0.529 Executing VM operation: ICBufferFull done
Event: 0.645 Executing VM operation: G1CollectForAllocation
Event: 0.648 Executing VM operation: G1CollectForAllocation done
Event: 0.650 Executing VM operation: HandshakeAllThreads
Event: 0.650 Executing VM operation: HandshakeAllThreads done

Events (20 events):
Event: 0.710 loading class sun/nio/cs/ThreadLocalCoders
Event: 0.710 loading class sun/nio/cs/ThreadLocalCoders done
Event: 0.710 loading class sun/nio/cs/ThreadLocalCoders$1
Event: 0.710 loading class sun/nio/cs/ThreadLocalCoders$Cache
Event: 0.710 loading class sun/nio/cs/ThreadLocalCoders$Cache done
Event: 0.710 loading class sun/nio/cs/ThreadLocalCoders$1 done
Event: 0.710 loading class sun/nio/cs/ThreadLocalCoders$2
Event: 0.710 loading class sun/nio/cs/ThreadLocalCoders$2 done
Event: 0.722 loading class java/nio/charset/CharacterCodingException
Event: 0.722 loading class java/nio/charset/CharacterCodingException done
Event: 0.729 loading class java/util/concurrent/ConcurrentSkipListMap$KeySet
Event: 0.729 loading class java/util/concurrent/ConcurrentSkipListMap$KeySet done
Event: 0.729 loading class java/util/concurrent/ConcurrentSkipListMap$KeyIterator
Event: 0.729 loading class java/util/concurrent/ConcurrentSkipListMap$Iter
Event: 0.729 loading class java/util/concurrent/ConcurrentSkipListMap$Iter done
Event: 0.730 loading class java/util/concurrent/ConcurrentSkipListMap$KeyIterator done
Event: 0.730 loading class java/net/InetAddress$NameServiceAddresses
Event: 0.730 loading class java/net/InetAddress$Addresses
Event: 0.730 loading class java/net/InetAddress$Addresses done
Event: 0.730 loading class java/net/InetAddress$NameServiceAddresses done


Dynamic libraries:
0x00007ff75ea70000 - 0x00007ff75ea80000 	D:\jdk17\bin\java.exe
0x00007ffbfa3b0000 - 0x00007ffbfa5c7000 	C:\WINDOWS\SYSTEM32\ntdll.dll
0x00007ffbf8e00000 - 0x00007ffbf8ec4000 	C:\WINDOWS\System32\KERNEL32.DLL
0x00007ffbf7b90000 - 0x00007ffbf7f60000 	C:\WINDOWS\System32\KERNELBASE.dll
0x00007ffbf77b0000 - 0x00007ffbf78c1000 	C:\WINDOWS\System32\ucrtbase.dll
0x00007ffbed4d0000 - 0x00007ffbed4e9000 	D:\jdk17\bin\jli.dll
0x00007ffbea270000 - 0x00007ffbea28b000 	D:\jdk17\bin\VCRUNTIME140.dll
0x00007ffbfa290000 - 0x00007ffbfa341000 	C:\WINDOWS\System32\ADVAPI32.dll
0x00007ffbf9f50000 - 0x00007ffbf9ff7000 	C:\WINDOWS\System32\msvcrt.dll
0x00007ffbf8d50000 - 0x00007ffbf8df7000 	C:\WINDOWS\System32\sechost.dll
0x00007ffbf7780000 - 0x00007ffbf77a8000 	C:\WINDOWS\System32\bcrypt.dll
0x00007ffbf80a0000 - 0x00007ffbf81b4000 	C:\WINDOWS\System32\RPCRT4.dll
0x00007ffbf81c0000 - 0x00007ffbf836e000 	C:\WINDOWS\System32\USER32.dll
0x00007ffbf78d0000 - 0x00007ffbf78f6000 	C:\WINDOWS\System32\win32u.dll
0x00007ffbfa180000 - 0x00007ffbfa1a9000 	C:\WINDOWS\System32\GDI32.dll
0x00007ffbf7900000 - 0x00007ffbf7a1b000 	C:\WINDOWS\System32\gdi32full.dll
0x00007ffbf7660000 - 0x00007ffbf76fa000 	C:\WINDOWS\System32\msvcp_win.dll
0x00007ffbd32f0000 - 0x00007ffbd3582000 	C:\WINDOWS\WinSxS\amd64_microsoft.windows.common-controls_6595b64144ccf1df_6.0.22621.4830_none_270fe7d773858e80\COMCTL32.dll
0x00007ffbe99c0000 - 0x00007ffbe99ca000 	C:\WINDOWS\SYSTEM32\VERSION.dll
0x00007ffbf8d10000 - 0x00007ffbf8d41000 	C:\WINDOWS\System32\IMM32.DLL
0x00007ffbed990000 - 0x00007ffbed99c000 	D:\jdk17\bin\vcruntime140_1.dll
0x00007ffbb6730000 - 0x00007ffbb67be000 	D:\jdk17\bin\msvcp140.dll
0x00007ffb879e0000 - 0x00007ffb885c0000 	D:\jdk17\bin\server\jvm.dll
0x00007ffbf9c70000 - 0x00007ffbf9c78000 	C:\WINDOWS\System32\PSAPI.DLL
0x00007ffbed620000 - 0x00007ffbed629000 	C:\WINDOWS\SYSTEM32\WSOCK32.dll
0x00007ffbed8d0000 - 0x00007ffbed904000 	C:\WINDOWS\SYSTEM32\WINMM.dll
0x00007ffbf8ed0000 - 0x00007ffbf8f41000 	C:\WINDOWS\System32\WS2_32.dll
0x00007ffbf6790000 - 0x00007ffbf67a8000 	C:\WINDOWS\SYSTEM32\kernel.appcore.dll
0x00007ffbea6a0000 - 0x00007ffbea6aa000 	D:\jdk17\bin\jimage.dll
0x00007ffbf4f70000 - 0x00007ffbf51a2000 	C:\WINDOWS\SYSTEM32\DBGHELP.DLL
0x00007ffbf8370000 - 0x00007ffbf8700000 	C:\WINDOWS\System32\combase.dll
0x00007ffbfa1b0000 - 0x00007ffbfa287000 	C:\WINDOWS\System32\OLEAUT32.dll
0x00007ffbeaef0000 - 0x00007ffbeaf22000 	C:\WINDOWS\SYSTEM32\dbgcore.DLL
0x00007ffbf7700000 - 0x00007ffbf777b000 	C:\WINDOWS\System32\bcryptPrimitives.dll
0x00007ffbe7a40000 - 0x00007ffbe7a4e000 	D:\jdk17\bin\instrument.dll
0x00007ffbea080000 - 0x00007ffbea0a5000 	D:\jdk17\bin\java.dll
0x00007ffb91af0000 - 0x00007ffb91bc7000 	D:\jdk17\bin\jsvml.dll
0x00007ffbf90d0000 - 0x00007ffbf9948000 	C:\WINDOWS\System32\SHELL32.dll
0x00007ffbf55c0000 - 0x00007ffbf5ed0000 	C:\WINDOWS\SYSTEM32\windows.storage.dll
0x00007ffbf5480000 - 0x00007ffbf55bf000 	C:\WINDOWS\SYSTEM32\wintypes.dll
0x00007ffbf99b0000 - 0x00007ffbf9aba000 	C:\WINDOWS\System32\SHCORE.dll
0x00007ffbf8c90000 - 0x00007ffbf8cee000 	C:\WINDOWS\System32\shlwapi.dll
0x00007ffbf7590000 - 0x00007ffbf75bb000 	C:\WINDOWS\SYSTEM32\profapi.dll
0x00007ffbe7430000 - 0x00007ffbe7448000 	D:\jdk17\bin\zip.dll
0x00007ffbe7a20000 - 0x00007ffbe7a39000 	D:\jdk17\bin\net.dll
0x00007ffbeef00000 - 0x00007ffbef02c000 	C:\WINDOWS\SYSTEM32\WINHTTP.dll
0x00007ffbf6c10000 - 0x00007ffbf6c7a000 	C:\WINDOWS\system32\mswsock.dll
0x00007ffbe7500000 - 0x00007ffbe7516000 	D:\jdk17\bin\nio.dll
0x00007ffbe41f0000 - 0x00007ffbe420a000 	D:\IntelliJ IDEA 2024.2.1\bin\breakgen64.dll
0x00007ffbf6e70000 - 0x00007ffbf6e8b000 	C:\WINDOWS\SYSTEM32\CRYPTSP.dll
0x00007ffbf66f0000 - 0x00007ffbf6725000 	C:\WINDOWS\system32\rsaenh.dll
0x00007ffbf6d00000 - 0x00007ffbf6d28000 	C:\WINDOWS\SYSTEM32\USERENV.dll
0x00007ffbf6e60000 - 0x00007ffbf6e6c000 	C:\WINDOWS\SYSTEM32\CRYPTBASE.dll
0x00007ffbf61e0000 - 0x00007ffbf620d000 	C:\WINDOWS\SYSTEM32\IPHLPAPI.DLL
0x00007ffbf8b80000 - 0x00007ffbf8b89000 	C:\WINDOWS\System32\NSI.dll
0x00007ffbed490000 - 0x00007ffbed4a9000 	C:\WINDOWS\SYSTEM32\dhcpcsvc6.DLL
0x00007ffbed470000 - 0x00007ffbed48f000 	C:\WINDOWS\SYSTEM32\dhcpcsvc.DLL
0x00007ffbf6210000 - 0x00007ffbf6312000 	C:\WINDOWS\SYSTEM32\DNSAPI.dll
0x00007ffbcce60000 - 0x00007ffbcceab000 	C:\Program Files (x86)\Sangfor\SSL\ClientComponent\SangforNspX64.dll
0x00007ffbf9ac0000 - 0x00007ffbf9c61000 	C:\WINDOWS\System32\ole32.dll
0x00007ffbeb570000 - 0x00007ffbeb5f3000 	C:\WINDOWS\System32\fwpuclnt.dll
0x00007ffbeb160000 - 0x00007ffbeb16a000 	C:\Windows\System32\rasadhlp.dll

dbghelp: loaded successfully - version: 4.0.5 - missing functions: none
symbol engine: initialized successfully - sym options: 0x614 - pdb path: .;D:\jdk17\bin;C:\WINDOWS\SYSTEM32;C:\WINDOWS\WinSxS\amd64_microsoft.windows.common-controls_6595b64144ccf1df_6.0.22621.4830_none_270fe7d773858e80;D:\jdk17\bin\server;D:\IntelliJ IDEA 2024.2.1\bin;C:\Program Files (x86)\Sangfor\SSL\ClientComponent

VM Arguments:
jvm_args: -javaagent:D:\IntelliJ IDEA 2024.2.1\lib\idea_rt.jar=15953:D:\IntelliJ IDEA 2024.2.1\bin -Dfile.encoding=UTF-8 
java_command: top.cj.requestservice.crawler.NewsCrawler
java_class_path (initial): D:\MicroService_Learning\request-servce\target\classes;D:\cj\tools\maven_jar\org\springframework\boot\spring-boot-starter-web\3.2.4\spring-boot-starter-web-3.2.4.jar;D:\cj\tools\maven_jar\org\springframework\boot\spring-boot-starter\3.2.4\spring-boot-starter-3.2.4.jar;D:\cj\tools\maven_jar\org\springframework\boot\spring-boot\3.2.4\spring-boot-3.2.4.jar;D:\cj\tools\maven_jar\org\springframework\boot\spring-boot-autoconfigure\3.2.4\spring-boot-autoconfigure-3.2.4.jar;D:\cj\tools\maven_jar\org\springframework\boot\spring-boot-starter-logging\3.2.4\spring-boot-starter-logging-3.2.4.jar;D:\cj\tools\maven_jar\ch\qos\logback\logback-classic\1.4.14\logback-classic-1.4.14.jar;D:\cj\tools\maven_jar\ch\qos\logback\logback-core\1.4.14\logback-core-1.4.14.jar;D:\cj\tools\maven_jar\org\apache\logging\log4j\log4j-to-slf4j\2.21.1\log4j-to-slf4j-2.21.1.jar;D:\cj\tools\maven_jar\org\apache\logging\log4j\log4j-api\2.21.1\log4j-api-2.21.1.jar;D:\cj\tools\maven_jar\org\slf4j\jul-to-slf4j\2.0.12\jul-to-slf4j-2.0.12.jar;D:\cj\tools\maven_jar\jakarta\annotation\jakarta.annotation-api\2.1.1\jakarta.annotation-api-2.1.1.jar;D:\cj\tools\maven_jar\org\yaml\snakeyaml\2.2\snakeyaml-2.2.jar;D:\cj\tools\maven_jar\org\springframework\boot\spring-boot-starter-json\3.2.4\spring-boot-starter-json-3.2.4.jar;D:\cj\tools\maven_jar\com\fasterxml\jackson\core\jackson-databind\2.15.4\jackson-databind-2.15.4.jar;D:\cj\tools\maven_jar\com\fasterxml\jackson\core\jackson-annotations\2.15.4\jackson-annotations-2.15.4.jar;D:\cj\tools\maven_jar\com\fasterxml\jackson\datatype\jackson-datatype-jdk8\2.15.4\jackson-datatype-jdk8-2.15.4.jar;D:\cj\tools\maven_jar\com\fasterxml\jackson\datatype\jackson-datatype-jsr310\2.15.4\jackson-datatype-jsr310-2.15.4.jar;D:\cj\tools\maven_jar\com\fasterxml\jackson\module\jackson-module-parameter-names\2.15.4\jackson-module-parameter-names-2.15.4.jar;D:\cj\tools\maven_jar\org\springframework\boot\spring-boot-starter-tomcat\3.2.4\spring-boot-starter-tomca
Launcher Type: SUN_STANDARD

[Global flags]
     intx CICompilerCount                          = 4                                         {product} {ergonomic}
     uint ConcGCThreads                            = 2                                         {product} {ergonomic}
     uint G1ConcRefinementThreads                  = 8                                         {product} {ergonomic}
   size_t G1HeapRegionSize                         = 2097152                                   {product} {ergonomic}
    uintx GCDrainStackTargetSize                   = 64                                        {product} {ergonomic}
   size_t InitialHeapSize                          = 266338304                                 {product} {ergonomic}
   size_t MarkStackSize                            = 4194304                                   {product} {ergonomic}
   size_t MaxHeapSize                              = 4238344192                                {product} {ergonomic}
   size_t MaxNewSize                               = 2541748224                                {product} {ergonomic}
   size_t MinHeapDeltaBytes                        = 2097152                                   {product} {ergonomic}
   size_t MinHeapSize                              = 8388608                                   {product} {ergonomic}
    uintx NonNMethodCodeHeapSize                   = 5839372                                {pd product} {ergonomic}
    uintx NonProfiledCodeHeapSize                  = 122909434                              {pd product} {ergonomic}
    uintx ProfiledCodeHeapSize                     = 122909434                              {pd product} {ergonomic}
    uintx ReservedCodeCacheSize                    = 251658240                              {pd product} {ergonomic}
     bool SegmentedCodeCache                       = true                                      {product} {ergonomic}
   size_t SoftMaxHeapSize                          = 4238344192                             {manageable} {ergonomic}
     bool UseCompressedClassPointers               = true                           {product lp64_product} {ergonomic}
     bool UseCompressedOops                        = true                           {product lp64_product} {ergonomic}
     bool UseG1GC                                  = true                                      {product} {ergonomic}
     bool UseLargePagesIndividualAllocation        = false                                  {pd product} {ergonomic}

Logging:
Log output configuration:
 #0: stdout all=warning uptime,level,tags
 #1: stderr all=off uptime,level,tags

Environment Variables:
JAVA_HOME=D:\openjdk21\jdk-21.0.2
PATH=C:\Program Files\Common Files\Oracle\Java\javapath;D:\ÐéÄâ»ú\bin\;C:;Program Files (x86)\Common Files\Oracle\Java\javapath;C:\Program Files (x86)\NVIDIA Corporation\PhysX\Common;D:\Java\JDK;C:\WINDOWS\system32;C:\WINDOWS;C:\WINDOWS\System32\Wbem;C:\WINDOWS\System32\WindowsPowerShell\v1.0\;C:\WINDOWS\System32\OpenSSH\;D:\tomcat10\lib;D:\tomcat10\bin;D:\Rational\common;D:\openjdk21\jdk-21.0.2\bin;D:\maven\apache-maven-3.9.9\bin;D:\Git\cmd;D:\nvm;D:\nodejs;D:\redis5;D:\tools;C:\Program Files\Mozilla Firefox;;D:\tools\Î¢ÐÅweb¿ª·¢Õß¹¤¾ß\dll;D:\Î¢ÐÅweb¿ª·¢Õß¹¤¾ß\dll;C:\Users\86139\AppData\Local\pnpm;C:\Users\86139\AppData\Local\Microsoft\WindowsApps;D:\Java\JDK;D:\tomcat10\lib;D:\tomcat10\bin;C:\Users\86139\AppData\Roaming\npm;D:\maven\apache-maven-3.9.9\bin;D:\nvm;D:\nodejs;D:\Microsoft VS Code\bin;D:\redis5;
USERNAME=86139
OS=Windows_NT
PROCESSOR_IDENTIFIER=Intel64 Family 6 Model 140 Stepping 2, GenuineIntel



---------------  S Y S T E M  ---------------

OS:
 Windows 11 , 64 bit Build 22621 (10.0.22621.4830)
OS uptime: 7 days 0:14 hours

CPU: total 8 (initial active 8) (4 cores per cpu, 2 threads per core) family 6 model 140 stepping 2 microcode 0x22, cx8, cmov, fxsr, ht, mmx, 3dnowpref, sse, sse2, sse3, ssse3, sse4.1, sse4.2, popcnt, lzcnt, tsc, tscinvbit, avx, avx2, aes, erms, clmul, bmi1, bmi2, adx, avx512f, avx512dq, avx512cd, avx512bw, avx512vl, sha, fma, vzeroupper, avx512_vpopcntdq, avx512_vpclmulqdq, avx512_vaes, avx512_vnni, clflush, clflushopt, clwb, avx512_vbmi2, avx512_vbmi

Memory: 4k page, system-wide physical 16167M (1890M free)
TotalPageFile size 19083M (AvailPageFile size 0M)
current process WorkingSet (physical memory assigned to process): 92M, peak: 94M
current process commit charge ("private bytes"): 363M, peak: 365M

vm_info: Java HotSpot(TM) 64-Bit Server VM (17.0.12+8-LTS-286) for windows-amd64 JRE (17.0.12+8-LTS-286), built on Jun  5 2024 06:46:59 by "mach5one" with MS VC++ 17.6 (VS2022)

END.
