#
# There is insufficient memory for the Java Runtime Environment to continue.
# Native memory allocation (mmap) failed to map 266338304 bytes for G1 virtual space
# Possible reasons:
#   The system is out of physical RAM or swap space
#   The process is running with CompressedOops enabled, and the Java Heap may be blocking the growth of the native heap
# Possible solutions:
#   Reduce memory load on the system
#   Increase physical memory or swap space
#   Check if swap backing store is full
#   Decrease Java heap size (-Xmx/-Xms)
#   Decrease number of Java threads
#   Decrease Java thread stack sizes (-Xss)
#   Set larger code cache with -XX:ReservedCodeCacheSize=
#   JVM is running with Zero Based Compressed Oops mode in which the Java heap is
#     placed in the first 32GB address space. The Java Heap base address is the
#     maximum limit for the native heap growth. Please use -XX:HeapBaseMinAddress
#     to set the Java Heap base and to place the Java Heap above 32GB virtual address.
# This output file may be truncated or incomplete.
#
#  Out of Memory Error (os_windows.cpp:3548), pid=21996, tid=16412
#
# JRE version:  (17.0.12+8) (build )
# Java VM: Java HotSpot(TM) 64-Bit Server VM (17.0.12+8-LTS-286, mixed mode, sharing, tiered, compressed oops, compressed class ptrs, g1 gc, windows-amd64)
# No core dump will be written. Minidumps are not enabled by default on client versions of Windows
#

---------------  S U M M A R Y ------------

Command Line: -Dnet.bytebuddy.agent.attacher.dump= net.bytebuddy.agent.Attacher com.sun.tools.attach.VirtualMachine 13264 D:\cj\tools\maven_jar\net\bytebuddy\byte-buddy-agent\1.14.12\byte-buddy-agent-1.14.12.jar false 

Host: 11th Gen Intel(R) Core(TM) i5-1155G7 @ 2.50GHz, 8 cores, 15G,  Windows 11 , 64 bit Build 22621 (10.0.22621.4830)
Time: Fri Mar  7 19:33:39 2025  Windows 11 , 64 bit Build 22621 (10.0.22621.4830) elapsed time: 0.026053 seconds (0d 0h 0m 0s)

---------------  T H R E A D  ---------------

Current thread (0x0000021ca7c27f70):  JavaThread "Unknown thread" [_thread_in_vm, id=16412, stack(0x0000004836c00000,0x0000004836d00000)]

Stack: [0x0000004836c00000,0x0000004836d00000]
Native frames: (J=compiled Java code, j=interpreted, Vv=VM code, C=native code)
V  [jvm.dll+0x67a04a]
V  [jvm.dll+0x7da4ed]
V  [jvm.dll+0x7dbe33]
V  [jvm.dll+0x7dc4a3]
V  [jvm.dll+0x24508f]
V  [jvm.dll+0x677089]
V  [jvm.dll+0x66bd32]
V  [jvm.dll+0x301fa6]
V  [jvm.dll+0x309546]
V  [jvm.dll+0x359d2e]
V  [jvm.dll+0x359f5f]
V  [jvm.dll+0x2d9078]
V  [jvm.dll+0x2d9fe4]
V  [jvm.dll+0x7aca21]
V  [jvm.dll+0x367591]
V  [jvm.dll+0x78b999]
V  [jvm.dll+0x3ec83f]
V  [jvm.dll+0x3ee471]
C  [jli.dll+0x5297]
C  [ucrtbase.dll+0x29333]
C  [KERNEL32.DLL+0x1259d]
C  [ntdll.dll+0x5af38]


---------------  P R O C E S S  ---------------

Threads class SMR info:
_java_thread_list=0x00007ffc6c1d7a18, length=0, elements={
}

Java Threads: ( => current thread )

Other Threads:
  0x0000021ca7c94bf0 GCTaskThread "GC Thread#0" [stack: 0x0000004836d00000,0x0000004836e00000] [id=18660]
  0x0000021ca7ca57d0 ConcurrentGCThread "G1 Main Marker" [stack: 0x0000004836e00000,0x0000004836f00000] [id=24244]
  0x0000021ca7ca6980 ConcurrentGCThread "G1 Conc#0" [stack: 0x0000004836f00000,0x0000004837000000] [id=11516]

[error occurred during error reporting (printing all threads), id 0xc0000005, EXCEPTION_ACCESS_VIOLATION (0xc0000005) at pc=0x00007ffc6ba09b67]

VM state: not at safepoint (not fully initialized)

VM Mutex/Monitor currently owned by a thread:  ([mutex/lock_event])
[0x0000021ca7c24510] Heap_lock - owner thread: 0x0000021ca7c27f70

Heap address: 0x0000000703600000, size: 4042 MB, Compressed Oops mode: Zero based, Oop shift amount: 3

CDS archive(s) mapped at: [0x0000000000000000-0x0000000000000000-0x0000000000000000), size 0, SharedBaseAddress: 0x0000000800000000, ArchiveRelocationMode: 1.
Narrow klass base: 0x0000000000000000, Narrow klass shift: 0, Narrow klass range: 0x0

GC Precious Log:
<Empty>

Heap:
 garbage-first heap   total 0K, used 0K [0x0000000703600000, 0x0000000800000000)
  region size 2048K, 0 young (0K), 0 survivors (0K)

[error occurred during error reporting (printing heap information), id 0xc0000005, EXCEPTION_ACCESS_VIOLATION (0xc0000005) at pc=0x00007ffc6bdf3859]

GC Heap History (0 events):
No events

Deoptimization events (0 events):
No events

Classes unloaded (0 events):
No events

Classes redefined (0 events):
No events

Internal exceptions (0 events):
No events

VM Operations (0 events):
No events

Events (1 events):
Event: 0.016 Loaded shared library D:\jdk17\bin\java.dll


Dynamic libraries:
0x00007ff727d90000 - 0x00007ff727da0000 	D:\jdk17\bin\java.exe
0x00007ffcff5f0000 - 0x00007ffcff807000 	C:\WINDOWS\SYSTEM32\ntdll.dll
0x00007ffcfd800000 - 0x00007ffcfd8c4000 	C:\WINDOWS\System32\KERNEL32.DLL
0x00007ffcfcbb0000 - 0x00007ffcfcf80000 	C:\WINDOWS\System32\KERNELBASE.dll
0x00007ffcfd1c0000 - 0x00007ffcfd2d1000 	C:\WINDOWS\System32\ucrtbase.dll
0x00007ffcf1fa0000 - 0x00007ffcf1fbb000 	D:\jdk17\bin\VCRUNTIME140.dll
0x00007ffce7c10000 - 0x00007ffce7c29000 	D:\jdk17\bin\jli.dll
0x00007ffcfdc70000 - 0x00007ffcfdd21000 	C:\WINDOWS\System32\ADVAPI32.dll
0x00007ffcfe050000 - 0x00007ffcfe0f7000 	C:\WINDOWS\System32\msvcrt.dll
0x00007ffcfe6d0000 - 0x00007ffcfe777000 	C:\WINDOWS\System32\sechost.dll
0x00007ffcfd0d0000 - 0x00007ffcfd0f8000 	C:\WINDOWS\System32\bcrypt.dll
0x00007ffcfe5b0000 - 0x00007ffcfe6c4000 	C:\WINDOWS\System32\RPCRT4.dll
0x00007ffcfe2f0000 - 0x00007ffcfe49e000 	C:\WINDOWS\System32\USER32.dll
0x00007ffcfd0a0000 - 0x00007ffcfd0c6000 	C:\WINDOWS\System32\win32u.dll
0x00007ffcfe240000 - 0x00007ffcfe269000 	C:\WINDOWS\System32\GDI32.dll
0x00007ffcfcf80000 - 0x00007ffcfd09b000 	C:\WINDOWS\System32\gdi32full.dll
0x00007ffcdafd0000 - 0x00007ffcdb262000 	C:\WINDOWS\WinSxS\amd64_microsoft.windows.common-controls_6595b64144ccf1df_6.0.22621.4830_none_270fe7d773858e80\COMCTL32.dll
0x00007ffcfc8a0000 - 0x00007ffcfc93a000 	C:\WINDOWS\System32\msvcp_win.dll
0x00007ffce0e10000 - 0x00007ffce0e1a000 	C:\WINDOWS\SYSTEM32\VERSION.dll
0x00007ffcfe200000 - 0x00007ffcfe231000 	C:\WINDOWS\System32\IMM32.DLL
0x00007ffcf3fe0000 - 0x00007ffcf3fec000 	D:\jdk17\bin\vcruntime140_1.dll
0x00007ffcc7d70000 - 0x00007ffcc7dfe000 	D:\jdk17\bin\msvcp140.dll
0x00007ffc6b720000 - 0x00007ffc6c300000 	D:\jdk17\bin\server\jvm.dll
0x00007ffcfe190000 - 0x00007ffcfe198000 	C:\WINDOWS\System32\PSAPI.DLL
0x00007ffcf3020000 - 0x00007ffcf3029000 	C:\WINDOWS\SYSTEM32\WSOCK32.dll
0x00007ffcfe270000 - 0x00007ffcfe2e1000 	C:\WINDOWS\System32\WS2_32.dll
0x00007ffcf2ca0000 - 0x00007ffcf2cd4000 	C:\WINDOWS\SYSTEM32\WINMM.dll
0x00007ffcfb9d0000 - 0x00007ffcfb9e8000 	C:\WINDOWS\SYSTEM32\kernel.appcore.dll
0x00007ffcf1f90000 - 0x00007ffcf1f9a000 	D:\jdk17\bin\jimage.dll
0x00007ffcfa040000 - 0x00007ffcfa272000 	C:\WINDOWS\SYSTEM32\DBGHELP.DLL
0x00007ffcff1b0000 - 0x00007ffcff540000 	C:\WINDOWS\System32\combase.dll
0x00007ffcfdb90000 - 0x00007ffcfdc67000 	C:\WINDOWS\System32\OLEAUT32.dll
0x00007ffce1340000 - 0x00007ffce1372000 	C:\WINDOWS\SYSTEM32\dbgcore.DLL
0x00007ffcfcab0000 - 0x00007ffcfcb2b000 	C:\WINDOWS\System32\bcryptPrimitives.dll
0x00007ffce7ad0000 - 0x00007ffce7af5000 	D:\jdk17\bin\java.dll

dbghelp: loaded successfully - version: 4.0.5 - missing functions: none
symbol engine: initialized successfully - sym options: 0x614 - pdb path: .;D:\jdk17\bin;C:\WINDOWS\SYSTEM32;C:\WINDOWS\WinSxS\amd64_microsoft.windows.common-controls_6595b64144ccf1df_6.0.22621.4830_none_270fe7d773858e80;D:\jdk17\bin\server

VM Arguments:
jvm_args: -Dnet.bytebuddy.agent.attacher.dump= 
java_command: net.bytebuddy.agent.Attacher com.sun.tools.attach.VirtualMachine 13264 D:\cj\tools\maven_jar\net\bytebuddy\byte-buddy-agent\1.14.12\byte-buddy-agent-1.14.12.jar false 
java_class_path (initial): D:\cj\tools\maven_jar\net\bytebuddy\byte-buddy-agent\1.14.12\byte-buddy-agent-1.14.12.jar
Launcher Type: SUN_STANDARD

[Global flags]
     intx CICompilerCount                          = 4                                         {product} {ergonomic}
     uint ConcGCThreads                            = 2                                         {product} {ergonomic}
     uint G1ConcRefinementThreads                  = 8                                         {product} {ergonomic}
   size_t G1HeapRegionSize                         = 2097152                                   {product} {ergonomic}
    uintx GCDrainStackTargetSize                   = 64                                        {product} {ergonomic}
   size_t InitialHeapSize                          = 266338304                                 {product} {ergonomic}
   size_t MarkStackSize                            = 4194304                                   {product} {ergonomic}
   size_t MaxHeapSize                              = 4238344192                                {product} {ergonomic}
   size_t MinHeapDeltaBytes                        = 2097152                                   {product} {ergonomic}
   size_t MinHeapSize                              = 8388608                                   {product} {ergonomic}
    uintx NonNMethodCodeHeapSize                   = 5839372                                {pd product} {ergonomic}
    uintx NonProfiledCodeHeapSize                  = 122909434                              {pd product} {ergonomic}
    uintx ProfiledCodeHeapSize                     = 122909434                              {pd product} {ergonomic}
    uintx ReservedCodeCacheSize                    = 251658240                              {pd product} {ergonomic}
     bool SegmentedCodeCache                       = true                                      {product} {ergonomic}
   size_t SoftMaxHeapSize                          = 4238344192                             {manageable} {ergonomic}
     bool UseCompressedClassPointers               = true                           {product lp64_product} {ergonomic}
     bool UseCompressedOops                        = true                           {product lp64_product} {ergonomic}
     bool UseG1GC                                  = true                                      {product} {ergonomic}
     bool UseLargePagesIndividualAllocation        = false                                  {pd product} {ergonomic}

Logging:
Log output configuration:
 #0: stdout all=warning uptime,level,tags
 #1: stderr all=off uptime,level,tags

Environment Variables:
JAVA_HOME=D:\openjdk21\jdk-21.0.2
PATH=C:\Program Files\Common Files\Oracle\Java\javapath;D:\虚拟机\bin\;C:;Program Files (x86)\Common Files\Oracle\Java\javapath;C:\Program Files (x86)\NVIDIA Corporation\PhysX\Common;D:\Java\JDK;C:\WINDOWS\system32;C:\WINDOWS;C:\WINDOWS\System32\Wbem;C:\WINDOWS\System32\WindowsPowerShell\v1.0\;C:\WINDOWS\System32\OpenSSH\;D:\tomcat10\lib;D:\tomcat10\bin;D:\Rational\common;D:\openjdk21\jdk-21.0.2\bin;D:\maven\apache-maven-3.9.9\bin;D:\Git\cmd;D:\nvm;D:\nodejs;D:\redis5;D:\tools;C:\Program Files\Mozilla Firefox;;D:\tools\微信web开发者工具\dll;D:\微信web开发者工具\dll;C:\Users\86139\AppData\Local\pnpm;C:\Users\86139\AppData\Local\Microsoft\WindowsApps;D:\Java\JDK;D:\tomcat10\lib;D:\tomcat10\bin;C:\Users\86139\AppData\Roaming\npm;D:\maven\apache-maven-3.9.9\bin;D:\nvm;D:\nodejs;D:\Microsoft VS Code\bin;D:\redis5;
USERNAME=86139
OS=Windows_NT
PROCESSOR_IDENTIFIER=Intel64 Family 6 Model 140 Stepping 2, GenuineIntel



---------------  S Y S T E M  ---------------

OS:
 Windows 11 , 64 bit Build 22621 (10.0.22621.4830)
OS uptime: 0 days 9:54 hours

CPU: total 8 (initial active 8) (4 cores per cpu, 2 threads per core) family 6 model 140 stepping 2 microcode 0x22, cx8, cmov, fxsr, ht, mmx, 3dnowpref, sse, sse2, sse3, ssse3, sse4.1, sse4.2, popcnt, lzcnt, tsc, tscinvbit, avx, avx2, aes, erms, clmul, bmi1, bmi2, adx, avx512f, avx512dq, avx512cd, avx512bw, avx512vl, sha, fma, vzeroupper, avx512_vpopcntdq, avx512_vpclmulqdq, avx512_vaes, avx512_vnni, clflush, clflushopt, clwb, avx512_vbmi2, avx512_vbmi

Memory: 4k page, system-wide physical 16167M (1540M free)
TotalPageFile size 19083M (AvailPageFile size 280M)
current process WorkingSet (physical memory assigned to process): 11M, peak: 11M
current process commit charge ("private bytes"): 60M, peak: 314M

vm_info: Java HotSpot(TM) 64-Bit Server VM (17.0.12+8-LTS-286) for windows-amd64 JRE (17.0.12+8-LTS-286), built on Jun  5 2024 06:46:59 by "mach5one" with MS VC++ 17.6 (VS2022)

END.
