#
# There is insufficient memory for the Java Runtime Environment to continue.
# Native memory allocation (mmap) failed to map 266338304 bytes for G1 virtual space
# Possible reasons:
#   The system is out of physical RAM or swap space
#   The process is running with CompressedOops enabled, and the Java Heap may be blocking the growth of the native heap
# Possible solutions:
#   Reduce memory load on the system
#   Increase physical memory or swap space
#   Check if swap backing store is full
#   Decrease Java heap size (-Xmx/-Xms)
#   Decrease number of Java threads
#   Decrease Java thread stack sizes (-Xss)
#   Set larger code cache with -XX:ReservedCodeCacheSize=
#   JVM is running with Zero Based Compressed Oops mode in which the Java heap is
#     placed in the first 32GB address space. The Java Heap base address is the
#     maximum limit for the native heap growth. Please use -XX:HeapBaseMinAddress
#     to set the Java Heap base and to place the Java Heap above 32GB virtual address.
# This output file may be truncated or incomplete.
#
#  Out of Memory Error (os_windows.cpp:3548), pid=16428, tid=2340
#
# JRE version:  (17.0.12+8) (build )
# Java VM: Java HotSpot(TM) 64-Bit Server VM (17.0.12+8-LTS-286, mixed mode, emulated-client, sharing, tiered, compressed oops, compressed class ptrs, g1 gc, windows-amd64)
# No core dump will be written. Minidumps are not enabled by default on client versions of Windows
#

---------------  S U M M A R Y ------------

Command Line: -XX:TieredStopAtLevel=1 -Dspring.output.ansi.enabled=always -Dcom.sun.management.jmxremote -Dspring.jmx.enabled=true -Dspring.liveBeansView.mbeanDomain -Dspring.application.admin.enabled=true -Dmanagement.endpoints.jmx.exposure.include=* -javaagent:D:\IntelliJ IDEA 2024.2.1\lib\idea_rt.jar=34192:D:\IntelliJ IDEA 2024.2.1\bin -Dfile.encoding=UTF-8 top.cj.user_service.UserServiceApplication

Host: 11th Gen Intel(R) Core(TM) i5-1155G7 @ 2.50GHz, 8 cores, 15G,  Windows 11 , 64 bit Build 22621 (10.0.22621.4391)
Time: Fri Feb 21 09:43:10 2025  Windows 11 , 64 bit Build 22621 (10.0.22621.4391) elapsed time: 0.060938 seconds (0d 0h 0m 0s)

---------------  T H R E A D  ---------------

Current thread (0x0000024525362690):  JavaThread "Unknown thread" [_thread_in_vm, id=2340, stack(0x000000ca3f700000,0x000000ca3f800000)]

Stack: [0x000000ca3f700000,0x000000ca3f800000]
Native frames: (J=compiled Java code, j=interpreted, Vv=VM code, C=native code)
V  [jvm.dll+0x67a04a]
V  [jvm.dll+0x7da4ed]
V  [jvm.dll+0x7dbe33]
V  [jvm.dll+0x7dc4a3]
V  [jvm.dll+0x24508f]
V  [jvm.dll+0x677089]
V  [jvm.dll+0x66bd32]
V  [jvm.dll+0x301fa6]
V  [jvm.dll+0x309546]
V  [jvm.dll+0x359d2e]
V  [jvm.dll+0x359f5f]
V  [jvm.dll+0x2d9078]
V  [jvm.dll+0x2d9fe4]
V  [jvm.dll+0x7aca21]
V  [jvm.dll+0x367591]
V  [jvm.dll+0x78b999]
V  [jvm.dll+0x3ec83f]
V  [jvm.dll+0x3ee471]
C  [jli.dll+0x5297]
C  [ucrtbase.dll+0x29333]
C  [KERNEL32.DLL+0x1259d]
C  [ntdll.dll+0x5af38]


---------------  P R O C E S S  ---------------

Threads class SMR info:
_java_thread_list=0x00007ffa3a4c7a18, length=0, elements={
}

Java Threads: ( => current thread )

Other Threads:
  0x00000245253cfea0 GCTaskThread "GC Thread#0" [stack: 0x000000ca3f800000,0x000000ca3f900000] [id=22664]
  0x00000245253e0a80 ConcurrentGCThread "G1 Main Marker" [stack: 0x000000ca3f900000,0x000000ca3fa00000] [id=5360]
  0x00000245253e1490 ConcurrentGCThread "G1 Conc#0" [stack: 0x000000ca3fa00000,0x000000ca3fb00000] [id=2236]

[error occurred during error reporting (printing all threads), id 0xc0000005, EXCEPTION_ACCESS_VIOLATION (0xc0000005) at pc=0x00007ffa39cf9b67]

VM state: not at safepoint (not fully initialized)

VM Mutex/Monitor currently owned by a thread:  ([mutex/lock_event])
[0x0000024525360130] Heap_lock - owner thread: 0x0000024525362690

Heap address: 0x0000000703600000, size: 4042 MB, Compressed Oops mode: Zero based, Oop shift amount: 3

CDS archive(s) mapped at: [0x0000000000000000-0x0000000000000000-0x0000000000000000), size 0, SharedBaseAddress: 0x0000000800000000, ArchiveRelocationMode: 1.
Narrow klass base: 0x0000000000000000, Narrow klass shift: 0, Narrow klass range: 0x0

GC Precious Log:
<Empty>

Heap:
 garbage-first heap   total 0K, used 0K [0x0000000703600000, 0x0000000800000000)
  region size 2048K, 0 young (0K), 0 survivors (0K)

[error occurred during error reporting (printing heap information), id 0xc0000005, EXCEPTION_ACCESS_VIOLATION (0xc0000005) at pc=0x00007ffa3a0e3859]

GC Heap History (0 events):
No events

Deoptimization events (0 events):
No events

Classes unloaded (0 events):
No events

Classes redefined (0 events):
No events

Internal exceptions (0 events):
No events

VM Operations (0 events):
No events

Events (1 events):
Event: 0.057 Loaded shared library D:\jdk17\bin\java.dll


Dynamic libraries:
0x00007ff633630000 - 0x00007ff633640000 	D:\jdk17\bin\java.exe
0x00007ffb69ab0000 - 0x00007ffb69cc7000 	C:\WINDOWS\SYSTEM32\ntdll.dll
0x00007ffb68e80000 - 0x00007ffb68f44000 	C:\WINDOWS\System32\KERNEL32.DLL
0x00007ffb67190000 - 0x00007ffb6754a000 	C:\WINDOWS\System32\KERNELBASE.dll
0x00007ffb66d80000 - 0x00007ffb66e91000 	C:\WINDOWS\System32\ucrtbase.dll
0x00007ffb5c010000 - 0x00007ffb5c02b000 	D:\jdk17\bin\VCRUNTIME140.dll
0x00007ffb4b750000 - 0x00007ffb4b769000 	D:\jdk17\bin\jli.dll
0x00007ffb69320000 - 0x00007ffb693d2000 	C:\WINDOWS\System32\ADVAPI32.dll
0x00007ffb68f70000 - 0x00007ffb69017000 	C:\WINDOWS\System32\msvcrt.dll
0x00007ffb69770000 - 0x00007ffb69817000 	C:\WINDOWS\System32\sechost.dll
0x00007ffb670e0000 - 0x00007ffb67108000 	C:\WINDOWS\System32\bcrypt.dll
0x00007ffb68cd0000 - 0x00007ffb68de4000 	C:\WINDOWS\System32\RPCRT4.dll
0x00007ffb68b20000 - 0x00007ffb68cce000 	C:\WINDOWS\System32\USER32.dll
0x00007ffb66ea0000 - 0x00007ffb66ec6000 	C:\WINDOWS\System32\win32u.dll
0x00007ffb68140000 - 0x00007ffb68169000 	C:\WINDOWS\System32\GDI32.dll
0x00007ffb67550000 - 0x00007ffb6766b000 	C:\WINDOWS\System32\gdi32full.dll
0x00007ffb66ed0000 - 0x00007ffb66f6a000 	C:\WINDOWS\System32\msvcp_win.dll
0x00007ffb48f90000 - 0x00007ffb49222000 	C:\WINDOWS\WinSxS\amd64_microsoft.windows.common-controls_6595b64144ccf1df_6.0.22621.4541_none_2710d1c57384c085\COMCTL32.dll
0x00007ffb47990000 - 0x00007ffb4799a000 	C:\WINDOWS\SYSTEM32\VERSION.dll
0x00007ffb68170000 - 0x00007ffb681a1000 	C:\WINDOWS\System32\IMM32.DLL
0x00007ffb4b690000 - 0x00007ffb4b69c000 	D:\jdk17\bin\vcruntime140_1.dll
0x00007ffb13530000 - 0x00007ffb135be000 	D:\jdk17\bin\msvcp140.dll
0x00007ffa39a10000 - 0x00007ffa3a5f0000 	D:\jdk17\bin\server\jvm.dll
0x00007ffb69200000 - 0x00007ffb69208000 	C:\WINDOWS\System32\PSAPI.DLL
0x00007ffb5d1b0000 - 0x00007ffb5d1e4000 	C:\WINDOWS\SYSTEM32\WINMM.dll
0x00007ffb49b10000 - 0x00007ffb49b19000 	C:\WINDOWS\SYSTEM32\WSOCK32.dll
0x00007ffb69020000 - 0x00007ffb69091000 	C:\WINDOWS\System32\WS2_32.dll
0x00007ffb65eb0000 - 0x00007ffb65ec8000 	C:\WINDOWS\SYSTEM32\kernel.appcore.dll
0x00007ffb49b00000 - 0x00007ffb49b0a000 	D:\jdk17\bin\jimage.dll
0x00007ffb64050000 - 0x00007ffb64282000 	C:\WINDOWS\SYSTEM32\DBGHELP.DLL
0x00007ffb693e0000 - 0x00007ffb6976f000 	C:\WINDOWS\System32\combase.dll
0x00007ffb69220000 - 0x00007ffb692f7000 	C:\WINDOWS\System32\OLEAUT32.dll
0x00007ffb4ad00000 - 0x00007ffb4ad32000 	C:\WINDOWS\SYSTEM32\dbgcore.DLL
0x00007ffb67730000 - 0x00007ffb677ab000 	C:\WINDOWS\System32\bcryptPrimitives.dll
0x00007ffb4ab70000 - 0x00007ffb4ab7e000 	D:\jdk17\bin\instrument.dll
0x00007ffb48210000 - 0x00007ffb48235000 	D:\jdk17\bin\java.dll

dbghelp: loaded successfully - version: 4.0.5 - missing functions: none
symbol engine: initialized successfully - sym options: 0x614 - pdb path: .;D:\jdk17\bin;C:\WINDOWS\SYSTEM32;C:\WINDOWS\WinSxS\amd64_microsoft.windows.common-controls_6595b64144ccf1df_6.0.22621.4541_none_2710d1c57384c085;D:\jdk17\bin\server

VM Arguments:
jvm_args: -XX:TieredStopAtLevel=1 -Dspring.output.ansi.enabled=always -Dcom.sun.management.jmxremote -Dspring.jmx.enabled=true -Dspring.liveBeansView.mbeanDomain -Dspring.application.admin.enabled=true -Dmanagement.endpoints.jmx.exposure.include=* -javaagent:D:\IntelliJ IDEA 2024.2.1\lib\idea_rt.jar=34192:D:\IntelliJ IDEA 2024.2.1\bin -Dfile.encoding=UTF-8 
java_command: top.cj.user_service.UserServiceApplication
java_class_path (initial): D:\MicroService_Learning\user_service\target\classes;D:\cj\tools\maven_jar\org\springframework\boot\spring-boot-starter\3.2.4\spring-boot-starter-3.2.4.jar;D:\cj\tools\maven_jar\org\springframework\boot\spring-boot\3.2.4\spring-boot-3.2.4.jar;D:\cj\tools\maven_jar\org\springframework\boot\spring-boot-autoconfigure\3.2.4\spring-boot-autoconfigure-3.2.4.jar;D:\cj\tools\maven_jar\org\springframework\boot\spring-boot-starter-logging\3.2.4\spring-boot-starter-logging-3.2.4.jar;D:\cj\tools\maven_jar\ch\qos\logback\logback-classic\1.4.14\logback-classic-1.4.14.jar;D:\cj\tools\maven_jar\ch\qos\logback\logback-core\1.4.14\logback-core-1.4.14.jar;D:\cj\tools\maven_jar\org\apache\logging\log4j\log4j-to-slf4j\2.21.1\log4j-to-slf4j-2.21.1.jar;D:\cj\tools\maven_jar\org\apache\logging\log4j\log4j-api\2.21.1\log4j-api-2.21.1.jar;D:\cj\tools\maven_jar\org\slf4j\jul-to-slf4j\2.0.12\jul-to-slf4j-2.0.12.jar;D:\cj\tools\maven_jar\jakarta\annotation\jakarta.annotation-api\2.1.1\jakarta.annotation-api-2.1.1.jar;D:\cj\tools\maven_jar\org\yaml\snakeyaml\2.2\snakeyaml-2.2.jar;D:\cj\tools\maven_jar\org\springframework\boot\spring-boot-starter-json\3.2.4\spring-boot-starter-json-3.2.4.jar;D:\cj\tools\maven_jar\com\fasterxml\jackson\core\jackson-databind\2.15.4\jackson-databind-2.15.4.jar;D:\cj\tools\maven_jar\com\fasterxml\jackson\core\jackson-annotations\2.15.4\jackson-annotations-2.15.4.jar;D:\cj\tools\maven_jar\com\fasterxml\jackson\datatype\jackson-datatype-jdk8\2.15.4\jackson-datatype-jdk8-2.15.4.jar;D:\cj\tools\maven_jar\com\fasterxml\jackson\datatype\jackson-datatype-jsr310\2.15.4\jackson-datatype-jsr310-2.15.4.jar;D:\cj\tools\maven_jar\com\fasterxml\jackson\module\jackson-module-parameter-names\2.15.4\jackson-module-parameter-names-2.15.4.jar;D:\cj\tools\maven_jar\org\springframework\boot\spring-boot-starter-tomcat\3.2.4\spring-boot-starter-tomcat-3.2.4.jar;D:\cj\tools\maven_jar\org\apache\tomcat\embed\tomcat-embed-core\10.1.19\tomcat-embed-core-10.1.19.jar
Launcher Type: SUN_STANDARD

[Global flags]
     intx CICompilerCount                          = 4                                         {product} {ergonomic}
     uint ConcGCThreads                            = 2                                         {product} {ergonomic}
     uint G1ConcRefinementThreads                  = 8                                         {product} {ergonomic}
   size_t G1HeapRegionSize                         = 2097152                                   {product} {ergonomic}
    uintx GCDrainStackTargetSize                   = 64                                        {product} {ergonomic}
   size_t InitialHeapSize                          = 266338304                                 {product} {ergonomic}
     bool ManagementServer                         = true                                      {product} {command line}
   size_t MarkStackSize                            = 4194304                                   {product} {ergonomic}
   size_t MaxHeapSize                              = 4238344192                                {product} {ergonomic}
   size_t MinHeapDeltaBytes                        = 2097152                                   {product} {ergonomic}
   size_t MinHeapSize                              = 8388608                                   {product} {ergonomic}
    uintx NonProfiledCodeHeapSize                  = 0                                      {pd product} {ergonomic}
     bool ProfileInterpreter                       = false                                  {pd product} {command line}
    uintx ProfiledCodeHeapSize                     = 0                                      {pd product} {ergonomic}
   size_t SoftMaxHeapSize                          = 4238344192                             {manageable} {ergonomic}
     intx TieredStopAtLevel                        = 1                                         {product} {command line}
     bool UseCompressedClassPointers               = true                           {product lp64_product} {ergonomic}
     bool UseCompressedOops                        = true                           {product lp64_product} {ergonomic}
     bool UseG1GC                                  = true                                      {product} {ergonomic}
     bool UseLargePagesIndividualAllocation        = false                                  {pd product} {ergonomic}

Logging:
Log output configuration:
 #0: stdout all=warning uptime,level,tags
 #1: stderr all=off uptime,level,tags

Environment Variables:
JAVA_HOME=D:\openjdk21\jdk-21.0.2
PATH=C:\Program Files\Common Files\Oracle\Java\javapath;D:\虚拟机\bin\;C:;Program Files (x86)\Common Files\Oracle\Java\javapath;C:\Program Files (x86)\NVIDIA Corporation\PhysX\Common;D:\Java\JDK;C:\WINDOWS\system32;C:\WINDOWS;C:\WINDOWS\System32\Wbem;C:\WINDOWS\System32\WindowsPowerShell\v1.0\;C:\WINDOWS\System32\OpenSSH\;D:\tomcat10\lib;D:\tomcat10\bin;D:\Rational\common;D:\openjdk21\jdk-21.0.2\bin;D:\maven\apache-maven-3.9.9\bin;D:\Git\cmd;D:\nvm;D:\nodejs;D:\redis5;D:\tools;C:\Program Files\Mozilla Firefox;;D:\tools\微信web开发者工具\dll;D:\微信web开发者工具\dll;C:\Users\86139\AppData\Local\pnpm;C:\Users\86139\AppData\Local\Microsoft\WindowsApps;D:\Java\JDK;D:\tomcat10\lib;D:\tomcat10\bin;C:\Users\86139\AppData\Roaming\npm;D:\maven\apache-maven-3.9.9\bin;D:\nvm;D:\nodejs;D:\Microsoft VS Code\bin;D:\redis5;
USERNAME=86139
OS=Windows_NT
PROCESSOR_IDENTIFIER=Intel64 Family 6 Model 140 Stepping 2, GenuineIntel



---------------  S Y S T E M  ---------------

OS:
 Windows 11 , 64 bit Build 22621 (10.0.22621.4391)
OS uptime: 0 days 1:50 hours

CPU: total 8 (initial active 8) (4 cores per cpu, 2 threads per core) family 6 model 140 stepping 2 microcode 0x22, cx8, cmov, fxsr, ht, mmx, 3dnowpref, sse, sse2, sse3, ssse3, sse4.1, sse4.2, popcnt, lzcnt, tsc, tscinvbit, avx, avx2, aes, erms, clmul, bmi1, bmi2, adx, avx512f, avx512dq, avx512cd, avx512bw, avx512vl, sha, fma, vzeroupper, avx512_vpopcntdq, avx512_vpclmulqdq, avx512_vaes, avx512_vnni, clflush, clflushopt, clwb, avx512_vbmi2, avx512_vbmi

Memory: 4k page, system-wide physical 16167M (713M free)
TotalPageFile size 19083M (AvailPageFile size 134M)
current process WorkingSet (physical memory assigned to process): 11M, peak: 11M
current process commit charge ("private bytes"): 55M, peak: 309M

vm_info: Java HotSpot(TM) 64-Bit Server VM (17.0.12+8-LTS-286) for windows-amd64 JRE (17.0.12+8-LTS-286), built on Jun  5 2024 06:46:59 by "mach5one" with MS VC++ 17.6 (VS2022)

END.
