#
# There is insufficient memory for the Java Runtime Environment to continue.
# Native memory allocation (mmap) failed to map 65536 bytes for Failed to commit metaspace.
# Possible reasons:
#   The system is out of physical RAM or swap space
#   The process is running with CompressedOops enabled, and the Java Heap may be blocking the growth of the native heap
# Possible solutions:
#   Reduce memory load on the system
#   Increase physical memory or swap space
#   Check if swap backing store is full
#   Decrease Java heap size (-Xmx/-Xms)
#   Decrease number of Java threads
#   Decrease Java thread stack sizes (-Xss)
#   Set larger code cache with -XX:ReservedCodeCacheSize=
#   JVM is running with Zero Based Compressed Oops mode in which the Java heap is
#     placed in the first 32GB address space. The Java Heap base address is the
#     maximum limit for the native heap growth. Please use -XX:HeapBaseMinAddress
#     to set the Java Heap base and to place the Java Heap above 32GB virtual address.
# This output file may be truncated or incomplete.
#
#  Out of Memory Error (virtualSpaceNode.cpp:110), pid=1596, tid=8124
#
# JRE version: Java(TM) SE Runtime Environment (17.0.12+8) (build 17.0.12+8-LTS-286)
# Java VM: Java HotSpot(TM) 64-Bit Server VM (17.0.12+8-LTS-286, mixed mode, emulated-client, sharing, tiered, compressed oops, compressed class ptrs, g1 gc, windows-amd64)
# No core dump will be written. Minidumps are not enabled by default on client versions of Windows
#

---------------  S U M M A R Y ------------

Command Line: -XX:TieredStopAtLevel=1 -Dspring.output.ansi.enabled=always -Dcom.sun.management.jmxremote -Dspring.jmx.enabled=true -Dspring.liveBeansView.mbeanDomain -Dspring.application.admin.enabled=true -Dmanagement.endpoints.jmx.exposure.include=* -javaagent:D:\IntelliJ IDEA 2024.2.1\lib\idea_rt.jar=36454:D:\IntelliJ IDEA 2024.2.1\bin -Dfile.encoding=UTF-8 top.cj.gatewayservice.GatewayServiceApplication

Host: 11th Gen Intel(R) Core(TM) i5-1155G7 @ 2.50GHz, 8 cores, 15G,  Windows 11 , 64 bit Build 22621 (10.0.22621.4974)
Time: Sat Mar 22 15:02:08 2025  Windows 11 , 64 bit Build 22621 (10.0.22621.4974) elapsed time: 0.498994 seconds (0d 0h 0m 0s)

---------------  T H R E A D  ---------------

Current thread (0x000001aace8ee330):  JavaThread "main" [_thread_in_vm, id=8124, stack(0x0000008fa4800000,0x0000008fa4900000)]

Stack: [0x0000008fa4800000,0x0000008fa4900000]
Native frames: (J=compiled Java code, j=interpreted, Vv=VM code, C=native code)
V  [jvm.dll+0x67a04a]
V  [jvm.dll+0x7da4ed]
V  [jvm.dll+0x7dbe33]
V  [jvm.dll+0x7dc4a3]
V  [jvm.dll+0x24508f]
V  [jvm.dll+0x7d60bb]
V  [jvm.dll+0x6206c6]
V  [jvm.dll+0x1bed07]
V  [jvm.dll+0x623022]
V  [jvm.dll+0x621086]
V  [jvm.dll+0x23a7d6]
V  [jvm.dll+0x1e8e87]
V  [jvm.dll+0x1dea41]
V  [jvm.dll+0x53f78c]
V  [jvm.dll+0x75553d]
V  [jvm.dll+0x75549a]
V  [jvm.dll+0x40d863]
V  [jvm.dll+0x421cac]
C  [java.dll+0x1657]

Java frames: (J=compiled Java code, j=interpreted, Vv=VM code)
j  java.lang.ClassLoader.defineClass0(Ljava/lang/ClassLoader;Ljava/lang/Class;Ljava/lang/String;[BIILjava/security/ProtectionDomain;ZILjava/lang/Object;)Ljava/lang/Class;+0 java.base@17.0.12
j  java.lang.System$2.defineClass(Ljava/lang/ClassLoader;Ljava/lang/Class;Ljava/lang/String;[BLjava/security/ProtectionDomain;ZILjava/lang/Object;)Ljava/lang/Class;+17 java.base@17.0.12
j  java.lang.invoke.MethodHandles$Lookup$ClassDefiner.defineClass(ZLjava/lang/Object;)Ljava/lang/Class;+54 java.base@17.0.12
j  java.lang.invoke.InvokerBytecodeGenerator.loadMethod([B)Ljava/lang/invoke/MemberName;+16 java.base@17.0.12
j  java.lang.invoke.InvokerBytecodeGenerator.generateCustomizedCode(Ljava/lang/invoke/LambdaForm;Ljava/lang/invoke/MethodType;)Ljava/lang/invoke/MemberName;+30 java.base@17.0.12
j  java.lang.invoke.LambdaForm.compileToBytecode()V+69 java.base@17.0.12
j  java.lang.invoke.DirectMethodHandle.makePreparedLambdaForm(Ljava/lang/invoke/MethodType;I)Ljava/lang/invoke/LambdaForm;+792 java.base@17.0.12
j  java.lang.invoke.DirectMethodHandle.preparedLambdaForm(Ljava/lang/invoke/MethodType;I)Ljava/lang/invoke/LambdaForm;+17 java.base@17.0.12
j  java.lang.invoke.DirectMethodHandle.preparedLambdaForm(Ljava/lang/invoke/MemberName;Z)Ljava/lang/invoke/LambdaForm;+159 java.base@17.0.12
j  java.lang.invoke.DirectMethodHandle.preparedLambdaForm(Ljava/lang/invoke/MemberName;)Ljava/lang/invoke/LambdaForm;+2 java.base@17.0.12
j  java.lang.invoke.DirectMethodHandle.make(BLjava/lang/Class;Ljava/lang/invoke/MemberName;Ljava/lang/Class;)Ljava/lang/invoke/DirectMethodHandle;+163 java.base@17.0.12
j  java.lang.invoke.MethodHandles$Lookup.getDirectMethodCommon(BLjava/lang/Class;Ljava/lang/invoke/MemberName;ZZLjava/lang/invoke/MethodHandles$Lookup;)Ljava/lang/invoke/MethodHandle;+210 java.base@17.0.12
j  java.lang.invoke.MethodHandles$Lookup.getDirectMethodNoSecurityManager(BLjava/lang/Class;Ljava/lang/invoke/MemberName;Ljava/lang/invoke/MethodHandles$Lookup;)Ljava/lang/invoke/MethodHandle;+14 java.base@17.0.12
j  java.lang.invoke.MethodHandles$Lookup.getDirectMethodForConstant(BLjava/lang/Class;Ljava/lang/invoke/MemberName;)Ljava/lang/invoke/MethodHandle;+31 java.base@17.0.12
j  java.lang.invoke.MethodHandles$Lookup.linkMethodHandleConstant(BLjava/lang/Class;Ljava/lang/String;Ljava/lang/Object;)Ljava/lang/invoke/MethodHandle;+153 java.base@17.0.12
j  java.lang.invoke.MethodHandleNatives.linkMethodHandleConstant(Ljava/lang/Class;ILjava/lang/Class;Ljava/lang/String;Ljava/lang/Object;)Ljava/lang/invoke/MethodHandle;+38 java.base@17.0.12
v  ~StubRoutines::call_stub
j  org.springframework.util.ConcurrentReferenceHashMap$Segment.doTask(ILjava/lang/Object;Lorg/springframework/util/ConcurrentReferenceHashMap$Task;)Ljava/lang/Object;+112
j  org.springframework.util.ConcurrentReferenceHashMap.doTask(Ljava/lang/Object;Lorg/springframework/util/ConcurrentReferenceHashMap$Task;)Ljava/lang/Object;+14
j  org.springframework.util.ConcurrentReferenceHashMap.put(Ljava/lang/Object;Ljava/lang/Object;Z)Ljava/lang/Object;+28
j  org.springframework.util.ConcurrentReferenceHashMap.putIfAbsent(Ljava/lang/Object;Ljava/lang/Object;)Ljava/lang/Object;+4
j  java.util.concurrent.ConcurrentMap.computeIfAbsent(Ljava/lang/Object;Ljava/util/function/Function;)Ljava/lang/Object;+34 java.base@17.0.12
j  org.springframework.core.io.support.SpringFactoriesLoader.forResourceLocation(Ljava/lang/String;Ljava/lang/ClassLoader;)Lorg/springframework/core/io/support/SpringFactoriesLoader;+29
j  org.springframework.core.io.support.SpringFactoriesLoader.forDefaultResourceLocation(Ljava/lang/ClassLoader;)Lorg/springframework/core/io/support/SpringFactoriesLoader;+3
j  org.springframework.boot.SpringApplication.getSpringFactoriesInstances(Ljava/lang/Class;Lorg/springframework/core/io/support/SpringFactoriesLoader$ArgumentResolver;)Ljava/util/List;+4
j  org.springframework.boot.SpringApplication.getSpringFactoriesInstances(Ljava/lang/Class;)Ljava/util/List;+3
j  org.springframework.boot.SpringApplication.<init>(Lorg/springframework/core/io/ResourceLoader;[Ljava/lang/Class;)V+119
j  org.springframework.boot.SpringApplication.<init>([Ljava/lang/Class;)V+3
j  org.springframework.boot.SpringApplication.run([Ljava/lang/Class;[Ljava/lang/String;)Lorg/springframework/context/ConfigurableApplicationContext;+5
j  org.springframework.boot.SpringApplication.run(Ljava/lang/Class;[Ljava/lang/String;)Lorg/springframework/context/ConfigurableApplicationContext;+9
j  top.cj.gatewayservice.GatewayServiceApplication.main([Ljava/lang/String;)V+3
v  ~StubRoutines::call_stub

---------------  P R O C E S S  ---------------

Threads class SMR info:
_java_thread_list=0x000001aae5c16040, length=15, elements={
0x000001aace8ee330, 0x000001aae539e950, 0x000001aae539f510, 0x000001aae53b78a0,
0x000001aae53b8260, 0x000001aae53b9c30, 0x000001aae53bf230, 0x000001aae53bf8b0,
0x000001aae53c7ed0, 0x000001aae538b2d0, 0x000001aae538b980, 0x000001aae57ee9a0,
0x000001aae5ae6c70, 0x000001aae5d8d700, 0x000001aae5c3afe0
}

Java Threads: ( => current thread )
=>0x000001aace8ee330 JavaThread "main" [_thread_in_vm, id=8124, stack(0x0000008fa4800000,0x0000008fa4900000)]
  0x000001aae539e950 JavaThread "Reference Handler" daemon [_thread_blocked, id=11980, stack(0x0000008fa4f00000,0x0000008fa5000000)]
  0x000001aae539f510 JavaThread "Finalizer" daemon [_thread_blocked, id=16380, stack(0x0000008fa5000000,0x0000008fa5100000)]
  0x000001aae53b78a0 JavaThread "Signal Dispatcher" daemon [_thread_blocked, id=10384, stack(0x0000008fa5100000,0x0000008fa5200000)]
  0x000001aae53b8260 JavaThread "Attach Listener" daemon [_thread_blocked, id=18248, stack(0x0000008fa5200000,0x0000008fa5300000)]
  0x000001aae53b9c30 JavaThread "Service Thread" daemon [_thread_blocked, id=9484, stack(0x0000008fa5300000,0x0000008fa5400000)]
  0x000001aae53bf230 JavaThread "Monitor Deflation Thread" daemon [_thread_blocked, id=18596, stack(0x0000008fa5400000,0x0000008fa5500000)]
  0x000001aae53bf8b0 JavaThread "C1 CompilerThread0" daemon [_thread_blocked, id=17328, stack(0x0000008fa5500000,0x0000008fa5600000)]
  0x000001aae53c7ed0 JavaThread "Sweeper thread" daemon [_thread_blocked, id=21560, stack(0x0000008fa5600000,0x0000008fa5700000)]
  0x000001aae538b2d0 JavaThread "Common-Cleaner" daemon [_thread_blocked, id=17504, stack(0x0000008fa5700000,0x0000008fa5800000)]
  0x000001aae538b980 JavaThread "C1 CompilerThread1" daemon [_thread_blocked, id=20872, stack(0x0000008fa5800000,0x0000008fa5900000)]
  0x000001aae57ee9a0 JavaThread "Monitor Ctrl-Break" daemon [_thread_in_native, id=22900, stack(0x0000008fa5900000,0x0000008fa5a00000)]
  0x000001aae5ae6c70 JavaThread "Notification Thread" daemon [_thread_blocked, id=17152, stack(0x0000008fa5a00000,0x0000008fa5b00000)]
  0x000001aae5d8d700 JavaThread "C1 CompilerThread2" daemon [_thread_blocked, id=10984, stack(0x0000008fa5b00000,0x0000008fa5c00000)]
  0x000001aae5c3afe0 JavaThread "RMI TCP Accept-0" daemon [_thread_in_native, id=20052, stack(0x0000008fa5c00000,0x0000008fa5d00000)]

Other Threads:
  0x000001aae5399ea0 VMThread "VM Thread" [stack: 0x0000008fa4e00000,0x0000008fa4f00000] [id=17544]
  0x000001aace97fba0 WatcherThread [stack: 0x0000008fa5d00000,0x0000008fa5e00000] [id=20992]
  0x000001aace95ac00 GCTaskThread "GC Thread#0" [stack: 0x0000008fa4900000,0x0000008fa4a00000] [id=23352]
  0x000001aace96b7e0 ConcurrentGCThread "G1 Main Marker" [stack: 0x0000008fa4a00000,0x0000008fa4b00000] [id=18896]
  0x000001aace96c1f0 ConcurrentGCThread "G1 Conc#0" [stack: 0x0000008fa4b00000,0x0000008fa4c00000] [id=9080]
  0x000001aace99e750 ConcurrentGCThread "G1 Refine#0" [stack: 0x0000008fa4c00000,0x0000008fa4d00000] [id=3124]
  0x000001aae52d6e00 ConcurrentGCThread "G1 Service" [stack: 0x0000008fa4d00000,0x0000008fa4e00000] [id=6088]

Threads with active compile tasks:

VM state: not at safepoint (normal execution)

VM Mutex/Monitor currently owned by a thread:  ([mutex/lock_event])
[0x000001aace8e93e0] Metaspace_lock - owner thread: 0x000001aace8ee330

Heap address: 0x0000000703600000, size: 4042 MB, Compressed Oops mode: Zero based, Oop shift amount: 3

CDS archive(s) mapped at: [0x000001aa80000000-0x000001aa80bd0000-0x000001aa80bd0000), size 12386304, SharedBaseAddress: 0x000001aa80000000, ArchiveRelocationMode: 1.
Compressed class space mapped at: 0x000001aa81000000-0x000001aac1000000, reserved size: 1073741824
Narrow klass base: 0x000001aa80000000, Narrow klass shift: 0, Narrow klass range: 0x100000000

GC Precious Log:
 CPUs: 8 total, 8 available
 Memory: 16167M
 Large Page Support: Disabled
 NUMA Support: Disabled
 Compressed Oops: Enabled (Zero based)
 Heap Region Size: 2M
 Heap Min Capacity: 8M
 Heap Initial Capacity: 254M
 Heap Max Capacity: 4042M
 Pre-touch: Disabled
 Parallel Workers: 8
 Concurrent Workers: 2
 Concurrent Refinement Workers: 8
 Periodic GC: Disabled

Heap:
 garbage-first heap   total 260096K, used 18432K [0x0000000703600000, 0x0000000800000000)
  region size 2048K, 11 young (22528K), 0 survivors (0K)
 Metaspace       used 5875K, committed 6080K, reserved 1114112K
  class space    used 724K, committed 832K, reserved 1048576K

Heap Regions: E=young(eden), S=young(survivor), O=old, HS=humongous(starts), HC=humongous(continues), CS=collection set, F=free, OA=open archive, CA=closed archive, TAMS=top-at-mark-start (previous, next)
|   0|0x0000000703600000, 0x0000000703600000, 0x0000000703800000|  0%| F|  |TAMS 0x0000000703600000, 0x0000000703600000| Untracked 
|   1|0x0000000703800000, 0x0000000703800000, 0x0000000703a00000|  0%| F|  |TAMS 0x0000000703800000, 0x0000000703800000| Untracked 
|   2|0x0000000703a00000, 0x0000000703a00000, 0x0000000703c00000|  0%| F|  |TAMS 0x0000000703a00000, 0x0000000703a00000| Untracked 
|   3|0x0000000703c00000, 0x0000000703c00000, 0x0000000703e00000|  0%| F|  |TAMS 0x0000000703c00000, 0x0000000703c00000| Untracked 
|   4|0x0000000703e00000, 0x0000000703e00000, 0x0000000704000000|  0%| F|  |TAMS 0x0000000703e00000, 0x0000000703e00000| Untracked 
|   5|0x0000000704000000, 0x0000000704000000, 0x0000000704200000|  0%| F|  |TAMS 0x0000000704000000, 0x0000000704000000| Untracked 
|   6|0x0000000704200000, 0x0000000704200000, 0x0000000704400000|  0%| F|  |TAMS 0x0000000704200000, 0x0000000704200000| Untracked 
|   7|0x0000000704400000, 0x0000000704400000, 0x0000000704600000|  0%| F|  |TAMS 0x0000000704400000, 0x0000000704400000| Untracked 
|   8|0x0000000704600000, 0x0000000704600000, 0x0000000704800000|  0%| F|  |TAMS 0x0000000704600000, 0x0000000704600000| Untracked 
|   9|0x0000000704800000, 0x0000000704800000, 0x0000000704a00000|  0%| F|  |TAMS 0x0000000704800000, 0x0000000704800000| Untracked 
|  10|0x0000000704a00000, 0x0000000704a00000, 0x0000000704c00000|  0%| F|  |TAMS 0x0000000704a00000, 0x0000000704a00000| Untracked 
|  11|0x0000000704c00000, 0x0000000704c00000, 0x0000000704e00000|  0%| F|  |TAMS 0x0000000704c00000, 0x0000000704c00000| Untracked 
|  12|0x0000000704e00000, 0x0000000704e00000, 0x0000000705000000|  0%| F|  |TAMS 0x0000000704e00000, 0x0000000704e00000| Untracked 
|  13|0x0000000705000000, 0x0000000705000000, 0x0000000705200000|  0%| F|  |TAMS 0x0000000705000000, 0x0000000705000000| Untracked 
|  14|0x0000000705200000, 0x0000000705200000, 0x0000000705400000|  0%| F|  |TAMS 0x0000000705200000, 0x0000000705200000| Untracked 
|  15|0x0000000705400000, 0x0000000705400000, 0x0000000705600000|  0%| F|  |TAMS 0x0000000705400000, 0x0000000705400000| Untracked 
|  16|0x0000000705600000, 0x0000000705600000, 0x0000000705800000|  0%| F|  |TAMS 0x0000000705600000, 0x0000000705600000| Untracked 
|  17|0x0000000705800000, 0x0000000705800000, 0x0000000705a00000|  0%| F|  |TAMS 0x0000000705800000, 0x0000000705800000| Untracked 
|  18|0x0000000705a00000, 0x0000000705a00000, 0x0000000705c00000|  0%| F|  |TAMS 0x0000000705a00000, 0x0000000705a00000| Untracked 
|  19|0x0000000705c00000, 0x0000000705c00000, 0x0000000705e00000|  0%| F|  |TAMS 0x0000000705c00000, 0x0000000705c00000| Untracked 
|  20|0x0000000705e00000, 0x0000000705e00000, 0x0000000706000000|  0%| F|  |TAMS 0x0000000705e00000, 0x0000000705e00000| Untracked 
|  21|0x0000000706000000, 0x0000000706000000, 0x0000000706200000|  0%| F|  |TAMS 0x0000000706000000, 0x0000000706000000| Untracked 
|  22|0x0000000706200000, 0x0000000706200000, 0x0000000706400000|  0%| F|  |TAMS 0x0000000706200000, 0x0000000706200000| Untracked 
|  23|0x0000000706400000, 0x0000000706400000, 0x0000000706600000|  0%| F|  |TAMS 0x0000000706400000, 0x0000000706400000| Untracked 
|  24|0x0000000706600000, 0x0000000706600000, 0x0000000706800000|  0%| F|  |TAMS 0x0000000706600000, 0x0000000706600000| Untracked 
|  25|0x0000000706800000, 0x0000000706800000, 0x0000000706a00000|  0%| F|  |TAMS 0x0000000706800000, 0x0000000706800000| Untracked 
|  26|0x0000000706a00000, 0x0000000706a00000, 0x0000000706c00000|  0%| F|  |TAMS 0x0000000706a00000, 0x0000000706a00000| Untracked 
|  27|0x0000000706c00000, 0x0000000706c00000, 0x0000000706e00000|  0%| F|  |TAMS 0x0000000706c00000, 0x0000000706c00000| Untracked 
|  28|0x0000000706e00000, 0x0000000706e00000, 0x0000000707000000|  0%| F|  |TAMS 0x0000000706e00000, 0x0000000706e00000| Untracked 
|  29|0x0000000707000000, 0x0000000707000000, 0x0000000707200000|  0%| F|  |TAMS 0x0000000707000000, 0x0000000707000000| Untracked 
|  30|0x0000000707200000, 0x0000000707200000, 0x0000000707400000|  0%| F|  |TAMS 0x0000000707200000, 0x0000000707200000| Untracked 
|  31|0x0000000707400000, 0x0000000707400000, 0x0000000707600000|  0%| F|  |TAMS 0x0000000707400000, 0x0000000707400000| Untracked 
|  32|0x0000000707600000, 0x0000000707600000, 0x0000000707800000|  0%| F|  |TAMS 0x0000000707600000, 0x0000000707600000| Untracked 
|  33|0x0000000707800000, 0x0000000707800000, 0x0000000707a00000|  0%| F|  |TAMS 0x0000000707800000, 0x0000000707800000| Untracked 
|  34|0x0000000707a00000, 0x0000000707a00000, 0x0000000707c00000|  0%| F|  |TAMS 0x0000000707a00000, 0x0000000707a00000| Untracked 
|  35|0x0000000707c00000, 0x0000000707c00000, 0x0000000707e00000|  0%| F|  |TAMS 0x0000000707c00000, 0x0000000707c00000| Untracked 
|  36|0x0000000707e00000, 0x0000000707e00000, 0x0000000708000000|  0%| F|  |TAMS 0x0000000707e00000, 0x0000000707e00000| Untracked 
|  37|0x0000000708000000, 0x0000000708000000, 0x0000000708200000|  0%| F|  |TAMS 0x0000000708000000, 0x0000000708000000| Untracked 
|  38|0x0000000708200000, 0x0000000708200000, 0x0000000708400000|  0%| F|  |TAMS 0x0000000708200000, 0x0000000708200000| Untracked 
|  39|0x0000000708400000, 0x0000000708400000, 0x0000000708600000|  0%| F|  |TAMS 0x0000000708400000, 0x0000000708400000| Untracked 
|  40|0x0000000708600000, 0x0000000708600000, 0x0000000708800000|  0%| F|  |TAMS 0x0000000708600000, 0x0000000708600000| Untracked 
|  41|0x0000000708800000, 0x0000000708800000, 0x0000000708a00000|  0%| F|  |TAMS 0x0000000708800000, 0x0000000708800000| Untracked 
|  42|0x0000000708a00000, 0x0000000708a00000, 0x0000000708c00000|  0%| F|  |TAMS 0x0000000708a00000, 0x0000000708a00000| Untracked 
|  43|0x0000000708c00000, 0x0000000708c00000, 0x0000000708e00000|  0%| F|  |TAMS 0x0000000708c00000, 0x0000000708c00000| Untracked 
|  44|0x0000000708e00000, 0x0000000708e00000, 0x0000000709000000|  0%| F|  |TAMS 0x0000000708e00000, 0x0000000708e00000| Untracked 
|  45|0x0000000709000000, 0x0000000709000000, 0x0000000709200000|  0%| F|  |TAMS 0x0000000709000000, 0x0000000709000000| Untracked 
|  46|0x0000000709200000, 0x0000000709200000, 0x0000000709400000|  0%| F|  |TAMS 0x0000000709200000, 0x0000000709200000| Untracked 
|  47|0x0000000709400000, 0x0000000709400000, 0x0000000709600000|  0%| F|  |TAMS 0x0000000709400000, 0x0000000709400000| Untracked 
|  48|0x0000000709600000, 0x0000000709600000, 0x0000000709800000|  0%| F|  |TAMS 0x0000000709600000, 0x0000000709600000| Untracked 
|  49|0x0000000709800000, 0x0000000709800000, 0x0000000709a00000|  0%| F|  |TAMS 0x0000000709800000, 0x0000000709800000| Untracked 
|  50|0x0000000709a00000, 0x0000000709a00000, 0x0000000709c00000|  0%| F|  |TAMS 0x0000000709a00000, 0x0000000709a00000| Untracked 
|  51|0x0000000709c00000, 0x0000000709c00000, 0x0000000709e00000|  0%| F|  |TAMS 0x0000000709c00000, 0x0000000709c00000| Untracked 
|  52|0x0000000709e00000, 0x0000000709e00000, 0x000000070a000000|  0%| F|  |TAMS 0x0000000709e00000, 0x0000000709e00000| Untracked 
|  53|0x000000070a000000, 0x000000070a000000, 0x000000070a200000|  0%| F|  |TAMS 0x000000070a000000, 0x000000070a000000| Untracked 
|  54|0x000000070a200000, 0x000000070a200000, 0x000000070a400000|  0%| F|  |TAMS 0x000000070a200000, 0x000000070a200000| Untracked 
|  55|0x000000070a400000, 0x000000070a400000, 0x000000070a600000|  0%| F|  |TAMS 0x000000070a400000, 0x000000070a400000| Untracked 
|  56|0x000000070a600000, 0x000000070a600000, 0x000000070a800000|  0%| F|  |TAMS 0x000000070a600000, 0x000000070a600000| Untracked 
|  57|0x000000070a800000, 0x000000070a800000, 0x000000070aa00000|  0%| F|  |TAMS 0x000000070a800000, 0x000000070a800000| Untracked 
|  58|0x000000070aa00000, 0x000000070aa00000, 0x000000070ac00000|  0%| F|  |TAMS 0x000000070aa00000, 0x000000070aa00000| Untracked 
|  59|0x000000070ac00000, 0x000000070ac00000, 0x000000070ae00000|  0%| F|  |TAMS 0x000000070ac00000, 0x000000070ac00000| Untracked 
|  60|0x000000070ae00000, 0x000000070ae00000, 0x000000070b000000|  0%| F|  |TAMS 0x000000070ae00000, 0x000000070ae00000| Untracked 
|  61|0x000000070b000000, 0x000000070b000000, 0x000000070b200000|  0%| F|  |TAMS 0x000000070b000000, 0x000000070b000000| Untracked 
|  62|0x000000070b200000, 0x000000070b200000, 0x000000070b400000|  0%| F|  |TAMS 0x000000070b200000, 0x000000070b200000| Untracked 
|  63|0x000000070b400000, 0x000000070b400000, 0x000000070b600000|  0%| F|  |TAMS 0x000000070b400000, 0x000000070b400000| Untracked 
|  64|0x000000070b600000, 0x000000070b600000, 0x000000070b800000|  0%| F|  |TAMS 0x000000070b600000, 0x000000070b600000| Untracked 
|  65|0x000000070b800000, 0x000000070b800000, 0x000000070ba00000|  0%| F|  |TAMS 0x000000070b800000, 0x000000070b800000| Untracked 
|  66|0x000000070ba00000, 0x000000070ba00000, 0x000000070bc00000|  0%| F|  |TAMS 0x000000070ba00000, 0x000000070ba00000| Untracked 
|  67|0x000000070bc00000, 0x000000070bc00000, 0x000000070be00000|  0%| F|  |TAMS 0x000000070bc00000, 0x000000070bc00000| Untracked 
|  68|0x000000070be00000, 0x000000070be00000, 0x000000070c000000|  0%| F|  |TAMS 0x000000070be00000, 0x000000070be00000| Untracked 
|  69|0x000000070c000000, 0x000000070c000000, 0x000000070c200000|  0%| F|  |TAMS 0x000000070c000000, 0x000000070c000000| Untracked 
|  70|0x000000070c200000, 0x000000070c200000, 0x000000070c400000|  0%| F|  |TAMS 0x000000070c200000, 0x000000070c200000| Untracked 
|  71|0x000000070c400000, 0x000000070c400000, 0x000000070c600000|  0%| F|  |TAMS 0x000000070c400000, 0x000000070c400000| Untracked 
|  72|0x000000070c600000, 0x000000070c600000, 0x000000070c800000|  0%| F|  |TAMS 0x000000070c600000, 0x000000070c600000| Untracked 
|  73|0x000000070c800000, 0x000000070c800000, 0x000000070ca00000|  0%| F|  |TAMS 0x000000070c800000, 0x000000070c800000| Untracked 
|  74|0x000000070ca00000, 0x000000070ca00000, 0x000000070cc00000|  0%| F|  |TAMS 0x000000070ca00000, 0x000000070ca00000| Untracked 
|  75|0x000000070cc00000, 0x000000070cc00000, 0x000000070ce00000|  0%| F|  |TAMS 0x000000070cc00000, 0x000000070cc00000| Untracked 
|  76|0x000000070ce00000, 0x000000070ce00000, 0x000000070d000000|  0%| F|  |TAMS 0x000000070ce00000, 0x000000070ce00000| Untracked 
|  77|0x000000070d000000, 0x000000070d000000, 0x000000070d200000|  0%| F|  |TAMS 0x000000070d000000, 0x000000070d000000| Untracked 
|  78|0x000000070d200000, 0x000000070d200000, 0x000000070d400000|  0%| F|  |TAMS 0x000000070d200000, 0x000000070d200000| Untracked 
|  79|0x000000070d400000, 0x000000070d400000, 0x000000070d600000|  0%| F|  |TAMS 0x000000070d400000, 0x000000070d400000| Untracked 
|  80|0x000000070d600000, 0x000000070d600000, 0x000000070d800000|  0%| F|  |TAMS 0x000000070d600000, 0x000000070d600000| Untracked 
|  81|0x000000070d800000, 0x000000070d800000, 0x000000070da00000|  0%| F|  |TAMS 0x000000070d800000, 0x000000070d800000| Untracked 
|  82|0x000000070da00000, 0x000000070da00000, 0x000000070dc00000|  0%| F|  |TAMS 0x000000070da00000, 0x000000070da00000| Untracked 
|  83|0x000000070dc00000, 0x000000070dc00000, 0x000000070de00000|  0%| F|  |TAMS 0x000000070dc00000, 0x000000070dc00000| Untracked 
|  84|0x000000070de00000, 0x000000070de00000, 0x000000070e000000|  0%| F|  |TAMS 0x000000070de00000, 0x000000070de00000| Untracked 
|  85|0x000000070e000000, 0x000000070e000000, 0x000000070e200000|  0%| F|  |TAMS 0x000000070e000000, 0x000000070e000000| Untracked 
|  86|0x000000070e200000, 0x000000070e200000, 0x000000070e400000|  0%| F|  |TAMS 0x000000070e200000, 0x000000070e200000| Untracked 
|  87|0x000000070e400000, 0x000000070e400000, 0x000000070e600000|  0%| F|  |TAMS 0x000000070e400000, 0x000000070e400000| Untracked 
|  88|0x000000070e600000, 0x000000070e600000, 0x000000070e800000|  0%| F|  |TAMS 0x000000070e600000, 0x000000070e600000| Untracked 
|  89|0x000000070e800000, 0x000000070e800000, 0x000000070ea00000|  0%| F|  |TAMS 0x000000070e800000, 0x000000070e800000| Untracked 
|  90|0x000000070ea00000, 0x000000070ea00000, 0x000000070ec00000|  0%| F|  |TAMS 0x000000070ea00000, 0x000000070ea00000| Untracked 
|  91|0x000000070ec00000, 0x000000070ec00000, 0x000000070ee00000|  0%| F|  |TAMS 0x000000070ec00000, 0x000000070ec00000| Untracked 
|  92|0x000000070ee00000, 0x000000070ee00000, 0x000000070f000000|  0%| F|  |TAMS 0x000000070ee00000, 0x000000070ee00000| Untracked 
|  93|0x000000070f000000, 0x000000070f000000, 0x000000070f200000|  0%| F|  |TAMS 0x000000070f000000, 0x000000070f000000| Untracked 
|  94|0x000000070f200000, 0x000000070f200000, 0x000000070f400000|  0%| F|  |TAMS 0x000000070f200000, 0x000000070f200000| Untracked 
|  95|0x000000070f400000, 0x000000070f400000, 0x000000070f600000|  0%| F|  |TAMS 0x000000070f400000, 0x000000070f400000| Untracked 
|  96|0x000000070f600000, 0x000000070f600000, 0x000000070f800000|  0%| F|  |TAMS 0x000000070f600000, 0x000000070f600000| Untracked 
|  97|0x000000070f800000, 0x000000070f800000, 0x000000070fa00000|  0%| F|  |TAMS 0x000000070f800000, 0x000000070f800000| Untracked 
|  98|0x000000070fa00000, 0x000000070fa00000, 0x000000070fc00000|  0%| F|  |TAMS 0x000000070fa00000, 0x000000070fa00000| Untracked 
|  99|0x000000070fc00000, 0x000000070fc00000, 0x000000070fe00000|  0%| F|  |TAMS 0x000000070fc00000, 0x000000070fc00000| Untracked 
| 100|0x000000070fe00000, 0x000000070fe00000, 0x0000000710000000|  0%| F|  |TAMS 0x000000070fe00000, 0x000000070fe00000| Untracked 
| 101|0x0000000710000000, 0x0000000710000000, 0x0000000710200000|  0%| F|  |TAMS 0x0000000710000000, 0x0000000710000000| Untracked 
| 102|0x0000000710200000, 0x0000000710200000, 0x0000000710400000|  0%| F|  |TAMS 0x0000000710200000, 0x0000000710200000| Untracked 
| 103|0x0000000710400000, 0x0000000710400000, 0x0000000710600000|  0%| F|  |TAMS 0x0000000710400000, 0x0000000710400000| Untracked 
| 104|0x0000000710600000, 0x0000000710600000, 0x0000000710800000|  0%| F|  |TAMS 0x0000000710600000, 0x0000000710600000| Untracked 
| 105|0x0000000710800000, 0x0000000710800000, 0x0000000710a00000|  0%| F|  |TAMS 0x0000000710800000, 0x0000000710800000| Untracked 
| 106|0x0000000710a00000, 0x0000000710a00000, 0x0000000710c00000|  0%| F|  |TAMS 0x0000000710a00000, 0x0000000710a00000| Untracked 
| 107|0x0000000710c00000, 0x0000000710c00000, 0x0000000710e00000|  0%| F|  |TAMS 0x0000000710c00000, 0x0000000710c00000| Untracked 
| 108|0x0000000710e00000, 0x0000000710e00000, 0x0000000711000000|  0%| F|  |TAMS 0x0000000710e00000, 0x0000000710e00000| Untracked 
| 109|0x0000000711000000, 0x0000000711000000, 0x0000000711200000|  0%| F|  |TAMS 0x0000000711000000, 0x0000000711000000| Untracked 
| 110|0x0000000711200000, 0x0000000711200000, 0x0000000711400000|  0%| F|  |TAMS 0x0000000711200000, 0x0000000711200000| Untracked 
| 111|0x0000000711400000, 0x0000000711400000, 0x0000000711600000|  0%| F|  |TAMS 0x0000000711400000, 0x0000000711400000| Untracked 
| 112|0x0000000711600000, 0x0000000711600000, 0x0000000711800000|  0%| F|  |TAMS 0x0000000711600000, 0x0000000711600000| Untracked 
| 113|0x0000000711800000, 0x0000000711800000, 0x0000000711a00000|  0%| F|  |TAMS 0x0000000711800000, 0x0000000711800000| Untracked 
| 114|0x0000000711a00000, 0x0000000711a00000, 0x0000000711c00000|  0%| F|  |TAMS 0x0000000711a00000, 0x0000000711a00000| Untracked 
| 115|0x0000000711c00000, 0x0000000711c00000, 0x0000000711e00000|  0%| F|  |TAMS 0x0000000711c00000, 0x0000000711c00000| Untracked 
| 116|0x0000000711e00000, 0x0000000711e71290, 0x0000000712000000| 22%| E|  |TAMS 0x0000000711e00000, 0x0000000711e00000| Complete 
| 117|0x0000000712000000, 0x0000000712200000, 0x0000000712200000|100%| E|CS|TAMS 0x0000000712000000, 0x0000000712000000| Complete 
| 118|0x0000000712200000, 0x0000000712400000, 0x0000000712400000|100%| E|CS|TAMS 0x0000000712200000, 0x0000000712200000| Complete 
| 119|0x0000000712400000, 0x0000000712600000, 0x0000000712600000|100%| E|CS|TAMS 0x0000000712400000, 0x0000000712400000| Complete 
| 120|0x0000000712600000, 0x0000000712800000, 0x0000000712800000|100%| E|CS|TAMS 0x0000000712600000, 0x0000000712600000| Complete 
| 121|0x0000000712800000, 0x0000000712a00000, 0x0000000712a00000|100%| E|CS|TAMS 0x0000000712800000, 0x0000000712800000| Complete 
| 122|0x0000000712a00000, 0x0000000712c00000, 0x0000000712c00000|100%| E|CS|TAMS 0x0000000712a00000, 0x0000000712a00000| Complete 
| 123|0x0000000712c00000, 0x0000000712e00000, 0x0000000712e00000|100%| E|CS|TAMS 0x0000000712c00000, 0x0000000712c00000| Complete 
| 124|0x0000000712e00000, 0x0000000713000000, 0x0000000713000000|100%| E|  |TAMS 0x0000000712e00000, 0x0000000712e00000| Complete 
| 125|0x0000000713000000, 0x0000000713200000, 0x0000000713200000|100%| E|CS|TAMS 0x0000000713000000, 0x0000000713000000| Complete 
| 126|0x0000000713200000, 0x0000000713400000, 0x0000000713400000|100%| E|CS|TAMS 0x0000000713200000, 0x0000000713200000| Complete 

Card table byte_map: [0x000001aad9aa0000,0x000001aada290000] _byte_map_base: 0x000001aad6285000

Marking Bits (Prev, Next): (CMBitMap*) 0x000001aace95b220, (CMBitMap*) 0x000001aace95b260
 Prev Bits: [0x000001aadaa80000, 0x000001aade9a8000)
 Next Bits: [0x000001aade9b0000, 0x000001aae28d8000)

Polling page: 0x000001aacc820000

Metaspace:

Usage:
  Non-class:      5.03 MB used.
      Class:    724.62 KB used.
       Both:      5.74 MB used.

Virtual space:
  Non-class space:       64.00 MB reserved,       5.12 MB (  8%) committed,  1 nodes.
      Class space:        1.00 GB reserved,     832.00 KB ( <1%) committed,  1 nodes.
             Both:        1.06 GB reserved,       5.94 MB ( <1%) committed. 

Chunk freelists:
   Non-Class:  10.00 MB
       Class:  15.11 MB
        Both:  25.11 MB

MaxMetaspaceSize: unlimited
CompressedClassSpaceSize: 1.00 GB
Initial GC threshold: 21.00 MB
Current GC threshold: 21.00 MB
CDS: on
MetaspaceReclaimPolicy: balanced
 - commit_granule_bytes: 65536.
 - commit_granule_words: 8192.
 - virtual_space_node_default_size: 8388608.
 - enlarge_chunks_in_place: 1.
 - new_chunks_are_fully_committed: 0.
 - uncommit_free_chunks: 1.
 - use_allocation_guard: 0.
 - handle_deallocations: 1.


Internal statistics:

num_allocs_failed_limit: 0.
num_arena_births: 108.
num_arena_deaths: 0.
num_vsnodes_births: 2.
num_vsnodes_deaths: 0.
num_space_committed: 95.
num_space_uncommitted: 0.
num_chunks_returned_to_freelist: 0.
num_chunks_taken_from_freelist: 170.
num_chunk_merges: 0.
num_chunk_splits: 116.
num_chunks_enlarged: 73.
num_inconsistent_stats: 0.

CodeCache: size=49152Kb used=3731Kb max_used=3731Kb free=45420Kb
 bounds [0x000001aad6190000, 0x000001aad6540000, 0x000001aad9190000]
 total_blobs=1477 nmethods=1023 adapters=380
 compilation: disabled (not enough contiguous free space left)
              stopped_count=1, restarted_count=0
 full_count=1

Compilation events (20 events):
Event: 0.449 Thread 0x000001aae538b980 nmethod 997 0x000001aad6529910 code [0x000001aad6529ae0, 0x000001aad6529f18]
Event: 0.449 Thread 0x000001aae53bf8b0  999       1       java.util.zip.ZipFile$InflaterCleanupAction::<init> (15 bytes)
Event: 0.449 Thread 0x000001aae5d8d700 nmethod 996 0x000001aad652a090 code [0x000001aad652a280, 0x000001aad652a888]
Event: 0.449 Thread 0x000001aae53bf8b0 nmethod 999 0x000001aad652aa90 code [0x000001aad652ac20, 0x000001aad652ad98]
Event: 0.449 Thread 0x000001aae53bf8b0 1000       1       java.util.ImmutableCollections$List12::size (16 bytes)
Event: 0.449 Thread 0x000001aae53bf8b0 nmethod 1000 0x000001aad652ae10 code [0x000001aad652afa0, 0x000001aad652b098]
Event: 0.449 Thread 0x000001aae53bf8b0 1001       1       java.lang.invoke.InvokerBytecodeGenerator::getInternalName (103 bytes)
Event: 0.449 Thread 0x000001aae53bf8b0 nmethod 1001 0x000001aad652b110 code [0x000001aad652b300, 0x000001aad652b658]
Event: 0.450 Thread 0x000001aae53bf8b0 1005       1       jdk.internal.org.objectweb.asm.MethodWriter::endCurrentBasicBlockWithNoSuccessor (94 bytes)
Event: 0.450 Thread 0x000001aae53bf8b0 nmethod 1005 0x000001aad652cf90 code [0x000001aad652d160, 0x000001aad652d5c8]
Event: 0.450 Thread 0x000001aae53bf8b0 1008       1       jdk.internal.org.objectweb.asm.SymbolTable::addTypeInternal (85 bytes)
Event: 0.450 Thread 0x000001aae5d8d700 1009       1       jdk.internal.org.objectweb.asm.MethodWriter::visitTypeInsn (116 bytes)
Event: 0.450 Thread 0x000001aae5d8d700 nmethod 1009 0x000001aad652d710 code [0x000001aad652d8e0, 0x000001aad652db08]
Event: 0.450 Thread 0x000001aae53bf8b0 nmethod 1008 0x000001aad652dc90 code [0x000001aad652de60, 0x000001aad652e338]
Event: 0.450 Thread 0x000001aae53bf8b0 1010   !   1       java.lang.invoke.MemberName::getFieldType (176 bytes)
Event: 0.451 Thread 0x000001aae538b980 1011       1       java.util.Arrays::copyOf (10 bytes)
Event: 0.451 Thread 0x000001aae538b980 nmethod 1011 0x000001aad652e510 code [0x000001aad652e6a0, 0x000001aad652e788]
Event: 0.451 Thread 0x000001aae538b980 1012       1       jdk.internal.org.objectweb.asm.Type::getReturnTypeOffset (64 bytes)
Event: 0.451 Thread 0x000001aae53bf8b0 nmethod 1010 0x000001aad652e810 code [0x000001aad652ea60, 0x000001aad652f2d8]
Event: 0.451 Thread 0x000001aae538b980 nmethod 1012 0x000001aad652fd90 code [0x000001aad652ffa0, 0x000001aad6530598]

GC Heap History (0 events):
No events

Deoptimization events (0 events):
No events

Classes unloaded (0 events):
No events

Classes redefined (0 events):
No events

Internal exceptions (15 events):
Event: 0.224 Thread 0x000001aae57ee9a0 Exception <a 'java/lang/NoSuchMethodError'{0x00000007128ee330}: 'java.lang.Object java.lang.invoke.DirectMethodHandle$Holder.invokeStaticInit(java.lang.Object)'> (0x00000007128ee330) 
thrown [s\open\src\hotspot\share\interpreter\linkResolver.cpp, line 759]
Event: 0.228 Thread 0x000001aae57ee9a0 Exception <a 'java/lang/NoSuchMethodError'{0x00000007128fc130}: 'void java.lang.invoke.DirectMethodHandle$Holder.invokeStatic(java.lang.Object, java.lang.Object)'> (0x00000007128fc130) 
thrown [s\open\src\hotspot\share\interpreter\linkResolver.cpp, line 759]
Event: 0.248 Thread 0x000001aace8ee330 Exception <a 'java/lang/NoSuchMethodError'{0x00000007129888e8}: 'int java.lang.invoke.DirectMethodHandle$Holder.invokeInterface(java.lang.Object, java.lang.Object)'> (0x00000007129888e8) 
thrown [s\open\src\hotspot\share\interpreter\linkResolver.cpp, line 759]
Event: 0.248 Thread 0x000001aace8ee330 Exception <a 'java/lang/IncompatibleClassChangeError'{0x000000071298bee8}: Found class java.lang.Object, but interface was expected> (0x000000071298bee8) 
thrown [s\open\src\hotspot\share\interpreter\linkResolver.cpp, line 826]
Event: 0.276 Thread 0x000001aace8ee330 Exception <a 'java/lang/NoSuchMethodError'{0x0000000712657740}: 'int java.lang.invoke.DirectMethodHandle$Holder.invokeSpecial(java.lang.Object, java.lang.Object, java.lang.Object)'> (0x0000000712657740) 
thrown [s\open\src\hotspot\share\interpreter\linkResolver.cpp, line 759]
Event: 0.301 Thread 0x000001aace8ee330 Exception <a 'java/lang/NoSuchMethodError'{0x0000000712752340}: 'void java.lang.invoke.DirectMethodHandle$Holder.invokeStatic(java.lang.Object, java.lang.Object, java.lang.Object)'> (0x0000000712752340) 
thrown [s\open\src\hotspot\share\interpreter\linkResolver.cpp, line 759]
Event: 0.306 Thread 0x000001aace8ee330 Exception <a 'java/lang/NoSuchMethodError'{0x000000071278f008}: 'int java.lang.invoke.DirectMethodHandle$Holder.invokeSpecialIFC(java.lang.Object, java.lang.Object, java.lang.Object)'> (0x000000071278f008) 
thrown [s\open\src\hotspot\share\interpreter\linkResolver.cpp, line 759]
Event: 0.325 Thread 0x000001aace8ee330 Exception <a 'java/lang/NoSuchMethodError'{0x0000000712406038}: 'java.lang.Object java.lang.invoke.DirectMethodHandle$Holder.invokeStaticInit(java.lang.Object, int, int, int, int)'> (0x0000000712406038) 
thrown [s\open\src\hotspot\share\interpreter\linkResolver.cpp, line 759]
Event: 0.371 Thread 0x000001aace8ee330 Exception <a 'java/lang/NoSuchMethodError'{0x0000000712487920}: 'java.lang.Object java.lang.invoke.DirectMethodHandle$Holder.invokeStaticInit(java.lang.Object, java.lang.Object, int, int, int, int)'> (0x0000000712487920) 
thrown [s\open\src\hotspot\share\interpreter\linkResolver.cpp, line 759]
Event: 0.382 Thread 0x000001aace8ee330 Exception <a 'java/lang/ClassNotFoundException'{0x00000007124a5df0}: javax/management/remote/rmi/RMIServerImpl_Skel> (0x00000007124a5df0) 
thrown [s\open\src\hotspot\share\classfile\systemDictionary.cpp, line 256]
Event: 0.439 Thread 0x000001aace8ee330 Exception <a 'java/lang/ClassNotFoundException'{0x00000007123a3828}: javax/smartcardio/CardPermission> (0x00000007123a3828) 
thrown [s\open\src\hotspot\share\classfile\systemDictionary.cpp, line 256]
Event: 0.442 Thread 0x000001aace8ee330 Exception <a 'java/io/FileNotFoundException'{0x00000007123b1908}> (0x00000007123b1908) 
thrown [s\open\src\hotspot\share\prims\jni.cpp, line 516]
Event: 0.453 Thread 0x000001aace8ee330 Exception <a 'java/lang/NoSuchMethodError'{0x000000071200f3c0}: 'java.lang.Object java.lang.invoke.DirectMethodHandle$Holder.invokeSpecial(java.lang.Object, java.lang.Object, java.lang.Object, long, java.lang.Object)'> (0x000000071200f3c0) 
thrown [s\open\src\hotspot\share\interpreter\linkResolver.cpp, line 759]
Event: 0.454 Thread 0x000001aace8ee330 Exception <a 'java/lang/NoSuchMethodError'{0x0000000712012f90}: 'java.lang.Object java.lang.invoke.Invokers$Holder.linkToTargetMethod(java.lang.Object, long, java.lang.Object, java.lang.Object)'> (0x0000000712012f90) 
thrown [s\open\src\hotspot\share\interpreter\linkResolver.cpp, line 759]
Event: 0.493 Thread 0x000001aace8ee330 Exception <a 'java/lang/NoSuchMethodError'{0x00000007121f43b8}: 'void java.lang.invoke.DirectMethodHandle$Holder.invokeStatic(java.lang.Object, java.lang.Object, java.lang.Object, java.lang.Object)'> (0x00000007121f43b8) 
thrown [s\open\src\hotspot\share\interpreter\linkResolver.cpp, line 759]

VM Operations (16 events):
Event: 0.135 Executing VM operation: HandshakeAllThreads
Event: 0.135 Executing VM operation: HandshakeAllThreads done
Event: 0.223 Executing VM operation: HandshakeAllThreads
Event: 0.223 Executing VM operation: HandshakeAllThreads done
Event: 0.251 Executing VM operation: HandshakeAllThreads
Event: 0.251 Executing VM operation: HandshakeAllThreads done
Event: 0.252 Executing VM operation: HandshakeAllThreads
Event: 0.252 Executing VM operation: HandshakeAllThreads done
Event: 0.314 Executing VM operation: HandshakeAllThreads
Event: 0.314 Executing VM operation: HandshakeAllThreads done
Event: 0.393 Executing VM operation: HandshakeAllThreads
Event: 0.393 Executing VM operation: HandshakeAllThreads done
Event: 0.417 Executing VM operation: HandshakeAllThreads
Event: 0.417 Executing VM operation: HandshakeAllThreads done
Event: 0.421 Executing VM operation: HandshakeAllThreads
Event: 0.421 Executing VM operation: HandshakeAllThreads done

Events (20 events):
Event: 0.468 loading class java/time/zone/Ser
Event: 0.468 loading class java/time/zone/Ser done
Event: 0.468 loading class java/time/zone/ZoneOffsetTransition
Event: 0.468 loading class java/time/zone/ZoneOffsetTransition done
Event: 0.471 loading class java/util/concurrent/atomic/AtomicReference
Event: 0.471 loading class java/util/concurrent/atomic/AtomicReference done
Event: 0.473 loading class java/lang/NumberFormatException
Event: 0.473 loading class java/lang/NumberFormatException done
Event: 0.478 loading class java/util/concurrent/TimeoutException
Event: 0.478 loading class java/util/concurrent/TimeoutException done
Event: 0.483 loading class java/lang/IllegalAccessError
Event: 0.483 loading class java/lang/IllegalAccessError done
Event: 0.488 loading class java/util/IdentityHashMap$EntrySet
Event: 0.488 loading class java/util/IdentityHashMap$EntrySet done
Event: 0.488 loading class java/util/IdentityHashMap$EntryIterator
Event: 0.488 loading class java/util/IdentityHashMap$EntryIterator done
Event: 0.488 loading class java/util/IdentityHashMap$EntryIterator$Entry
Event: 0.488 loading class java/util/IdentityHashMap$EntryIterator$Entry done
Event: 0.489 loading class java/util/IdentityHashMap$ValueIterator
Event: 0.489 loading class java/util/IdentityHashMap$ValueIterator done


Dynamic libraries:
0x00007ff6cf830000 - 0x00007ff6cf840000 	D:\jdk17\bin\java.exe
0x00007ffee7e30000 - 0x00007ffee8047000 	C:\WINDOWS\SYSTEM32\ntdll.dll
0x00007ffee7090000 - 0x00007ffee7154000 	C:\WINDOWS\System32\KERNEL32.DLL
0x00007ffee5140000 - 0x00007ffee5511000 	C:\WINDOWS\System32\KERNELBASE.dll
0x00007ffee59e0000 - 0x00007ffee5af1000 	C:\WINDOWS\System32\ucrtbase.dll
0x00007ffec0600000 - 0x00007ffec0619000 	D:\jdk17\bin\jli.dll
0x00007ffeb1260000 - 0x00007ffeb127b000 	D:\jdk17\bin\VCRUNTIME140.dll
0x00007ffee6ed0000 - 0x00007ffee6f81000 	C:\WINDOWS\System32\ADVAPI32.dll
0x00007ffee7170000 - 0x00007ffee7217000 	C:\WINDOWS\System32\msvcrt.dll
0x00007ffee7380000 - 0x00007ffee7427000 	C:\WINDOWS\System32\sechost.dll
0x00007ffee4f70000 - 0x00007ffee4f98000 	C:\WINDOWS\System32\bcrypt.dll
0x00007ffee78b0000 - 0x00007ffee79c4000 	C:\WINDOWS\System32\RPCRT4.dll
0x00007ffee7c30000 - 0x00007ffee7de1000 	C:\WINDOWS\System32\USER32.dll
0x00007ffee5720000 - 0x00007ffee5746000 	C:\WINDOWS\System32\win32u.dll
0x00007ffee5b60000 - 0x00007ffee5b89000 	C:\WINDOWS\System32\GDI32.dll
0x00007ffee58c0000 - 0x00007ffee59db000 	C:\WINDOWS\System32\gdi32full.dll
0x00007ffee5020000 - 0x00007ffee50ba000 	C:\WINDOWS\System32\msvcp_win.dll
0x00007ffebfbb0000 - 0x00007ffebfe42000 	C:\WINDOWS\WinSxS\amd64_microsoft.windows.common-controls_6595b64144ccf1df_6.0.22621.4830_none_270fe7d773858e80\COMCTL32.dll
0x00007ffec7fc0000 - 0x00007ffec7fca000 	C:\WINDOWS\SYSTEM32\VERSION.dll
0x00007ffee5b00000 - 0x00007ffee5b31000 	C:\WINDOWS\System32\IMM32.DLL
0x00007ffece8c0000 - 0x00007ffece8cc000 	D:\jdk17\bin\vcruntime140_1.dll
0x00007ffe7ef90000 - 0x00007ffe7f01e000 	D:\jdk17\bin\msvcp140.dll
0x00007ffe75690000 - 0x00007ffe76270000 	D:\jdk17\bin\server\jvm.dll
0x00007ffee5da0000 - 0x00007ffee5da8000 	C:\WINDOWS\System32\PSAPI.DLL
0x00007ffedb790000 - 0x00007ffedb7c4000 	C:\WINDOWS\SYSTEM32\WINMM.dll
0x00007ffec0e10000 - 0x00007ffec0e19000 	C:\WINDOWS\SYSTEM32\WSOCK32.dll
0x00007ffee65c0000 - 0x00007ffee6631000 	C:\WINDOWS\System32\WS2_32.dll
0x00007ffee40b0000 - 0x00007ffee40c8000 	C:\WINDOWS\SYSTEM32\kernel.appcore.dll
0x00007ffebf590000 - 0x00007ffebf59a000 	D:\jdk17\bin\jimage.dll
0x00007ffee2580000 - 0x00007ffee27b2000 	C:\WINDOWS\SYSTEM32\DBGHELP.DLL
0x00007ffee61d0000 - 0x00007ffee6560000 	C:\WINDOWS\System32\combase.dll
0x00007ffee5fe0000 - 0x00007ffee60b7000 	C:\WINDOWS\System32\OLEAUT32.dll
0x00007ffec7070000 - 0x00007ffec70a2000 	C:\WINDOWS\SYSTEM32\dbgcore.DLL
0x00007ffee50c0000 - 0x00007ffee513b000 	C:\WINDOWS\System32\bcryptPrimitives.dll
0x00007ffecf250000 - 0x00007ffecf25e000 	D:\jdk17\bin\instrument.dll
0x00007ffe9f930000 - 0x00007ffe9f955000 	D:\jdk17\bin\java.dll
0x00007ffe7eeb0000 - 0x00007ffe7ef87000 	D:\jdk17\bin\jsvml.dll
0x00007ffee6640000 - 0x00007ffee6ec8000 	C:\WINDOWS\System32\SHELL32.dll
0x00007ffee5520000 - 0x00007ffee565f000 	C:\WINDOWS\System32\wintypes.dll
0x00007ffee2ee0000 - 0x00007ffee37ed000 	C:\WINDOWS\SYSTEM32\windows.storage.dll
0x00007ffee79d0000 - 0x00007ffee7ada000 	C:\WINDOWS\System32\SHCORE.dll
0x00007ffee6560000 - 0x00007ffee65be000 	C:\WINDOWS\System32\shlwapi.dll
0x00007ffee4ea0000 - 0x00007ffee4ecb000 	C:\WINDOWS\SYSTEM32\profapi.dll
0x00007ffea00e0000 - 0x00007ffea00f8000 	D:\jdk17\bin\zip.dll
0x00007ffec7e00000 - 0x00007ffec7e19000 	D:\jdk17\bin\net.dll
0x00007ffedca60000 - 0x00007ffedcb8c000 	C:\WINDOWS\SYSTEM32\WINHTTP.dll
0x00007ffee4520000 - 0x00007ffee458a000 	C:\WINDOWS\system32\mswsock.dll
0x00007ffec0630000 - 0x00007ffec0646000 	D:\jdk17\bin\nio.dll
0x00007ffeb11e0000 - 0x00007ffeb11fa000 	D:\IntelliJ IDEA 2024.2.1\bin\breakgen64.dll
0x00007ffecbb50000 - 0x00007ffecbb9b000 	C:\Program Files (x86)\Sangfor\SSL\ClientComponent\SangforNspX64.dll
0x00007ffee5bf0000 - 0x00007ffee5d91000 	C:\WINDOWS\System32\ole32.dll
0x00007ffee3b30000 - 0x00007ffee3c32000 	C:\WINDOWS\SYSTEM32\DNSAPI.dll
0x00007ffee3ac0000 - 0x00007ffee3aed000 	C:\WINDOWS\SYSTEM32\IPHLPAPI.DLL
0x00007ffee7160000 - 0x00007ffee7169000 	C:\WINDOWS\System32\NSI.dll
0x00007ffed8db0000 - 0x00007ffed8dba000 	C:\Windows\System32\rasadhlp.dll
0x00007ffed9e70000 - 0x00007ffed9ef3000 	C:\WINDOWS\System32\fwpuclnt.dll
0x00007ffec7e20000 - 0x00007ffec7e2a000 	D:\jdk17\bin\management.dll
0x00007ffec05f0000 - 0x00007ffec05fb000 	D:\jdk17\bin\management_ext.dll
0x00007ffee4770000 - 0x00007ffee478b000 	C:\WINDOWS\SYSTEM32\CRYPTSP.dll
0x00007ffee4010000 - 0x00007ffee4047000 	C:\WINDOWS\system32\rsaenh.dll
0x00007ffee4610000 - 0x00007ffee4638000 	C:\WINDOWS\SYSTEM32\USERENV.dll
0x00007ffee4790000 - 0x00007ffee479c000 	C:\WINDOWS\SYSTEM32\CRYPTBASE.dll
0x00007ffedb4a0000 - 0x00007ffedb4b9000 	C:\WINDOWS\SYSTEM32\dhcpcsvc6.DLL
0x00007ffedb480000 - 0x00007ffedb49f000 	C:\WINDOWS\SYSTEM32\dhcpcsvc.DLL
0x00007ffecb3c0000 - 0x00007ffecb3d7000 	C:\WINDOWS\system32\napinsp.dll
0x00007ffecb3a0000 - 0x00007ffecb3bb000 	C:\WINDOWS\system32\pnrpnsp.dll
0x00007ffecb180000 - 0x00007ffecb191000 	C:\WINDOWS\System32\winrnr.dll
0x00007ffed95d0000 - 0x00007ffed95e5000 	C:\WINDOWS\system32\wshbth.dll
0x00007ffecb100000 - 0x00007ffecb127000 	C:\WINDOWS\system32\nlansp_c.dll

dbghelp: loaded successfully - version: 4.0.5 - missing functions: none
symbol engine: initialized successfully - sym options: 0x614 - pdb path: .;D:\jdk17\bin;C:\WINDOWS\SYSTEM32;C:\WINDOWS\WinSxS\amd64_microsoft.windows.common-controls_6595b64144ccf1df_6.0.22621.4830_none_270fe7d773858e80;D:\jdk17\bin\server;D:\IntelliJ IDEA 2024.2.1\bin;C:\Program Files (x86)\Sangfor\SSL\ClientComponent

VM Arguments:
jvm_args: -XX:TieredStopAtLevel=1 -Dspring.output.ansi.enabled=always -Dcom.sun.management.jmxremote -Dspring.jmx.enabled=true -Dspring.liveBeansView.mbeanDomain -Dspring.application.admin.enabled=true -Dmanagement.endpoints.jmx.exposure.include=* -javaagent:D:\IntelliJ IDEA 2024.2.1\lib\idea_rt.jar=36454:D:\IntelliJ IDEA 2024.2.1\bin -Dfile.encoding=UTF-8 
java_command: top.cj.gatewayservice.GatewayServiceApplication
java_class_path (initial): D:\MicroService_Learning\gateway-service\target\classes;D:\cj\tools\maven_jar\org\springframework\boot\spring-boot-starter-webflux\3.2.4\spring-boot-starter-webflux-3.2.4.jar;D:\cj\tools\maven_jar\org\springframework\boot\spring-boot-starter\3.2.4\spring-boot-starter-3.2.4.jar;D:\cj\tools\maven_jar\org\springframework\boot\spring-boot\3.2.4\spring-boot-3.2.4.jar;D:\cj\tools\maven_jar\org\springframework\spring-context\6.1.5\spring-context-6.1.5.jar;D:\cj\tools\maven_jar\org\springframework\spring-aop\6.1.5\spring-aop-6.1.5.jar;D:\cj\tools\maven_jar\org\springframework\spring-expression\6.1.5\spring-expression-6.1.5.jar;D:\cj\tools\maven_jar\org\springframework\boot\spring-boot-autoconfigure\3.2.4\spring-boot-autoconfigure-3.2.4.jar;D:\cj\tools\maven_jar\org\springframework\boot\spring-boot-starter-logging\3.2.4\spring-boot-starter-logging-3.2.4.jar;D:\cj\tools\maven_jar\ch\qos\logback\logback-classic\1.4.14\logback-classic-1.4.14.jar;D:\cj\tools\maven_jar\ch\qos\logback\logback-core\1.4.14\logback-core-1.4.14.jar;D:\cj\tools\maven_jar\org\apache\logging\log4j\log4j-to-slf4j\2.21.1\log4j-to-slf4j-2.21.1.jar;D:\cj\tools\maven_jar\org\apache\logging\log4j\log4j-api\2.21.1\log4j-api-2.21.1.jar;D:\cj\tools\maven_jar\org\slf4j\jul-to-slf4j\2.0.12\jul-to-slf4j-2.0.12.jar;D:\cj\tools\maven_jar\jakarta\annotation\jakarta.annotation-api\2.1.1\jakarta.annotation-api-2.1.1.jar;D:\cj\tools\maven_jar\org\yaml\snakeyaml\2.2\snakeyaml-2.2.jar;D:\cj\tools\maven_jar\org\springframework\boot\spring-boot-starter-json\3.2.4\spring-boot-starter-json-3.2.4.jar;D:\cj\tools\maven_jar\com\fasterxml\jackson\core\jackson-databind\2.15.4\jackson-databind-2.15.4.jar;D:\cj\tools\maven_jar\com\fasterxml\jackson\core\jackson-annotations\2.15.4\jackson-annotations-2.15.4.jar;D:\cj\tools\maven_jar\com\fasterxml\jackson\datatype\jackson-datatype-jdk8\2.15.4\jackson-datatype-jdk8-2.15.4.jar;D:\cj\tools\maven_jar\com\fasterxml\jackson\datatype\jackson-datatype-jsr310\2.15.4\
Launcher Type: SUN_STANDARD

[Global flags]
     intx CICompilerCount                          = 4                                         {product} {ergonomic}
     uint ConcGCThreads                            = 2                                         {product} {ergonomic}
     uint G1ConcRefinementThreads                  = 8                                         {product} {ergonomic}
   size_t G1HeapRegionSize                         = 2097152                                   {product} {ergonomic}
    uintx GCDrainStackTargetSize                   = 64                                        {product} {ergonomic}
   size_t InitialHeapSize                          = 266338304                                 {product} {ergonomic}
     bool ManagementServer                         = true                                      {product} {command line}
   size_t MarkStackSize                            = 4194304                                   {product} {ergonomic}
   size_t MaxHeapSize                              = 4238344192                                {product} {ergonomic}
   size_t MaxNewSize                               = 2541748224                                {product} {ergonomic}
   size_t MinHeapDeltaBytes                        = 2097152                                   {product} {ergonomic}
   size_t MinHeapSize                              = 8388608                                   {product} {ergonomic}
    uintx NonProfiledCodeHeapSize                  = 0                                      {pd product} {ergonomic}
     bool ProfileInterpreter                       = false                                  {pd product} {command line}
    uintx ProfiledCodeHeapSize                     = 0                                      {pd product} {ergonomic}
   size_t SoftMaxHeapSize                          = 4238344192                             {manageable} {ergonomic}
     intx TieredStopAtLevel                        = 1                                         {product} {command line}
     bool UseCompressedClassPointers               = true                           {product lp64_product} {ergonomic}
     bool UseCompressedOops                        = true                           {product lp64_product} {ergonomic}
     bool UseG1GC                                  = true                                      {product} {ergonomic}
     bool UseLargePagesIndividualAllocation        = false                                  {pd product} {ergonomic}

Logging:
Log output configuration:
 #0: stdout all=warning uptime,level,tags
 #1: stderr all=off uptime,level,tags

Environment Variables:
JAVA_HOME=D:\openjdk21\jdk-21.0.2
PATH=C:\Program Files\Common Files\Oracle\Java\javapath;D:\\bin\;C:;Program Files (x86)\Common Files\Oracle\Java\javapath;C:\Program Files (x86)\NVIDIA Corporation\PhysX\Common;D:\Java\JDK;C:\WINDOWS\system32;C:\WINDOWS;C:\WINDOWS\System32\Wbem;C:\WINDOWS\System32\WindowsPowerShell\v1.0\;C:\WINDOWS\System32\OpenSSH\;D:\tomcat10\lib;D:\tomcat10\bin;D:\Rational\common;D:\openjdk21\jdk-21.0.2\bin;D:\maven\apache-maven-3.9.9\bin;D:\Git\cmd;D:\nvm;D:\nodejs;D:\redis5;D:\tools;C:\Program Files\Mozilla Firefox;;D:\tools\web\dll;D:\web\dll;C:\Program Files\dotnet\;d:\Trae CN\bin;d:\tools\Trae\bin;D:\Python\Scripts\;D:\Python\;C:\Users\86139\AppData\Local\pnpm;C:\Users\86139\AppData\Local\Microsoft\WindowsApps;D:\Java\JDK;D:\tomcat10\lib;D:\tomcat10\bin;C:\Users\86139\AppData\Roaming\npm;D:\maven\apache-maven-3.9.9\bin;D:\nvm;D:\nodejs;D:\Microsoft VS Code\bin;D:\redis5;
USERNAME=86139
OS=Windows_NT
PROCESSOR_IDENTIFIER=Intel64 Family 6 Model 140 Stepping 2, GenuineIntel



---------------  S Y S T E M  ---------------

OS:
 Windows 11 , 64 bit Build 22621 (10.0.22621.4974)
OS uptime: 0 days 15:40 hours

CPU: total 8 (initial active 8) (4 cores per cpu, 2 threads per core) family 6 model 140 stepping 2 microcode 0x22, cx8, cmov, fxsr, ht, mmx, 3dnowpref, sse, sse2, sse3, ssse3, sse4.1, sse4.2, popcnt, lzcnt, tsc, tscinvbit, avx, avx2, aes, erms, clmul, bmi1, bmi2, adx, avx512f, avx512dq, avx512cd, avx512bw, avx512vl, sha, fma, vzeroupper, avx512_vpopcntdq, avx512_vpclmulqdq, avx512_vaes, avx512_vnni, clflush, clflushopt, clwb, avx512_vbmi2, avx512_vbmi

Memory: 4k page, system-wide physical 16167M (2269M free)
TotalPageFile size 19083M (AvailPageFile size 365M)
current process WorkingSet (physical memory assigned to process): 68M, peak: 68M
current process commit charge ("private bytes"): 353M, peak: 353M

vm_info: Java HotSpot(TM) 64-Bit Server VM (17.0.12+8-LTS-286) for windows-amd64 JRE (17.0.12+8-LTS-286), built on Jun  5 2024 06:46:59 by "mach5one" with MS VC++ 17.6 (VS2022)

END.
